#
# There is insufficient memory for the Java Runtime Environment to continue.
# Native memory allocation (malloc) failed to allocate 315856 bytes for Chunk::new
# Possible reasons:
#   The system is out of physical RAM or swap space
#   The process is running with CompressedOops enabled, and the Java Heap may be blocking the growth of the native heap
# Possible solutions:
#   Reduce memory load on the system
#   Increase physical memory or swap space
#   Check if swap backing store is full
#   Decrease Java heap size (-Xmx/-Xms)
#   Decrease number of Java threads
#   Decrease Java thread stack sizes (-Xss)
#   Set larger code cache with -XX:ReservedCodeCacheSize=
#   JVM is running with Unscaled Compressed Oops mode in which the Java heap is
#     placed in the first 4GB address space. The Java Heap base address is the
#     maximum limit for the native heap growth. Please use -XX:HeapBaseMinAddress
#     to set the Java Heap base and to place the Java Heap above 4GB virtual address.
# This output file may be truncated or incomplete.
#
#  Out of Memory Error (./open/src/hotspot/share/memory/arena.cpp:197), pid=8804, tid=9756
#
# JRE version: Java(TM) SE Runtime Environment 18.9 (11.0.11+9) (build 11.0.11+9-LTS-194)
# Java VM: Java HotSpot(TM) 64-Bit Server VM 18.9 (11.0.11+9-LTS-194, mixed mode, tiered, compressed oops, g1 gc, windows-amd64)
# No core dump will be written. Minidumps are not enabled by default on client versions of Windows
#

---------------  S U M M A R Y ------------

Command Line: -Dfile.encoding=UTF-8 spring.boot.tptRpg.SpringBootTptRpgApplication

Host: Intel(R) Xeon(R) Platinum 8272CL CPU @ 2.60GHz, 2 cores, 7G,  Windows 10 , 64 bit Build 19041 (10.0.19041.1151)
Time: Mon Aug 30 17:19:09 2021 Europe de l’Ouest (heure d’été) elapsed time: 1.199180 seconds (0d 0h 0m 1s)

---------------  T H R E A D  ---------------

Current thread (0x0000023d7ef13800):  JavaThread "C2 CompilerThread0" daemon [_thread_in_native, id=9756, stack(0x000000808ce00000,0x000000808cf00000)]


Current CompileTask:
C2:   1199  571   !   4       jdk.internal.loader.URLClassPath$JarLoader::getResource (65 bytes)

Stack: [0x000000808ce00000,0x000000808cf00000]
Native frames: (J=compiled Java code, j=interpreted, Vv=VM code, C=native code)
V  [jvm.dll+0x616f2a]
V  [jvm.dll+0x74de7f]
V  [jvm.dll+0x74f505]
V  [jvm.dll+0x74fb83]
V  [jvm.dll+0x2436d8]
V  [jvm.dll+0xba68c]
V  [jvm.dll+0xbad8c]
V  [jvm.dll+0x2b3ee4]
V  [jvm.dll+0x52c0f6]
V  [jvm.dll+0x20506d]
V  [jvm.dll+0x1ff0aa]
V  [jvm.dll+0x1fc10f]
V  [jvm.dll+0x17f0bc]
V  [jvm.dll+0x20b68c]
V  [jvm.dll+0x20978b]
V  [jvm.dll+0x7152c9]
V  [jvm.dll+0x70dfc4]
V  [jvm.dll+0x6160f6]
C  [ucrtbase.dll+0x21bb2]
C  [KERNEL32.DLL+0x17034]
C  [ntdll.dll+0x52651]


---------------  P R O C E S S  ---------------

Threads class SMR info:
_java_thread_list=0x0000023d7f9e7dd0, length=10, elements={
0x0000023d78250800, 0x0000023d7eef5800, 0x0000023d7eeff000, 0x0000023d7f8c2800,
0x0000023d7ef13000, 0x0000023d7ef13800, 0x0000023d7f8ee000, 0x0000023d7f8f5000,
0x0000023d7f9ea000, 0x0000023d7f9fd800
}

Java Threads: ( => current thread )
  0x0000023d78250800 JavaThread "main" [_thread_in_Java, id=2332, stack(0x000000808c200000,0x000000808c300000)]
  0x0000023d7eef5800 JavaThread "Reference Handler" daemon [_thread_blocked, id=2176, stack(0x000000808ca00000,0x000000808cb00000)]
  0x0000023d7eeff000 JavaThread "Finalizer" daemon [_thread_blocked, id=7688, stack(0x000000808cb00000,0x000000808cc00000)]
  0x0000023d7f8c2800 JavaThread "Signal Dispatcher" daemon [_thread_blocked, id=7944, stack(0x000000808cc00000,0x000000808cd00000)]
  0x0000023d7ef13000 JavaThread "Attach Listener" daemon [_thread_blocked, id=7392, stack(0x000000808cd00000,0x000000808ce00000)]
=>0x0000023d7ef13800 JavaThread "C2 CompilerThread0" daemon [_thread_in_native, id=9756, stack(0x000000808ce00000,0x000000808cf00000)]
  0x0000023d7f8ee000 JavaThread "C1 CompilerThread0" daemon [_thread_blocked, id=3564, stack(0x000000808cf00000,0x000000808d000000)]
  0x0000023d7f8f5000 JavaThread "Sweeper thread" daemon [_thread_blocked, id=6648, stack(0x000000808d000000,0x000000808d100000)]
  0x0000023d7f9ea000 JavaThread "Service Thread" daemon [_thread_blocked, id=9360, stack(0x000000808d100000,0x000000808d200000)]
  0x0000023d7f9fd800 JavaThread "Common-Cleaner" daemon [_thread_blocked, id=11804, stack(0x000000808d300000,0x000000808d400000)]

Other Threads:
  0x0000023d7eef2800 VMThread "VM Thread" [stack: 0x000000808c900000,0x000000808ca00000] [id=6160]
  0x0000023d7f9f1000 WatcherThread [stack: 0x000000808d200000,0x000000808d300000] [id=9656]
  0x0000023d78264800 GCTaskThread "GC Thread#0" [stack: 0x000000808c400000,0x000000808c500000] [id=5312]
  0x0000023d17557800 GCTaskThread "GC Thread#1" [stack: 0x000000808d400000,0x000000808d500000] [id=2224]
  0x0000023d78296000 ConcurrentGCThread "G1 Main Marker" [stack: 0x000000808c500000,0x000000808c600000] [id=1748]
  0x0000023d78299000 ConcurrentGCThread "G1 Conc#0" [stack: 0x000000808c600000,0x000000808c700000] [id=9480]
  0x0000023d78320800 ConcurrentGCThread "G1 Refine#0" [stack: 0x000000808c700000,0x000000808c800000] [id=12136]
  0x0000023d78322000 ConcurrentGCThread "G1 Young RemSet Sampling" [stack: 0x000000808c800000,0x000000808c900000] [id=11544]

Threads with active compile tasks:
C2 CompilerThread0   1214  571   !   4       jdk.internal.loader.URLClassPath$JarLoader::getResource (65 bytes)

VM state:not at safepoint (normal execution)

VM Mutex/Monitor currently owned by a thread: None

Heap address: 0x0000000080000000, size: 2048 MB, Compressed Oops mode: 32-bit
Narrow klass base: 0x0000000000000000, Narrow klass shift: 3
Compressed class space size: 1073741824 Address: 0x0000000100000000

Heap:
 garbage-first heap   total 131072K, used 7978K [0x0000000080000000, 0x0000000100000000)
  region size 1024K, 5 young (5120K), 1 survivors (1024K)
 Metaspace       used 8052K, capacity 8195K, committed 8448K, reserved 1056768K
  class space    used 697K, capacity 729K, committed 768K, reserved 1048576K
Heap Regions: E=young(eden), S=young(survivor), O=old, HS=humongous(starts), HC=humongous(continues), CS=collection set, F=free, A=archive, TAMS=top-at-mark-start (previous, next)
|   0|0x0000000080000000, 0x0000000080100000, 0x0000000080100000|100%|HS|  |TAMS 0x0000000080000000, 0x0000000080000000| Complete 
|   1|0x0000000080100000, 0x0000000080200000, 0x0000000080200000|100%| O|  |TAMS 0x0000000080100000, 0x0000000080100000| Untracked 
|   2|0x0000000080200000, 0x0000000080300000, 0x0000000080300000|100%| O|  |TAMS 0x0000000080200000, 0x0000000080200000| Untracked 
|   3|0x0000000080300000, 0x00000000803ca800, 0x0000000080400000| 79%| O|  |TAMS 0x0000000080300000, 0x0000000080300000| Untracked 
|   4|0x0000000080400000, 0x0000000080400000, 0x0000000080500000|  0%| F|  |TAMS 0x0000000080400000, 0x0000000080400000| Untracked 
|   5|0x0000000080500000, 0x0000000080500000, 0x0000000080600000|  0%| F|  |TAMS 0x0000000080500000, 0x0000000080500000| Untracked 
|   6|0x0000000080600000, 0x0000000080600000, 0x0000000080700000|  0%| F|  |TAMS 0x0000000080600000, 0x0000000080600000| Untracked 
|   7|0x0000000080700000, 0x0000000080700000, 0x0000000080800000|  0%| F|  |TAMS 0x0000000080700000, 0x0000000080700000| Untracked 
|   8|0x0000000080800000, 0x0000000080800000, 0x0000000080900000|  0%| F|  |TAMS 0x0000000080800000, 0x0000000080800000| Untracked 
|   9|0x0000000080900000, 0x0000000080900000, 0x0000000080a00000|  0%| F|  |TAMS 0x0000000080900000, 0x0000000080900000| Untracked 
|  10|0x0000000080a00000, 0x0000000080a00000, 0x0000000080b00000|  0%| F|  |TAMS 0x0000000080a00000, 0x0000000080a00000| Untracked 
|  11|0x0000000080b00000, 0x0000000080b00000, 0x0000000080c00000|  0%| F|  |TAMS 0x0000000080b00000, 0x0000000080b00000| Untracked 
|  12|0x0000000080c00000, 0x0000000080c00000, 0x0000000080d00000|  0%| F|  |TAMS 0x0000000080c00000, 0x0000000080c00000| Untracked 
|  13|0x0000000080d00000, 0x0000000080d00000, 0x0000000080e00000|  0%| F|  |TAMS 0x0000000080d00000, 0x0000000080d00000| Untracked 
|  14|0x0000000080e00000, 0x0000000080e00000, 0x0000000080f00000|  0%| F|  |TAMS 0x0000000080e00000, 0x0000000080e00000| Untracked 
|  15|0x0000000080f00000, 0x0000000080f00000, 0x0000000081000000|  0%| F|  |TAMS 0x0000000080f00000, 0x0000000080f00000| Untracked 
|  16|0x0000000081000000, 0x0000000081000000, 0x0000000081100000|  0%| F|  |TAMS 0x0000000081000000, 0x0000000081000000| Untracked 
|  17|0x0000000081100000, 0x0000000081100000, 0x0000000081200000|  0%| F|  |TAMS 0x0000000081100000, 0x0000000081100000| Untracked 
|  18|0x0000000081200000, 0x0000000081200000, 0x0000000081300000|  0%| F|  |TAMS 0x0000000081200000, 0x0000000081200000| Untracked 
|  19|0x0000000081300000, 0x0000000081300000, 0x0000000081400000|  0%| F|  |TAMS 0x0000000081300000, 0x0000000081300000| Untracked 
|  20|0x0000000081400000, 0x0000000081400000, 0x0000000081500000|  0%| F|  |TAMS 0x0000000081400000, 0x0000000081400000| Untracked 
|  21|0x0000000081500000, 0x0000000081500000, 0x0000000081600000|  0%| F|  |TAMS 0x0000000081500000, 0x0000000081500000| Untracked 
|  22|0x0000000081600000, 0x0000000081600000, 0x0000000081700000|  0%| F|  |TAMS 0x0000000081600000, 0x0000000081600000| Untracked 
|  23|0x0000000081700000, 0x0000000081700000, 0x0000000081800000|  0%| F|  |TAMS 0x0000000081700000, 0x0000000081700000| Untracked 
|  24|0x0000000081800000, 0x0000000081800000, 0x0000000081900000|  0%| F|  |TAMS 0x0000000081800000, 0x0000000081800000| Untracked 
|  25|0x0000000081900000, 0x0000000081900000, 0x0000000081a00000|  0%| F|  |TAMS 0x0000000081900000, 0x0000000081900000| Untracked 
|  26|0x0000000081a00000, 0x0000000081a00000, 0x0000000081b00000|  0%| F|  |TAMS 0x0000000081a00000, 0x0000000081a00000| Untracked 
|  27|0x0000000081b00000, 0x0000000081b00000, 0x0000000081c00000|  0%| F|  |TAMS 0x0000000081b00000, 0x0000000081b00000| Untracked 
|  28|0x0000000081c00000, 0x0000000081c00000, 0x0000000081d00000|  0%| F|  |TAMS 0x0000000081c00000, 0x0000000081c00000| Untracked 
|  29|0x0000000081d00000, 0x0000000081d00000, 0x0000000081e00000|  0%| F|  |TAMS 0x0000000081d00000, 0x0000000081d00000| Untracked 
|  30|0x0000000081e00000, 0x0000000081e00000, 0x0000000081f00000|  0%| F|  |TAMS 0x0000000081e00000, 0x0000000081e00000| Untracked 
|  31|0x0000000081f00000, 0x0000000081f00000, 0x0000000082000000|  0%| F|  |TAMS 0x0000000081f00000, 0x0000000081f00000| Untracked 
|  32|0x0000000082000000, 0x0000000082000000, 0x0000000082100000|  0%| F|  |TAMS 0x0000000082000000, 0x0000000082000000| Untracked 
|  33|0x0000000082100000, 0x0000000082100000, 0x0000000082200000|  0%| F|  |TAMS 0x0000000082100000, 0x0000000082100000| Untracked 
|  34|0x0000000082200000, 0x0000000082200000, 0x0000000082300000|  0%| F|  |TAMS 0x0000000082200000, 0x0000000082200000| Untracked 
|  35|0x0000000082300000, 0x0000000082300000, 0x0000000082400000|  0%| F|  |TAMS 0x0000000082300000, 0x0000000082300000| Untracked 
|  36|0x0000000082400000, 0x0000000082400000, 0x0000000082500000|  0%| F|  |TAMS 0x0000000082400000, 0x0000000082400000| Untracked 
|  37|0x0000000082500000, 0x0000000082500000, 0x0000000082600000|  0%| F|  |TAMS 0x0000000082500000, 0x0000000082500000| Untracked 
|  38|0x0000000082600000, 0x0000000082600000, 0x0000000082700000|  0%| F|  |TAMS 0x0000000082600000, 0x0000000082600000| Untracked 
|  39|0x0000000082700000, 0x0000000082700000, 0x0000000082800000|  0%| F|  |TAMS 0x0000000082700000, 0x0000000082700000| Untracked 
|  40|0x0000000082800000, 0x0000000082800000, 0x0000000082900000|  0%| F|  |TAMS 0x0000000082800000, 0x0000000082800000| Untracked 
|  41|0x0000000082900000, 0x0000000082900000, 0x0000000082a00000|  0%| F|  |TAMS 0x0000000082900000, 0x0000000082900000| Untracked 
|  42|0x0000000082a00000, 0x0000000082a00000, 0x0000000082b00000|  0%| F|  |TAMS 0x0000000082a00000, 0x0000000082a00000| Untracked 
|  43|0x0000000082b00000, 0x0000000082b00000, 0x0000000082c00000|  0%| F|  |TAMS 0x0000000082b00000, 0x0000000082b00000| Untracked 
|  44|0x0000000082c00000, 0x0000000082c00000, 0x0000000082d00000|  0%| F|  |TAMS 0x0000000082c00000, 0x0000000082c00000| Untracked 
|  45|0x0000000082d00000, 0x0000000082d00000, 0x0000000082e00000|  0%| F|  |TAMS 0x0000000082d00000, 0x0000000082d00000| Untracked 
|  46|0x0000000082e00000, 0x0000000082e00000, 0x0000000082f00000|  0%| F|  |TAMS 0x0000000082e00000, 0x0000000082e00000| Untracked 
|  47|0x0000000082f00000, 0x0000000082f00000, 0x0000000083000000|  0%| F|  |TAMS 0x0000000082f00000, 0x0000000082f00000| Untracked 
|  48|0x0000000083000000, 0x0000000083000000, 0x0000000083100000|  0%| F|  |TAMS 0x0000000083000000, 0x0000000083000000| Untracked 
|  49|0x0000000083100000, 0x0000000083100000, 0x0000000083200000|  0%| F|  |TAMS 0x0000000083100000, 0x0000000083100000| Untracked 
|  50|0x0000000083200000, 0x0000000083200000, 0x0000000083300000|  0%| F|  |TAMS 0x0000000083200000, 0x0000000083200000| Untracked 
|  51|0x0000000083300000, 0x0000000083300000, 0x0000000083400000|  0%| F|  |TAMS 0x0000000083300000, 0x0000000083300000| Untracked 
|  52|0x0000000083400000, 0x0000000083400000, 0x0000000083500000|  0%| F|  |TAMS 0x0000000083400000, 0x0000000083400000| Untracked 
|  53|0x0000000083500000, 0x0000000083500000, 0x0000000083600000|  0%| F|  |TAMS 0x0000000083500000, 0x0000000083500000| Untracked 
|  54|0x0000000083600000, 0x0000000083600000, 0x0000000083700000|  0%| F|  |TAMS 0x0000000083600000, 0x0000000083600000| Untracked 
|  55|0x0000000083700000, 0x0000000083700000, 0x0000000083800000|  0%| F|  |TAMS 0x0000000083700000, 0x0000000083700000| Untracked 
|  56|0x0000000083800000, 0x0000000083800000, 0x0000000083900000|  0%| F|  |TAMS 0x0000000083800000, 0x0000000083800000| Untracked 
|  57|0x0000000083900000, 0x0000000083900000, 0x0000000083a00000|  0%| F|  |TAMS 0x0000000083900000, 0x0000000083900000| Untracked 
|  58|0x0000000083a00000, 0x0000000083a00000, 0x0000000083b00000|  0%| F|  |TAMS 0x0000000083a00000, 0x0000000083a00000| Untracked 
|  59|0x0000000083b00000, 0x0000000083b00000, 0x0000000083c00000|  0%| F|  |TAMS 0x0000000083b00000, 0x0000000083b00000| Untracked 
|  60|0x0000000083c00000, 0x0000000083c00000, 0x0000000083d00000|  0%| F|  |TAMS 0x0000000083c00000, 0x0000000083c00000| Untracked 
|  61|0x0000000083d00000, 0x0000000083d00000, 0x0000000083e00000|  0%| F|  |TAMS 0x0000000083d00000, 0x0000000083d00000| Untracked 
|  62|0x0000000083e00000, 0x0000000083e00000, 0x0000000083f00000|  0%| F|  |TAMS 0x0000000083e00000, 0x0000000083e00000| Untracked 
|  63|0x0000000083f00000, 0x0000000083f00000, 0x0000000084000000|  0%| F|  |TAMS 0x0000000083f00000, 0x0000000083f00000| Untracked 
|  64|0x0000000084000000, 0x0000000084000000, 0x0000000084100000|  0%| F|  |TAMS 0x0000000084000000, 0x0000000084000000| Untracked 
|  65|0x0000000084100000, 0x0000000084100000, 0x0000000084200000|  0%| F|  |TAMS 0x0000000084100000, 0x0000000084100000| Untracked 
|  66|0x0000000084200000, 0x0000000084200000, 0x0000000084300000|  0%| F|  |TAMS 0x0000000084200000, 0x0000000084200000| Untracked 
|  67|0x0000000084300000, 0x0000000084300000, 0x0000000084400000|  0%| F|  |TAMS 0x0000000084300000, 0x0000000084300000| Untracked 
|  68|0x0000000084400000, 0x0000000084400000, 0x0000000084500000|  0%| F|  |TAMS 0x0000000084400000, 0x0000000084400000| Untracked 
|  69|0x0000000084500000, 0x0000000084500000, 0x0000000084600000|  0%| F|  |TAMS 0x0000000084500000, 0x0000000084500000| Untracked 
|  70|0x0000000084600000, 0x0000000084600000, 0x0000000084700000|  0%| F|  |TAMS 0x0000000084600000, 0x0000000084600000| Untracked 
|  71|0x0000000084700000, 0x0000000084700000, 0x0000000084800000|  0%| F|  |TAMS 0x0000000084700000, 0x0000000084700000| Untracked 
|  72|0x0000000084800000, 0x0000000084800000, 0x0000000084900000|  0%| F|  |TAMS 0x0000000084800000, 0x0000000084800000| Untracked 
|  73|0x0000000084900000, 0x0000000084900000, 0x0000000084a00000|  0%| F|  |TAMS 0x0000000084900000, 0x0000000084900000| Untracked 
|  74|0x0000000084a00000, 0x0000000084a00000, 0x0000000084b00000|  0%| F|  |TAMS 0x0000000084a00000, 0x0000000084a00000| Untracked 
|  75|0x0000000084b00000, 0x0000000084b00000, 0x0000000084c00000|  0%| F|  |TAMS 0x0000000084b00000, 0x0000000084b00000| Untracked 
|  76|0x0000000084c00000, 0x0000000084c00000, 0x0000000084d00000|  0%| F|  |TAMS 0x0000000084c00000, 0x0000000084c00000| Untracked 
|  77|0x0000000084d00000, 0x0000000084d00000, 0x0000000084e00000|  0%| F|  |TAMS 0x0000000084d00000, 0x0000000084d00000| Untracked 
|  78|0x0000000084e00000, 0x0000000084e00000, 0x0000000084f00000|  0%| F|  |TAMS 0x0000000084e00000, 0x0000000084e00000| Untracked 
|  79|0x0000000084f00000, 0x0000000084f00000, 0x0000000085000000|  0%| F|  |TAMS 0x0000000084f00000, 0x0000000084f00000| Untracked 
|  80|0x0000000085000000, 0x0000000085000000, 0x0000000085100000|  0%| F|  |TAMS 0x0000000085000000, 0x0000000085000000| Untracked 
|  81|0x0000000085100000, 0x0000000085100000, 0x0000000085200000|  0%| F|  |TAMS 0x0000000085100000, 0x0000000085100000| Untracked 
|  82|0x0000000085200000, 0x0000000085200000, 0x0000000085300000|  0%| F|  |TAMS 0x0000000085200000, 0x0000000085200000| Untracked 
|  83|0x0000000085300000, 0x0000000085300000, 0x0000000085400000|  0%| F|  |TAMS 0x0000000085300000, 0x0000000085300000| Untracked 
|  84|0x0000000085400000, 0x0000000085400000, 0x0000000085500000|  0%| F|  |TAMS 0x0000000085400000, 0x0000000085400000| Untracked 
|  85|0x0000000085500000, 0x0000000085500000, 0x0000000085600000|  0%| F|  |TAMS 0x0000000085500000, 0x0000000085500000| Untracked 
|  86|0x0000000085600000, 0x0000000085600000, 0x0000000085700000|  0%| F|  |TAMS 0x0000000085600000, 0x0000000085600000| Untracked 
|  87|0x0000000085700000, 0x0000000085700000, 0x0000000085800000|  0%| F|  |TAMS 0x0000000085700000, 0x0000000085700000| Untracked 
|  88|0x0000000085800000, 0x0000000085800000, 0x0000000085900000|  0%| F|  |TAMS 0x0000000085800000, 0x0000000085800000| Untracked 
|  89|0x0000000085900000, 0x0000000085900000, 0x0000000085a00000|  0%| F|  |TAMS 0x0000000085900000, 0x0000000085900000| Untracked 
|  90|0x0000000085a00000, 0x0000000085a00000, 0x0000000085b00000|  0%| F|  |TAMS 0x0000000085a00000, 0x0000000085a00000| Untracked 
|  91|0x0000000085b00000, 0x0000000085b00000, 0x0000000085c00000|  0%| F|  |TAMS 0x0000000085b00000, 0x0000000085b00000| Untracked 
|  92|0x0000000085c00000, 0x0000000085c00000, 0x0000000085d00000|  0%| F|  |TAMS 0x0000000085c00000, 0x0000000085c00000| Untracked 
|  93|0x0000000085d00000, 0x0000000085d00000, 0x0000000085e00000|  0%| F|  |TAMS 0x0000000085d00000, 0x0000000085d00000| Untracked 
|  94|0x0000000085e00000, 0x0000000085e00000, 0x0000000085f00000|  0%| F|  |TAMS 0x0000000085e00000, 0x0000000085e00000| Untracked 
|  95|0x0000000085f00000, 0x0000000085f00000, 0x0000000086000000|  0%| F|  |TAMS 0x0000000085f00000, 0x0000000085f00000| Untracked 
|  96|0x0000000086000000, 0x0000000086000000, 0x0000000086100000|  0%| F|  |TAMS 0x0000000086000000, 0x0000000086000000| Untracked 
|  97|0x0000000086100000, 0x0000000086100000, 0x0000000086200000|  0%| F|  |TAMS 0x0000000086100000, 0x0000000086100000| Untracked 
|  98|0x0000000086200000, 0x0000000086200000, 0x0000000086300000|  0%| F|  |TAMS 0x0000000086200000, 0x0000000086200000| Untracked 
|  99|0x0000000086300000, 0x0000000086300000, 0x0000000086400000|  0%| F|  |TAMS 0x0000000086300000, 0x0000000086300000| Untracked 
| 100|0x0000000086400000, 0x0000000086400000, 0x0000000086500000|  0%| F|  |TAMS 0x0000000086400000, 0x0000000086400000| Untracked 
| 101|0x0000000086500000, 0x0000000086500000, 0x0000000086600000|  0%| F|  |TAMS 0x0000000086500000, 0x0000000086500000| Untracked 
| 102|0x0000000086600000, 0x0000000086600000, 0x0000000086700000|  0%| F|  |TAMS 0x0000000086600000, 0x0000000086600000| Untracked 
| 103|0x0000000086700000, 0x0000000086700000, 0x0000000086800000|  0%| F|  |TAMS 0x0000000086700000, 0x0000000086700000| Untracked 
| 104|0x0000000086800000, 0x0000000086800000, 0x0000000086900000|  0%| F|  |TAMS 0x0000000086800000, 0x0000000086800000| Untracked 
| 105|0x0000000086900000, 0x0000000086900000, 0x0000000086a00000|  0%| F|  |TAMS 0x0000000086900000, 0x0000000086900000| Untracked 
| 106|0x0000000086a00000, 0x0000000086a00000, 0x0000000086b00000|  0%| F|  |TAMS 0x0000000086a00000, 0x0000000086a00000| Untracked 
| 107|0x0000000086b00000, 0x0000000086b00000, 0x0000000086c00000|  0%| F|  |TAMS 0x0000000086b00000, 0x0000000086b00000| Untracked 
| 108|0x0000000086c00000, 0x0000000086c00000, 0x0000000086d00000|  0%| F|  |TAMS 0x0000000086c00000, 0x0000000086c00000| Untracked 
| 109|0x0000000086d00000, 0x0000000086d00000, 0x0000000086e00000|  0%| F|  |TAMS 0x0000000086d00000, 0x0000000086d00000| Untracked 
| 110|0x0000000086e00000, 0x0000000086e00000, 0x0000000086f00000|  0%| F|  |TAMS 0x0000000086e00000, 0x0000000086e00000| Untracked 
| 111|0x0000000086f00000, 0x0000000086f00000, 0x0000000087000000|  0%| F|  |TAMS 0x0000000086f00000, 0x0000000086f00000| Untracked 
| 112|0x0000000087000000, 0x0000000087000000, 0x0000000087100000|  0%| F|  |TAMS 0x0000000087000000, 0x0000000087000000| Untracked 
| 113|0x0000000087100000, 0x0000000087100000, 0x0000000087200000|  0%| F|  |TAMS 0x0000000087100000, 0x0000000087100000| Untracked 
| 114|0x0000000087200000, 0x0000000087200000, 0x0000000087300000|  0%| F|  |TAMS 0x0000000087200000, 0x0000000087200000| Untracked 
| 115|0x0000000087300000, 0x0000000087300000, 0x0000000087400000|  0%| F|  |TAMS 0x0000000087300000, 0x0000000087300000| Untracked 
| 116|0x0000000087400000, 0x0000000087400000, 0x0000000087500000|  0%| F|  |TAMS 0x0000000087400000, 0x0000000087400000| Untracked 
| 117|0x0000000087500000, 0x0000000087500000, 0x0000000087600000|  0%| F|  |TAMS 0x0000000087500000, 0x0000000087500000| Untracked 
| 118|0x0000000087600000, 0x0000000087600000, 0x0000000087700000|  0%| F|  |TAMS 0x0000000087600000, 0x0000000087600000| Untracked 
| 119|0x0000000087700000, 0x0000000087700000, 0x0000000087800000|  0%| F|  |TAMS 0x0000000087700000, 0x0000000087700000| Untracked 
| 120|0x0000000087800000, 0x0000000087900000, 0x0000000087900000|100%| S|CS|TAMS 0x0000000087800000, 0x0000000087800000| Complete 
| 121|0x0000000087900000, 0x0000000087900000, 0x0000000087a00000|  0%| F|  |TAMS 0x0000000087900000, 0x0000000087900000| Untracked 
| 122|0x0000000087a00000, 0x0000000087a00000, 0x0000000087b00000|  0%| F|  |TAMS 0x0000000087a00000, 0x0000000087a00000| Untracked 
| 123|0x0000000087b00000, 0x0000000087b00000, 0x0000000087c00000|  0%| F|  |TAMS 0x0000000087b00000, 0x0000000087b00000| Untracked 
| 124|0x0000000087c00000, 0x0000000087c33b70, 0x0000000087d00000| 20%| E|  |TAMS 0x0000000087c00000, 0x0000000087c00000| Complete 
| 125|0x0000000087d00000, 0x0000000087e00000, 0x0000000087e00000|100%| E|CS|TAMS 0x0000000087d00000, 0x0000000087d00000| Complete 
| 126|0x0000000087e00000, 0x0000000087f00000, 0x0000000087f00000|100%| E|CS|TAMS 0x0000000087e00000, 0x0000000087e00000| Complete 
| 127|0x0000000087f00000, 0x0000000088000000, 0x0000000088000000|100%| E|CS|TAMS 0x0000000087f00000, 0x0000000087f00000| Complete 

Card table byte_map: [0x0000023d78330000,0x0000023d78730000] _byte_map_base: 0x0000023d77f30000

Marking Bits (Prev, Next): (CMBitMap*) 0x0000023d7828d2a8, (CMBitMap*) 0x0000023d7828d2e0
 Prev Bits: [0x0000023d78b30000, 0x0000023d7ab30000)
 Next Bits: [0x0000023d7ab30000, 0x0000023d7cb30000)

Polling page: 0x0000023d761f0000

Metaspace:

Usage:
  Non-class:      7.29 MB capacity,     7.18 MB ( 99%) used,   106.55 KB (  1%) free+waste,     4.63 KB ( <1%) overhead. 
      Class:    729.00 KB capacity,   697.72 KB ( 96%) used,    29.59 KB (  4%) free+waste,     1.69 KB ( <1%) overhead. 
       Both:      8.00 MB capacity,     7.86 MB ( 98%) used,   136.14 KB (  2%) free+waste,     6.31 KB ( <1%) overhead. 

Virtual space:
  Non-class space:        8.00 MB reserved,       7.50 MB ( 94%) committed 
      Class space:        1.00 GB reserved,     768.00 KB ( <1%) committed 
             Both:        1.01 GB reserved,       8.25 MB ( <1%) committed 

Chunk freelists:
   Non-Class:  2.75 KB
       Class:  896 bytes
        Both:  3.63 KB

CodeHeap 'non-profiled nmethods': size=120064Kb used=171Kb max_used=171Kb free=119892Kb
 bounds [0x0000023d0fe90000, 0x0000023d10100000, 0x0000023d173d0000]
CodeHeap 'profiled nmethods': size=120000Kb used=1090Kb max_used=1090Kb free=118910Kb
 bounds [0x0000023d08960000, 0x0000023d08bd0000, 0x0000023d0fe90000]
CodeHeap 'non-nmethods': size=5696Kb used=1071Kb max_used=1078Kb free=4624Kb
 bounds [0x0000023d083d0000, 0x0000023d08640000, 0x0000023d08960000]
 total_blobs=921 nmethods=570 adapters=263
 compilation: enabled
              stopped_count=0, restarted_count=0
 full_count=0

Compilation events (10 events):
Event: 1.169 Thread 0x0000023d7f8ee000  566       3       jdk.internal.org.objectweb.asm.ClassWriter::get (49 bytes)
Event: 1.169 Thread 0x0000023d7f8ee000 nmethod 566 0x0000023d08a5df90 code [0x0000023d08a5e160, 0x0000023d08a5e428]
Event: 1.170 Thread 0x0000023d7f8ee000  567       3       java.lang.ref.WeakReference::<init> (7 bytes)
Event: 1.171 Thread 0x0000023d7f8ee000 nmethod 567 0x0000023d08a5e590 code [0x0000023d08a5e740, 0x0000023d08a5ea18]
Event: 1.171 Thread 0x0000023d7f8ee000  568       1       java.lang.invoke.MemberName::getDeclaringClass (5 bytes)
Event: 1.171 Thread 0x0000023d7f8ee000 nmethod 568 0x0000023d0feba990 code [0x0000023d0febab20, 0x0000023d0febabd8]
Event: 1.171 Thread 0x0000023d7f8ee000  569       3       jdk.internal.org.objectweb.asm.ByteVector::putUTF8 (142 bytes)
Event: 1.172 Thread 0x0000023d7f8ee000 nmethod 569 0x0000023d08a5eb10 code [0x0000023d08a5ed80, 0x0000023d08a5f868]
Event: 1.179 Thread 0x0000023d7f8ee000  570       3       java.net.URLStreamHandler::parseURL (1201 bytes)
Event: 1.179 Thread 0x0000023d7ef13800  571   !   4       jdk.internal.loader.URLClassPath$JarLoader::getResource (65 bytes)

GC Heap History (2 events):
Event: 0.806 GC heap before
{Heap before GC invocations=0 (full 0):
 garbage-first heap   total 131072K, used 7168K [0x0000000080000000, 0x0000000100000000)
  region size 1024K, 7 young (7168K), 0 survivors (0K)
 Metaspace       used 5491K, capacity 5572K, committed 5632K, reserved 1056768K
  class space    used 479K, capacity 496K, committed 512K, reserved 1048576K
}
Event: 0.814 GC heap after
{Heap after GC invocations=1 (full 0):
 garbage-first heap   total 131072K, used 4906K [0x0000000080000000, 0x0000000100000000)
  region size 1024K, 1 young (1024K), 1 survivors (1024K)
 Metaspace       used 5491K, capacity 5572K, committed 5632K, reserved 1056768K
  class space    used 479K, capacity 496K, committed 512K, reserved 1048576K
}

Deoptimization events (5 events):
Event: 0.396 Thread 0x0000023d78250800 Uncommon trap: reason=unstable_if action=reinterpret pc=0x0000023d0fe95a00 method=java.lang.String.hashCode()I @ 14 c2
Event: 0.405 Thread 0x0000023d78250800 Uncommon trap: reason=unstable_if action=reinterpret pc=0x0000023d0fe91110 method=java.lang.String.isLatin1()Z @ 10 c2
Event: 0.870 Thread 0x0000023d78250800 Uncommon trap: reason=unstable_if action=reinterpret pc=0x0000023d0fea9840 method=java.io.BufferedReader.read()I @ 19 c2
Event: 1.163 Thread 0x0000023d78250800 Uncommon trap: reason=unstable_if action=reinterpret pc=0x0000023d0fe9c7ec method=java.lang.StringLatin1.canEncode(I)Z @ 4 c2
Event: 1.163 Thread 0x0000023d78250800 Uncommon trap: reason=unstable_if action=reinterpret pc=0x0000023d0fe9f2d4 method=java.lang.AbstractStringBuilder.isLatin1()Z @ 10 c2

Classes redefined (0 events):
No events

Internal exceptions (2 events):
Event: 0.876 Thread 0x0000023d78250800 Exception <a 'java/lang/ClassNotFoundException'{0x0000000087e2a1d0}: javax/smartcardio/CardPermission> (0x0000000087e2a1d0) thrown at [./open/src/hotspot/share/classfile/systemDictionary.cpp, line 228]
Event: 0.886 Thread 0x0000023d78250800 Exception <a 'java/io/FileNotFoundException'{0x0000000087e38560}> (0x0000000087e38560) thrown at [./open/src/hotspot/share/prims/jni.cpp, line 611]

Events (10 events):
Event: 1.175 loading class java/math/RoundingMode
Event: 1.175 loading class java/math/RoundingMode done
Event: 1.176 loading class java/util/Date
Event: 1.176 loading class java/util/Date done
Event: 1.177 loading class ch/qos/logback/classic/pattern/ThrowableProxyConverter
Event: 1.177 loading class ch/qos/logback/classic/pattern/ThrowableProxyConverter done
Event: 1.178 loading class ch/qos/logback/classic/pattern/ThrowableHandlingConverter
Event: 1.178 loading class ch/qos/logback/classic/pattern/ThrowableHandlingConverter done
Event: 1.179 loading class ch/qos/logback/classic/pattern/ClassicConverter
Event: 1.179 loading class ch/qos/logback/classic/pattern/ClassicConverter done


Dynamic libraries:
0x00007ff787150000 - 0x00007ff78715f000 	C:\java\jdk-11.0.11_windows-x64_bin\jdk-11.0.11\bin\javaw.exe
0x00007ffea02d0000 - 0x00007ffea04c5000 	C:\Windows\SYSTEM32\ntdll.dll
0x00007ffe9f8c0000 - 0x00007ffe9f97d000 	C:\Windows\System32\KERNEL32.DLL
0x00007ffe9def0000 - 0x00007ffe9e1b9000 	C:\Windows\System32\KERNELBASE.dll
0x00007ffe9db60000 - 0x00007ffe9dc60000 	C:\Windows\System32\ucrtbase.dll
0x00007ffe87070000 - 0x00007ffe87088000 	C:\java\jdk-11.0.11_windows-x64_bin\jdk-11.0.11\bin\jli.dll
0x00007ffe9f3e0000 - 0x00007ffe9f48c000 	C:\Windows\System32\ADVAPI32.dll
0x00007ffe9e330000 - 0x00007ffe9e3ce000 	C:\Windows\System32\msvcrt.dll
0x00007ffe9f170000 - 0x00007ffe9f20b000 	C:\Windows\System32\sechost.dll
0x00007ffe9efa0000 - 0x00007ffe9f0ca000 	C:\Windows\System32\RPCRT4.dll
0x00007ffea00f0000 - 0x00007ffea0290000 	C:\Windows\System32\USER32.dll
0x00007ffe9e220000 - 0x00007ffe9e242000 	C:\Windows\System32\win32u.dll
0x00007ffe9f140000 - 0x00007ffe9f16a000 	C:\Windows\System32\GDI32.dll
0x00007ffe9dd00000 - 0x00007ffe9de0b000 	C:\Windows\System32\gdi32full.dll
0x00007ffe9dc60000 - 0x00007ffe9dcfd000 	C:\Windows\System32\msvcp_win.dll
0x00007ffe7e740000 - 0x00007ffe7e755000 	C:\java\jdk-11.0.11_windows-x64_bin\jdk-11.0.11\bin\VCRUNTIME140.dll
0x00007ffe89610000 - 0x00007ffe898aa000 	C:\Windows\WinSxS\amd64_microsoft.windows.common-controls_6595b64144ccf1df_6.0.19041.1110_none_60b5254171f9507e\COMCTL32.dll
0x00007ffe954c0000 - 0x00007ffe954ca000 	C:\Windows\SYSTEM32\VERSION.dll
0x00007ffe9f210000 - 0x00007ffe9f240000 	C:\Windows\System32\IMM32.DLL
0x00007ffe7e2b0000 - 0x00007ffe7e34b000 	C:\java\jdk-11.0.11_windows-x64_bin\jdk-11.0.11\bin\msvcp140.dll
0x00007ffe554c0000 - 0x00007ffe55fbe000 	C:\java\jdk-11.0.11_windows-x64_bin\jdk-11.0.11\bin\server\jvm.dll
0x00007ffe9f980000 - 0x00007ffe9f988000 	C:\Windows\System32\PSAPI.DLL
0x00007ffe64f20000 - 0x00007ffe64f29000 	C:\Windows\SYSTEM32\WSOCK32.dll
0x00007ffe9f0d0000 - 0x00007ffe9f13b000 	C:\Windows\System32\WS2_32.dll
0x00007ffe7f6f0000 - 0x00007ffe7f717000 	C:\Windows\SYSTEM32\WINMM.dll
0x00007ffe9b2e0000 - 0x00007ffe9b2f2000 	C:\Windows\SYSTEM32\kernel.appcore.dll
0x00007ffe8ac90000 - 0x00007ffe8aca0000 	C:\java\jdk-11.0.11_windows-x64_bin\jdk-11.0.11\bin\verify.dll
0x00007ffe9d3a0000 - 0x00007ffe9d584000 	C:\Windows\SYSTEM32\DBGHELP.DLL
0x00007ffe9d130000 - 0x00007ffe9d15c000 	C:\Windows\SYSTEM32\dbgcore.DLL
0x00007ffe9e250000 - 0x00007ffe9e2d3000 	C:\Windows\System32\bcryptPrimitives.dll
0x00007ffe7e540000 - 0x00007ffe7e568000 	C:\java\jdk-11.0.11_windows-x64_bin\jdk-11.0.11\bin\java.dll
0x00007ffe87010000 - 0x00007ffe8701a000 	C:\java\jdk-11.0.11_windows-x64_bin\jdk-11.0.11\bin\jimage.dll
0x00007ffe7e520000 - 0x00007ffe7e536000 	C:\java\jdk-11.0.11_windows-x64_bin\jdk-11.0.11\bin\zip.dll
0x00007ffe9e860000 - 0x00007ffe9ef9f000 	C:\Windows\System32\SHELL32.dll
0x00007ffe9b4e0000 - 0x00007ffe9bc70000 	C:\Windows\SYSTEM32\windows.storage.dll
0x00007ffe9e430000 - 0x00007ffe9e785000 	C:\Windows\System32\combase.dll
0x00007ffe9cfb0000 - 0x00007ffe9cfdc000 	C:\Windows\SYSTEM32\Wldp.dll
0x00007ffe9f7b0000 - 0x00007ffe9f85e000 	C:\Windows\System32\SHCORE.dll
0x00007ffe9e3d0000 - 0x00007ffe9e425000 	C:\Windows\System32\shlwapi.dll
0x00007ffe9d940000 - 0x00007ffe9d95f000 	C:\Windows\SYSTEM32\profapi.dll
0x00007ffe7e500000 - 0x00007ffe7e519000 	C:\java\jdk-11.0.11_windows-x64_bin\jdk-11.0.11\bin\net.dll
0x00007ffe97cc0000 - 0x00007ffe97dc8000 	C:\Windows\SYSTEM32\WINHTTP.dll
0x00007ffe9c960000 - 0x00007ffe9c9ca000 	C:\Windows\system32\mswsock.dll
0x00007ffe7e290000 - 0x00007ffe7e2a2000 	C:\java\jdk-11.0.11_windows-x64_bin\jdk-11.0.11\bin\nio.dll

dbghelp: loaded successfully - version: 4.0.5 - missing functions: none
symbol engine: initialized successfully - sym options: 0x614 - pdb path: .;C:\java\jdk-11.0.11_windows-x64_bin\jdk-11.0.11\bin;C:\Windows\SYSTEM32;C:\Windows\WinSxS\amd64_microsoft.windows.common-controls_6595b64144ccf1df_6.0.19041.1110_none_60b5254171f9507e;C:\java\jdk-11.0.11_windows-x64_bin\jdk-11.0.11\bin\server

VM Arguments:
jvm_args: -Dfile.encoding=UTF-8 
java_command: spring.boot.tptRpg.SpringBootTptRpgApplication
java_class_path (initial): C:\Users\ajc\eclipse-workspace\RpgProjet\spring-boot-tptRpg\spring-boot-tptRpg\target\classes;C:\Users\ajc\.m2\repository\org\springframework\boot\spring-boot-starter-data-jpa\2.4.9\spring-boot-starter-data-jpa-2.4.9.jar;C:\Users\ajc\.m2\repository\org\springframework\boot\spring-boot-starter-aop\2.4.9\spring-boot-starter-aop-2.4.9.jar;C:\Users\ajc\.m2\repository\org\springframework\spring-aop\5.3.9\spring-aop-5.3.9.jar;C:\Users\ajc\.m2\repository\org\aspectj\aspectjweaver\1.9.7\aspectjweaver-1.9.7.jar;C:\Users\ajc\.m2\repository\org\springframework\boot\spring-boot-starter-jdbc\2.4.9\spring-boot-starter-jdbc-2.4.9.jar;C:\Users\ajc\.m2\repository\com\zaxxer\HikariCP\3.4.5\HikariCP-3.4.5.jar;C:\Users\ajc\.m2\repository\org\springframework\spring-jdbc\5.3.9\spring-jdbc-5.3.9.jar;C:\Users\ajc\.m2\repository\jakarta\transaction\jakarta.transaction-api\1.3.3\jakarta.transaction-api-1.3.3.jar;C:\Users\ajc\.m2\repository\jakarta\persistence\jakarta.persistence-api\2.2.3\jakarta.persistence-api-2.2.3.jar;C:\Users\ajc\.m2\repository\org\hibernate\hibernate-core\5.4.32.Final\hibernate-core-5.4.32.Final.jar;C:\Users\ajc\.m2\repository\org\jboss\logging\jboss-logging\3.4.2.Final\jboss-logging-3.4.2.Final.jar;C:\Users\ajc\.m2\repository\org\javassist\javassist\3.27.0-GA\javassist-3.27.0-GA.jar;C:\Users\ajc\.m2\repository\net\bytebuddy\byte-buddy\1.10.22\byte-buddy-1.10.22.jar;C:\Users\ajc\.m2\repository\antlr\antlr\2.7.7\antlr-2.7.7.jar;C:\Users\ajc\.m2\repository\org\jboss\jandex\2.2.3.Final\jandex-2.2.3.Final.jar;C:\Users\ajc\.m2\repository\com\fasterxml\classmate\1.5.1\classmate-1.5.1.jar;C:\Users\ajc\.m2\repository\org\dom4j\dom4j\2.1.3\dom4j-2.1.3.jar;C:\Users\ajc\.m2\repository\org\hibernate\common\hibernate-commons-annotations\5.1.2.Final\hibernate-commons-annotations-5.1.2.Final.jar;C:\Users\ajc\.m2\repository\org\glassfish\jaxb\jaxb-runtime\2.3.4\jaxb-runtime-2.3.4.jar;C:\Users\ajc\.m2\repository\org\glassfish\jaxb\txw2\2.3.4\txw2-2.3.4.jar;
Launcher Type: SUN_STANDARD

[Global flags]
     intx CICompilerCount                          = 2                                         {product} {ergonomic}
     uint ConcGCThreads                            = 1                                         {product} {ergonomic}
     uint G1ConcRefinementThreads                  = 2                                         {product} {ergonomic}
   size_t G1HeapRegionSize                         = 1048576                                   {product} {ergonomic}
    uintx GCDrainStackTargetSize                   = 64                                        {product} {ergonomic}
   size_t InitialHeapSize                          = 134217728                                 {product} {ergonomic}
   size_t MarkStackSize                            = 4194304                                   {product} {ergonomic}
   size_t MaxHeapSize                              = 2147483648                                {product} {ergonomic}
   size_t MaxNewSize                               = 1287651328                                {product} {ergonomic}
   size_t MinHeapDeltaBytes                        = 1048576                                   {product} {ergonomic}
    uintx NonNMethodCodeHeapSize                   = 5825164                                {pd product} {ergonomic}
    uintx NonProfiledCodeHeapSize                  = 122916538                              {pd product} {ergonomic}
    uintx ProfiledCodeHeapSize                     = 122916538                              {pd product} {ergonomic}
    uintx ReservedCodeCacheSize                    = 251658240                              {pd product} {ergonomic}
     bool SegmentedCodeCache                       = true                                      {product} {ergonomic}
     bool UseCompressedClassPointers               = true                                 {lp64_product} {ergonomic}
     bool UseCompressedOops                        = true                                 {lp64_product} {ergonomic}
     bool UseG1GC                                  = true                                      {product} {ergonomic}
     bool UseLargePagesIndividualAllocation        = false                                  {pd product} {ergonomic}

Logging:
Log output configuration:
 #0: stdout all=warning uptime,level,tags
 #1: stderr all=off uptime,level,tags

Environment Variables:
JAVA_HOME=C:\java\jdk-11.0.11_windows-x64_bin\jdk-11.0.11
PATH=C:/Users/ajc/.p2/pool/plugins/org.eclipse.justj.openjdk.hotspot.jre.full.win32.x86_64_16.0.1.v20210528-1205/jre/bin/server;C:/Users/ajc/.p2/pool/plugins/org.eclipse.justj.openjdk.hotspot.jre.full.win32.x86_64_16.0.1.v20210528-1205/jre/bin;C:\java\jdk-11.0.11_windows-x64_bin\jdk-11.0.11\bin;C:\java\apache-maven-3.8.1-bin\apache-maven-3.8.1\bin;C:\Windows\system32;C:\Windows;C:\Windows\System32\Wbem;C:\Windows\System32\WindowsPowerShell\v1.0\;C:\Windows\System32\OpenSSH\;C:\Program Files\Git\cmd;C:\Program Files\nodejs\;C:\Users\ajc\AppData\Local\Microsoft\WindowsApps;C:\Users\ajc\AppData\Local\atom\bin;C:\Users\ajc\AppData\Local\gitkraken\bin;C:\Users\ajc\AppData\Roaming\npm;C:\Windows\system32;
USERNAME=ajc
OS=Windows_NT
PROCESSOR_IDENTIFIER=Intel64 Family 6 Model 85 Stepping 7, GenuineIntel



---------------  S Y S T E M  ---------------

OS: Windows 10 , 64 bit Build 19041 (10.0.19041.1151)
Hyper-V virtualization detected

CPU:total 2 (initial active 2) (1 cores per cpu, 2 threads per core) family 6 model 85 stepping 7 microcode 0xffffffff, cmov, cx8, fxsr, mmx, sse, sse2, sse3, ssse3, sse4.1, sse4.2, popcnt, avx, avx2, aes, clmul, erms, rtm, 3dnowpref, lzcnt, ht, tsc, bmi1, bmi2, adx, evex, fma

Memory: 4k page, system-wide physical 8191M (815M free)
TotalPageFile size 10239M (AvailPageFile size 4M)
current process WorkingSet (physical memory assigned to process): 58M, peak: 58M
current process commit charge ("private bytes"): 206M, peak: 207M

vm_info: Java HotSpot(TM) 64-Bit Server VM (11.0.11+9-LTS-194) for windows-amd64 JRE (11.0.11+9-LTS-194), built on Mar 18 2021 18:46:53 by "mach5one" with MS VC++ 15.9 (VS2017)

END.
