#
# There is insufficient memory for the Java Runtime Environment to continue.
# Native memory allocation (mmap) failed to map 134217728 bytes for Failed to commit area from 0x0000000080000000 to 0x0000000088000000 of length 134217728.
# Possible reasons:
#   The system is out of physical RAM or swap space
#   The process is running with CompressedOops enabled, and the Java Heap may be blocking the growth of the native heap
# Possible solutions:
#   Reduce memory load on the system
#   Increase physical memory or swap space
#   Check if swap backing store is full
#   Decrease Java heap size (-Xmx/-Xms)
#   Decrease number of Java threads
#   Decrease Java thread stack sizes (-Xss)
#   Set larger code cache with -XX:ReservedCodeCacheSize=
# This output file may be truncated or incomplete.
#
#  Out of Memory Error (./open/src/hotspot/os/windows/os_windows.cpp:3273), pid=4268, tid=5148
#
# JRE version:  (11.0.11+9) (build )
# Java VM: Java HotSpot(TM) 64-Bit Server VM (11.0.11+9-LTS-194, mixed mode, sharing, tiered, compressed oops, g1 gc, windows-amd64)
# No core dump will be written. Minidumps are not enabled by default on client versions of Windows
#

---------------  S U M M A R Y ------------

Command Line: -Dfile.encoding=UTF-8 spring.boot.tptRpg.SpringBootTptRpgApplication

Host: Intel(R) Xeon(R) Platinum 8272CL CPU @ 2.60GHz, 2 cores, 7G,  Windows 10 , 64 bit Build 19041 (10.0.19041.1151)
Time: Mon Aug 30 17:20:13 2021 Europe de l’Ouest (heure d’été) elapsed time: 0.597156 seconds (0d 0h 0m 0s)

---------------  T H R E A D  ---------------

Current thread (0x0000028065e32000):  JavaThread "Unknown thread" [_thread_in_vm, id=5148, stack(0x000000a53a000000,0x000000a53a100000)]

Stack: [0x000000a53a000000,0x000000a53a100000]
Native frames: (J=compiled Java code, j=interpreted, Vv=VM code, C=native code)
V  [jvm.dll+0x616f2a]
V  [jvm.dll+0x74de7f]
V  [jvm.dll+0x74f505]
V  [jvm.dll+0x74fb83]
V  [jvm.dll+0x2436d8]
V  [jvm.dll+0x61431a]
V  [jvm.dll+0x6090f5]
V  [jvm.dll+0x2f7eec]
V  [jvm.dll+0x2f7d72]
V  [jvm.dll+0x2fca26]
V  [jvm.dll+0x33efef]
V  [jvm.dll+0x33ea20]
V  [jvm.dll+0x2d5608]
V  [jvm.dll+0x2d6766]
V  [jvm.dll+0x7299e7]
V  [jvm.dll+0x72b28f]
V  [jvm.dll+0x34bd39]
V  [jvm.dll+0x70f360]
V  [jvm.dll+0x3b50df]
V  [jvm.dll+0x3b71e1]
C  [jli.dll+0x520b]
C  [ucrtbase.dll+0x21bb2]
C  [KERNEL32.DLL+0x17034]
C  [ntdll.dll+0x52651]


---------------  P R O C E S S  ---------------

Threads class SMR info:
_java_thread_list=0x0000028065d092a0, length=0, elements={
}

Java Threads: ( => current thread )

Other Threads:
  0x0000028065e47000 GCTaskThread "GC Thread#0" [stack: 0x000000a53a100000,0x000000a53a200000] [id=12132]
  0x0000028065e78000 ConcurrentGCThread "G1 Main Marker" [stack: 0x000000a53a200000,0x000000a53a300000] [id=9736]
  0x0000028065e7b000 ConcurrentGCThread "G1 Conc#0" [stack: 0x000000a53a300000,0x000000a53a400000] [id=9816]

[error occurred during error reporting (printing all threads), id 0xc0000005, EXCEPTION_ACCESS_VIOLATION (0xc0000005) at pc=0x00007ffe557a4857]

VM state:not at safepoint (not fully initialized)

VM Mutex/Monitor currently owned by a thread:  ([mutex/lock_event])
[0x0000028065e2c9a0] Heap_lock - owner thread: 0x0000028065e32000

Heap address: 0x0000000080000000, size: 2048 MB, Compressed Oops mode: Non-zero based: 0x0000000080000000
Narrow klass base: 0x0000000000000000, Narrow klass shift: 0

GC Heap History (0 events):
No events

Deoptimization events (0 events):
No events

Classes redefined (0 events):
No events

Internal exceptions (0 events):
No events

Events (0 events):
No events


Dynamic libraries:
0x00007ff787150000 - 0x00007ff78715f000 	C:\java\jdk-11.0.11_windows-x64_bin\jdk-11.0.11\bin\javaw.exe
0x00007ffea02d0000 - 0x00007ffea04c5000 	C:\Windows\SYSTEM32\ntdll.dll
0x00007ffe9f8c0000 - 0x00007ffe9f97d000 	C:\Windows\System32\KERNEL32.DLL
0x00007ffe9def0000 - 0x00007ffe9e1b9000 	C:\Windows\System32\KERNELBASE.dll
0x00007ffe9db60000 - 0x00007ffe9dc60000 	C:\Windows\System32\ucrtbase.dll
0x00007ffe87070000 - 0x00007ffe87088000 	C:\java\jdk-11.0.11_windows-x64_bin\jdk-11.0.11\bin\jli.dll
0x00007ffe9f3e0000 - 0x00007ffe9f48c000 	C:\Windows\System32\ADVAPI32.dll
0x00007ffe9e330000 - 0x00007ffe9e3ce000 	C:\Windows\System32\msvcrt.dll
0x00007ffe9f170000 - 0x00007ffe9f20b000 	C:\Windows\System32\sechost.dll
0x00007ffe9efa0000 - 0x00007ffe9f0ca000 	C:\Windows\System32\RPCRT4.dll
0x00007ffea00f0000 - 0x00007ffea0290000 	C:\Windows\System32\USER32.dll
0x00007ffe9e220000 - 0x00007ffe9e242000 	C:\Windows\System32\win32u.dll
0x00007ffe9f140000 - 0x00007ffe9f16a000 	C:\Windows\System32\GDI32.dll
0x00007ffe9dd00000 - 0x00007ffe9de0b000 	C:\Windows\System32\gdi32full.dll
0x00007ffe9dc60000 - 0x00007ffe9dcfd000 	C:\Windows\System32\msvcp_win.dll
0x00007ffe7e740000 - 0x00007ffe7e755000 	C:\java\jdk-11.0.11_windows-x64_bin\jdk-11.0.11\bin\VCRUNTIME140.dll
0x00007ffe89610000 - 0x00007ffe898aa000 	C:\Windows\WinSxS\amd64_microsoft.windows.common-controls_6595b64144ccf1df_6.0.19041.1110_none_60b5254171f9507e\COMCTL32.dll
0x00007ffe954c0000 - 0x00007ffe954ca000 	C:\Windows\SYSTEM32\VERSION.dll
0x00007ffe9f210000 - 0x00007ffe9f240000 	C:\Windows\System32\IMM32.DLL
0x00007ffe77e70000 - 0x00007ffe77f0b000 	C:\java\jdk-11.0.11_windows-x64_bin\jdk-11.0.11\bin\msvcp140.dll
0x00007ffe554c0000 - 0x00007ffe55fbe000 	C:\java\jdk-11.0.11_windows-x64_bin\jdk-11.0.11\bin\server\jvm.dll
0x00007ffe9f980000 - 0x00007ffe9f988000 	C:\Windows\System32\PSAPI.DLL
0x00007ffe64f20000 - 0x00007ffe64f29000 	C:\Windows\SYSTEM32\WSOCK32.dll
0x00007ffe9f0d0000 - 0x00007ffe9f13b000 	C:\Windows\System32\WS2_32.dll
0x00007ffe7f6f0000 - 0x00007ffe7f717000 	C:\Windows\SYSTEM32\WINMM.dll
0x00007ffe9b2e0000 - 0x00007ffe9b2f2000 	C:\Windows\SYSTEM32\kernel.appcore.dll
0x00007ffe8ac90000 - 0x00007ffe8aca0000 	C:\java\jdk-11.0.11_windows-x64_bin\jdk-11.0.11\bin\verify.dll
0x00007ffe9d3a0000 - 0x00007ffe9d584000 	C:\Windows\SYSTEM32\DBGHELP.DLL
0x00007ffe9d130000 - 0x00007ffe9d15c000 	C:\Windows\SYSTEM32\dbgcore.DLL
0x00007ffe9e250000 - 0x00007ffe9e2d3000 	C:\Windows\System32\bcryptPrimitives.dll
0x00007ffe7e500000 - 0x00007ffe7e528000 	C:\java\jdk-11.0.11_windows-x64_bin\jdk-11.0.11\bin\java.dll
0x00007ffe87010000 - 0x00007ffe8701a000 	C:\java\jdk-11.0.11_windows-x64_bin\jdk-11.0.11\bin\jimage.dll
0x00007ffe7e2d0000 - 0x00007ffe7e2e6000 	C:\java\jdk-11.0.11_windows-x64_bin\jdk-11.0.11\bin\zip.dll

dbghelp: loaded successfully - version: 4.0.5 - missing functions: none
symbol engine: initialized successfully - sym options: 0x614 - pdb path: .;C:\java\jdk-11.0.11_windows-x64_bin\jdk-11.0.11\bin;C:\Windows\SYSTEM32;C:\Windows\WinSxS\amd64_microsoft.windows.common-controls_6595b64144ccf1df_6.0.19041.1110_none_60b5254171f9507e;C:\java\jdk-11.0.11_windows-x64_bin\jdk-11.0.11\bin\server

VM Arguments:
jvm_args: -Dfile.encoding=UTF-8 
java_command: spring.boot.tptRpg.SpringBootTptRpgApplication
java_class_path (initial): C:\Users\ajc\eclipse-workspace\RpgProjet\spring-boot-tptRpg\spring-boot-tptRpg\target\classes;C:\Users\ajc\.m2\repository\org\springframework\boot\spring-boot-starter-data-jpa\2.4.9\spring-boot-starter-data-jpa-2.4.9.jar;C:\Users\ajc\.m2\repository\org\springframework\boot\spring-boot-starter-aop\2.4.9\spring-boot-starter-aop-2.4.9.jar;C:\Users\ajc\.m2\repository\org\springframework\spring-aop\5.3.9\spring-aop-5.3.9.jar;C:\Users\ajc\.m2\repository\org\aspectj\aspectjweaver\1.9.7\aspectjweaver-1.9.7.jar;C:\Users\ajc\.m2\repository\org\springframework\boot\spring-boot-starter-jdbc\2.4.9\spring-boot-starter-jdbc-2.4.9.jar;C:\Users\ajc\.m2\repository\com\zaxxer\HikariCP\3.4.5\HikariCP-3.4.5.jar;C:\Users\ajc\.m2\repository\org\springframework\spring-jdbc\5.3.9\spring-jdbc-5.3.9.jar;C:\Users\ajc\.m2\repository\jakarta\transaction\jakarta.transaction-api\1.3.3\jakarta.transaction-api-1.3.3.jar;C:\Users\ajc\.m2\repository\jakarta\persistence\jakarta.persistence-api\2.2.3\jakarta.persistence-api-2.2.3.jar;C:\Users\ajc\.m2\repository\org\hibernate\hibernate-core\5.4.32.Final\hibernate-core-5.4.32.Final.jar;C:\Users\ajc\.m2\repository\org\jboss\logging\jboss-logging\3.4.2.Final\jboss-logging-3.4.2.Final.jar;C:\Users\ajc\.m2\repository\org\javassist\javassist\3.27.0-GA\javassist-3.27.0-GA.jar;C:\Users\ajc\.m2\repository\net\bytebuddy\byte-buddy\1.10.22\byte-buddy-1.10.22.jar;C:\Users\ajc\.m2\repository\antlr\antlr\2.7.7\antlr-2.7.7.jar;C:\Users\ajc\.m2\repository\org\jboss\jandex\2.2.3.Final\jandex-2.2.3.Final.jar;C:\Users\ajc\.m2\repository\com\fasterxml\classmate\1.5.1\classmate-1.5.1.jar;C:\Users\ajc\.m2\repository\org\dom4j\dom4j\2.1.3\dom4j-2.1.3.jar;C:\Users\ajc\.m2\repository\org\hibernate\common\hibernate-commons-annotations\5.1.2.Final\hibernate-commons-annotations-5.1.2.Final.jar;C:\Users\ajc\.m2\repository\org\glassfish\jaxb\jaxb-runtime\2.3.4\jaxb-runtime-2.3.4.jar;C:\Users\ajc\.m2\repository\org\glassfish\jaxb\txw2\2.3.4\txw2-2.3.4.jar;
Launcher Type: SUN_STANDARD

[Global flags]
     intx CICompilerCount                          = 2                                         {product} {ergonomic}
     uint ConcGCThreads                            = 1                                         {product} {ergonomic}
     uint G1ConcRefinementThreads                  = 2                                         {product} {ergonomic}
   size_t G1HeapRegionSize                         = 1048576                                   {product} {ergonomic}
    uintx GCDrainStackTargetSize                   = 64                                        {product} {ergonomic}
   size_t InitialHeapSize                          = 134217728                                 {product} {ergonomic}
   size_t MarkStackSize                            = 4194304                                   {product} {ergonomic}
   size_t MaxHeapSize                              = 2147483648                                {product} {ergonomic}
   size_t MinHeapDeltaBytes                        = 1048576                                   {product} {ergonomic}
    uintx NonNMethodCodeHeapSize                   = 5825164                                {pd product} {ergonomic}
    uintx NonProfiledCodeHeapSize                  = 122916538                              {pd product} {ergonomic}
    uintx ProfiledCodeHeapSize                     = 122916538                              {pd product} {ergonomic}
    uintx ReservedCodeCacheSize                    = 251658240                              {pd product} {ergonomic}
     bool SegmentedCodeCache                       = true                                      {product} {ergonomic}
     bool UseCompressedClassPointers               = true                                 {lp64_product} {ergonomic}
     bool UseCompressedOops                        = true                                 {lp64_product} {ergonomic}
     bool UseG1GC                                  = true                                      {product} {ergonomic}
     bool UseLargePagesIndividualAllocation        = false                                  {pd product} {ergonomic}

Logging:
Log output configuration:
 #0: stdout all=warning uptime,level,tags
 #1: stderr all=off uptime,level,tags

Environment Variables:
JAVA_HOME=C:\java\jdk-11.0.11_windows-x64_bin\jdk-11.0.11
PATH=C:/Users/ajc/.p2/pool/plugins/org.eclipse.justj.openjdk.hotspot.jre.full.win32.x86_64_16.0.1.v20210528-1205/jre/bin/server;C:/Users/ajc/.p2/pool/plugins/org.eclipse.justj.openjdk.hotspot.jre.full.win32.x86_64_16.0.1.v20210528-1205/jre/bin;C:\java\jdk-11.0.11_windows-x64_bin\jdk-11.0.11\bin;C:\java\apache-maven-3.8.1-bin\apache-maven-3.8.1\bin;C:\Windows\system32;C:\Windows;C:\Windows\System32\Wbem;C:\Windows\System32\WindowsPowerShell\v1.0\;C:\Windows\System32\OpenSSH\;C:\Program Files\Git\cmd;C:\Program Files\nodejs\;C:\Users\ajc\AppData\Local\Microsoft\WindowsApps;C:\Users\ajc\AppData\Local\atom\bin;C:\Users\ajc\AppData\Local\gitkraken\bin;C:\Users\ajc\AppData\Roaming\npm;C:\Windows\system32;
USERNAME=ajc
OS=Windows_NT
PROCESSOR_IDENTIFIER=Intel64 Family 6 Model 85 Stepping 7, GenuineIntel



---------------  S Y S T E M  ---------------

OS: Windows 10 , 64 bit Build 19041 (10.0.19041.1151)
Hyper-V virtualization detected

CPU:total 2 (initial active 2) (1 cores per cpu, 2 threads per core) family 6 model 85 stepping 7 microcode 0xffffffff, cmov, cx8, fxsr, mmx, sse, sse2, sse3, ssse3, sse4.1, sse4.2, popcnt, avx, avx2, aes, clmul, erms, rtm, 3dnowpref, lzcnt, ht, tsc, bmi1, bmi2, adx, evex, fma

Memory: 4k page, system-wide physical 8191M (705M free)
TotalPageFile size 10239M (AvailPageFile size 57M)
current process WorkingSet (physical memory assigned to process): 9M, peak: 9M
current process commit charge ("private bytes"): 47M, peak: 175M

vm_info: Java HotSpot(TM) 64-Bit Server VM (11.0.11+9-LTS-194) for windows-amd64 JRE (11.0.11+9-LTS-194), built on Mar 18 2021 18:46:53 by "mach5one" with MS VC++ 15.9 (VS2017)

END.
