#
# There is insufficient memory for the Java Runtime Environment to continue.
# Native memory allocation (malloc) failed to allocate 3039216 bytes for Chunk::new
# Possible reasons:
#   The system is out of physical RAM or swap space
#   The process is running with CompressedOops enabled, and the Java Heap may be blocking the growth of the native heap
# Possible solutions:
#   Reduce memory load on the system
#   Increase physical memory or swap space
#   Check if swap backing store is full
#   Decrease Java heap size (-Xmx/-Xms)
#   Decrease number of Java threads
#   Decrease Java thread stack sizes (-Xss)
#   Set larger code cache with -XX:ReservedCodeCacheSize=
#   JVM is running with Unscaled Compressed Oops mode in which the Java heap is
#     placed in the first 4GB address space. The Java Heap base address is the
#     maximum limit for the native heap growth. Please use -XX:HeapBaseMinAddress
#     to set the Java Heap base and to place the Java Heap above 4GB virtual address.
# This output file may be truncated or incomplete.
#
#  Out of Memory Error (./open/src/hotspot/share/memory/arena.cpp:197), pid=10184, tid=2024
#
# JRE version: Java(TM) SE Runtime Environment 18.9 (11.0.11+9) (build 11.0.11+9-LTS-194)
# Java VM: Java HotSpot(TM) 64-Bit Server VM 18.9 (11.0.11+9-LTS-194, mixed mode, tiered, compressed oops, g1 gc, windows-amd64)
# No core dump will be written. Minidumps are not enabled by default on client versions of Windows
#

---------------  S U M M A R Y ------------

Command Line: -Dfile.encoding=UTF-8 spring.boot.tptRpg.SpringBootTptRpgApplication

Host: Intel(R) Xeon(R) Platinum 8272CL CPU @ 2.60GHz, 2 cores, 7G,  Windows 10 , 64 bit Build 19041 (10.0.19041.1151)
Time: Mon Aug 30 17:20:29 2021 Europe de l’Ouest (heure d’été) elapsed time: 24.519249 seconds (0d 0h 0m 24s)

---------------  T H R E A D  ---------------

Current thread (0x0000020a65314000):  JavaThread "C2 CompilerThread0" daemon [_thread_in_native, id=2024, stack(0x000000cd59e00000,0x000000cd59f00000)]


Current CompileTask:
C2:  24519 6457   !   4       org.springframework.core.annotation.AnnotationsScanner::processClassHierarchy (227 bytes)

Stack: [0x000000cd59e00000,0x000000cd59f00000]
Native frames: (J=compiled Java code, j=interpreted, Vv=VM code, C=native code)
V  [jvm.dll+0x616f2a]
V  [jvm.dll+0x74de7f]
V  [jvm.dll+0x74f505]
V  [jvm.dll+0x74fb83]
V  [jvm.dll+0x2436d8]
V  [jvm.dll+0xba68c]
V  [jvm.dll+0xbad8c]
V  [jvm.dll+0x3462b7]
V  [jvm.dll+0x193fc1]
V  [jvm.dll+0x1fd152]
V  [jvm.dll+0x1fc22f]
V  [jvm.dll+0x17f0bc]
V  [jvm.dll+0x20b68c]
V  [jvm.dll+0x20978b]
V  [jvm.dll+0x7152c9]
V  [jvm.dll+0x70dfc4]
V  [jvm.dll+0x6160f6]
C  [ucrtbase.dll+0x21bb2]
C  [KERNEL32.DLL+0x17034]
C  [ntdll.dll+0x52651]


---------------  P R O C E S S  ---------------

Threads class SMR info:
_java_thread_list=0x0000020a69894b20, length=18, elements={
0x0000020a47280800, 0x0000020a652f5000, 0x0000020a652ff000, 0x0000020a65cc2800,
0x0000020a65313000, 0x0000020a65314000, 0x0000020a65cee800, 0x0000020a65cf6000,
0x0000020a65dec000, 0x0000020a65df1000, 0x0000020a66d8f000, 0x0000020a66b8a000,
0x0000020a6717a000, 0x0000020a6953d000, 0x0000020a6953e000, 0x0000020a6953e800,
0x0000020a692a5000, 0x0000020a66501800
}

Java Threads: ( => current thread )
  0x0000020a47280800 JavaThread "main" [_thread_blocked, id=7472, stack(0x000000cd59300000,0x000000cd59400000)]
  0x0000020a652f5000 JavaThread "Reference Handler" daemon [_thread_blocked, id=10192, stack(0x000000cd59a00000,0x000000cd59b00000)]
  0x0000020a652ff000 JavaThread "Finalizer" daemon [_thread_blocked, id=1076, stack(0x000000cd59b00000,0x000000cd59c00000)]
  0x0000020a65cc2800 JavaThread "Signal Dispatcher" daemon [_thread_blocked, id=8904, stack(0x000000cd59c00000,0x000000cd59d00000)]
  0x0000020a65313000 JavaThread "Attach Listener" daemon [_thread_blocked, id=3496, stack(0x000000cd59d00000,0x000000cd59e00000)]
=>0x0000020a65314000 JavaThread "C2 CompilerThread0" daemon [_thread_in_native, id=2024, stack(0x000000cd59e00000,0x000000cd59f00000)]
  0x0000020a65cee800 JavaThread "C1 CompilerThread0" daemon [_thread_in_vm, id=5928, stack(0x000000cd59f00000,0x000000cd5a000000)]
  0x0000020a65cf6000 JavaThread "Sweeper thread" daemon [_thread_blocked, id=11084, stack(0x000000cd5a000000,0x000000cd5a100000)]
  0x0000020a65dec000 JavaThread "Service Thread" daemon [_thread_blocked, id=11148, stack(0x000000cd5a100000,0x000000cd5a200000)]
  0x0000020a65df1000 JavaThread "Common-Cleaner" daemon [_thread_blocked, id=5528, stack(0x000000cd5a300000,0x000000cd5a400000)]
  0x0000020a66d8f000 JavaThread "Thread-0" [_thread_blocked, id=10368, stack(0x000000cd5a500000,0x000000cd5a600000)]
  0x0000020a66b8a000 JavaThread "restartedMain" [_thread_in_vm, id=10356, stack(0x000000cd5a600000,0x000000cd5a700000)]
  0x0000020a6717a000 JavaThread "Catalina-utility-1" [_thread_blocked, id=12056, stack(0x000000cd5a700000,0x000000cd5a800000)]
  0x0000020a6953d000 JavaThread "Catalina-utility-2" [_thread_blocked, id=5960, stack(0x000000cd5a800000,0x000000cd5a900000)]
  0x0000020a6953e000 JavaThread "container-0" [_thread_blocked, id=10488, stack(0x000000cd5a900000,0x000000cd5aa00000)]
  0x0000020a6953e800 JavaThread "mysql-cj-abandoned-connection-cleanup" daemon [_thread_blocked, id=10120, stack(0x000000cd5aa00000,0x000000cd5ab00000)]
  0x0000020a692a5000 JavaThread "HikariPool-1 housekeeper" daemon [_thread_blocked, id=8016, stack(0x000000cd5ac00000,0x000000cd5ad00000)]
  0x0000020a66501800 JavaThread "Live Reload Server" daemon [_thread_in_native, id=3548, stack(0x000000cd5af00000,0x000000cd5b000000)]

Other Threads:
  0x0000020a652f3000 VMThread "VM Thread" [stack: 0x000000cd59900000,0x000000cd59a00000] [id=7180]
  0x0000020a65df3000 WatcherThread [stack: 0x000000cd5a200000,0x000000cd5a300000] [id=4032]
  0x0000020a47294800 GCTaskThread "GC Thread#0" [stack: 0x000000cd59400000,0x000000cd59500000] [id=8048]
  0x0000020a6626e800 GCTaskThread "GC Thread#1" [stack: 0x000000cd5a400000,0x000000cd5a500000] [id=5900]
  0x0000020a472c6000 ConcurrentGCThread "G1 Main Marker" [stack: 0x000000cd59500000,0x000000cd59600000] [id=5320]
  0x0000020a472c9000 ConcurrentGCThread "G1 Conc#0" [stack: 0x000000cd59600000,0x000000cd59700000] [id=7776]
  0x0000020a47350800 ConcurrentGCThread "G1 Refine#0" [stack: 0x000000cd59700000,0x000000cd59800000] [id=2844]
  0x0000020a47351800 ConcurrentGCThread "G1 Young RemSet Sampling" [stack: 0x000000cd59800000,0x000000cd59900000] [id=11724]

Threads with active compile tasks:
C2 CompilerThread0  24535 6457   !   4       org.springframework.core.annotation.AnnotationsScanner::processClassHierarchy (227 bytes)
C1 CompilerThread0  24535 6660       2       java.util.Collections$2::forEachRemaining (7 bytes)

VM state:not at safepoint (normal execution)

VM Mutex/Monitor currently owned by a thread: None

Heap address: 0x0000000080000000, size: 2048 MB, Compressed Oops mode: 32-bit
Narrow klass base: 0x0000000000000000, Narrow klass shift: 3
Compressed class space size: 1073741824 Address: 0x0000000100000000

Heap:
 garbage-first heap   total 157696K, used 60726K [0x0000000080000000, 0x0000000100000000)
  region size 1024K, 44 young (45056K), 8 survivors (8192K)
 Metaspace       used 61955K, capacity 63486K, committed 63616K, reserved 1103872K
  class space    used 7717K, capacity 8300K, committed 8320K, reserved 1048576K
Heap Regions: E=young(eden), S=young(survivor), O=old, HS=humongous(starts), HC=humongous(continues), CS=collection set, F=free, A=archive, TAMS=top-at-mark-start (previous, next)
|   0|0x0000000080000000, 0x0000000080100000, 0x0000000080100000|100%|HS|  |TAMS 0x0000000080100000, 0x0000000080000000| Complete 
|   1|0x0000000080100000, 0x0000000080200000, 0x0000000080200000|100%| O|  |TAMS 0x0000000080200000, 0x0000000080100000| Untracked 
|   2|0x0000000080200000, 0x0000000080300000, 0x0000000080300000|100%| O|  |TAMS 0x0000000080300000, 0x0000000080200000| Untracked 
|   3|0x0000000080300000, 0x0000000080400000, 0x0000000080400000|100%| O|  |TAMS 0x0000000080400000, 0x0000000080300000| Untracked 
|   4|0x0000000080400000, 0x0000000080500000, 0x0000000080500000|100%| O|  |TAMS 0x0000000080500000, 0x0000000080400000| Untracked 
|   5|0x0000000080500000, 0x0000000080600000, 0x0000000080600000|100%| O|  |TAMS 0x0000000080600000, 0x0000000080500000| Untracked 
|   6|0x0000000080600000, 0x0000000080700000, 0x0000000080700000|100%| O|  |TAMS 0x0000000080700000, 0x0000000080600000| Untracked 
|   7|0x0000000080700000, 0x0000000080800000, 0x0000000080800000|100%| O|  |TAMS 0x0000000080800000, 0x0000000080700000| Untracked 
|   8|0x0000000080800000, 0x0000000080900000, 0x0000000080900000|100%| O|  |TAMS 0x0000000080900000, 0x0000000080800000| Untracked 
|   9|0x0000000080900000, 0x0000000080a00000, 0x0000000080a00000|100%| O|  |TAMS 0x0000000080a00000, 0x0000000080900000| Untracked 
|  10|0x0000000080a00000, 0x0000000080b00000, 0x0000000080b00000|100%| O|  |TAMS 0x0000000080b00000, 0x0000000080a00000| Untracked 
|  11|0x0000000080b00000, 0x0000000080c00000, 0x0000000080c00000|100%| O|  |TAMS 0x0000000080c00000, 0x0000000080b00000| Untracked 
|  12|0x0000000080c00000, 0x0000000080d00000, 0x0000000080d00000|100%| O|  |TAMS 0x0000000080d00000, 0x0000000080c00000| Untracked 
|  13|0x0000000080d00000, 0x0000000080e00000, 0x0000000080e00000|100%| O|  |TAMS 0x0000000080e00000, 0x0000000080d00000| Untracked 
|  14|0x0000000080e00000, 0x0000000080f00000, 0x0000000080f00000|100%| O|  |TAMS 0x0000000080f00000, 0x0000000080e00000| Untracked 
|  15|0x0000000080f00000, 0x0000000081000000, 0x0000000081000000|100%| O|  |TAMS 0x0000000081000000, 0x0000000080f00000| Untracked 
|  16|0x0000000081000000, 0x000000008104da00, 0x0000000081100000| 30%| O|  |TAMS 0x000000008104da00, 0x0000000081000000| Untracked 
|  17|0x0000000081100000, 0x0000000081100000, 0x0000000081200000|  0%| F|  |TAMS 0x0000000081100000, 0x0000000081100000| Untracked 
|  18|0x0000000081200000, 0x0000000081200000, 0x0000000081300000|  0%| F|  |TAMS 0x0000000081200000, 0x0000000081200000| Untracked 
|  19|0x0000000081300000, 0x0000000081300000, 0x0000000081400000|  0%| F|  |TAMS 0x0000000081300000, 0x0000000081300000| Untracked 
|  20|0x0000000081400000, 0x0000000081400000, 0x0000000081500000|  0%| F|  |TAMS 0x0000000081400000, 0x0000000081400000| Untracked 
|  21|0x0000000081500000, 0x0000000081500000, 0x0000000081600000|  0%| F|  |TAMS 0x0000000081500000, 0x0000000081500000| Untracked 
|  22|0x0000000081600000, 0x0000000081600000, 0x0000000081700000|  0%| F|  |TAMS 0x0000000081600000, 0x0000000081600000| Untracked 
|  23|0x0000000081700000, 0x0000000081700000, 0x0000000081800000|  0%| F|  |TAMS 0x0000000081700000, 0x0000000081700000| Untracked 
|  24|0x0000000081800000, 0x0000000081800000, 0x0000000081900000|  0%| F|  |TAMS 0x0000000081800000, 0x0000000081800000| Untracked 
|  25|0x0000000081900000, 0x0000000081900000, 0x0000000081a00000|  0%| F|  |TAMS 0x0000000081900000, 0x0000000081900000| Untracked 
|  26|0x0000000081a00000, 0x0000000081a00000, 0x0000000081b00000|  0%| F|  |TAMS 0x0000000081a00000, 0x0000000081a00000| Untracked 
|  27|0x0000000081b00000, 0x0000000081b00000, 0x0000000081c00000|  0%| F|  |TAMS 0x0000000081b00000, 0x0000000081b00000| Untracked 
|  28|0x0000000081c00000, 0x0000000081c00000, 0x0000000081d00000|  0%| F|  |TAMS 0x0000000081c00000, 0x0000000081c00000| Untracked 
|  29|0x0000000081d00000, 0x0000000081d00000, 0x0000000081e00000|  0%| F|  |TAMS 0x0000000081d00000, 0x0000000081d00000| Untracked 
|  30|0x0000000081e00000, 0x0000000081e00000, 0x0000000081f00000|  0%| F|  |TAMS 0x0000000081e00000, 0x0000000081e00000| Untracked 
|  31|0x0000000081f00000, 0x0000000081f00000, 0x0000000082000000|  0%| F|  |TAMS 0x0000000081f00000, 0x0000000081f00000| Untracked 
|  32|0x0000000082000000, 0x0000000082000000, 0x0000000082100000|  0%| F|  |TAMS 0x0000000082000000, 0x0000000082000000| Untracked 
|  33|0x0000000082100000, 0x0000000082100000, 0x0000000082200000|  0%| F|  |TAMS 0x0000000082100000, 0x0000000082100000| Untracked 
|  34|0x0000000082200000, 0x0000000082200000, 0x0000000082300000|  0%| F|  |TAMS 0x0000000082200000, 0x0000000082200000| Untracked 
|  35|0x0000000082300000, 0x0000000082300000, 0x0000000082400000|  0%| F|  |TAMS 0x0000000082300000, 0x0000000082300000| Untracked 
|  36|0x0000000082400000, 0x0000000082400000, 0x0000000082500000|  0%| F|  |TAMS 0x0000000082400000, 0x0000000082400000| Untracked 
|  37|0x0000000082500000, 0x0000000082500000, 0x0000000082600000|  0%| F|  |TAMS 0x0000000082500000, 0x0000000082500000| Untracked 
|  38|0x0000000082600000, 0x0000000082600000, 0x0000000082700000|  0%| F|  |TAMS 0x0000000082600000, 0x0000000082600000| Untracked 
|  39|0x0000000082700000, 0x0000000082700000, 0x0000000082800000|  0%| F|  |TAMS 0x0000000082700000, 0x0000000082700000| Untracked 
|  40|0x0000000082800000, 0x0000000082800000, 0x0000000082900000|  0%| F|  |TAMS 0x0000000082800000, 0x0000000082800000| Untracked 
|  41|0x0000000082900000, 0x0000000082900000, 0x0000000082a00000|  0%| F|  |TAMS 0x0000000082900000, 0x0000000082900000| Untracked 
|  42|0x0000000082a00000, 0x0000000082a00000, 0x0000000082b00000|  0%| F|  |TAMS 0x0000000082a00000, 0x0000000082a00000| Untracked 
|  43|0x0000000082b00000, 0x0000000082b00000, 0x0000000082c00000|  0%| F|  |TAMS 0x0000000082b00000, 0x0000000082b00000| Untracked 
|  44|0x0000000082c00000, 0x0000000082c00000, 0x0000000082d00000|  0%| F|  |TAMS 0x0000000082c00000, 0x0000000082c00000| Untracked 
|  45|0x0000000082d00000, 0x0000000082d00000, 0x0000000082e00000|  0%| F|  |TAMS 0x0000000082d00000, 0x0000000082d00000| Untracked 
|  46|0x0000000082e00000, 0x0000000082e00000, 0x0000000082f00000|  0%| F|  |TAMS 0x0000000082e00000, 0x0000000082e00000| Untracked 
|  47|0x0000000082f00000, 0x0000000082f00000, 0x0000000083000000|  0%| F|  |TAMS 0x0000000082f00000, 0x0000000082f00000| Untracked 
|  48|0x0000000083000000, 0x0000000083000000, 0x0000000083100000|  0%| F|  |TAMS 0x0000000083000000, 0x0000000083000000| Untracked 
|  49|0x0000000083100000, 0x0000000083100000, 0x0000000083200000|  0%| F|  |TAMS 0x0000000083100000, 0x0000000083100000| Untracked 
|  50|0x0000000083200000, 0x0000000083200000, 0x0000000083300000|  0%| F|  |TAMS 0x0000000083200000, 0x0000000083200000| Untracked 
|  51|0x0000000083300000, 0x0000000083300000, 0x0000000083400000|  0%| F|  |TAMS 0x0000000083300000, 0x0000000083300000| Untracked 
|  52|0x0000000083400000, 0x0000000083400000, 0x0000000083500000|  0%| F|  |TAMS 0x0000000083400000, 0x0000000083400000| Untracked 
|  53|0x0000000083500000, 0x0000000083500000, 0x0000000083600000|  0%| F|  |TAMS 0x0000000083500000, 0x0000000083500000| Untracked 
|  54|0x0000000083600000, 0x0000000083600000, 0x0000000083700000|  0%| F|  |TAMS 0x0000000083600000, 0x0000000083600000| Untracked 
|  55|0x0000000083700000, 0x0000000083700000, 0x0000000083800000|  0%| F|  |TAMS 0x0000000083700000, 0x0000000083700000| Untracked 
|  56|0x0000000083800000, 0x0000000083800000, 0x0000000083900000|  0%| F|  |TAMS 0x0000000083800000, 0x0000000083800000| Untracked 
|  57|0x0000000083900000, 0x0000000083900000, 0x0000000083a00000|  0%| F|  |TAMS 0x0000000083900000, 0x0000000083900000| Untracked 
|  58|0x0000000083a00000, 0x0000000083a00000, 0x0000000083b00000|  0%| F|  |TAMS 0x0000000083a00000, 0x0000000083a00000| Untracked 
|  59|0x0000000083b00000, 0x0000000083b00000, 0x0000000083c00000|  0%| F|  |TAMS 0x0000000083b00000, 0x0000000083b00000| Untracked 
|  60|0x0000000083c00000, 0x0000000083c00000, 0x0000000083d00000|  0%| F|  |TAMS 0x0000000083c00000, 0x0000000083c00000| Untracked 
|  61|0x0000000083d00000, 0x0000000083e00000, 0x0000000083e00000|100%| S|CS|TAMS 0x0000000083d00000, 0x0000000083d00000| Complete 
|  62|0x0000000083e00000, 0x0000000083e00000, 0x0000000083f00000|  0%| F|  |TAMS 0x0000000083e00000, 0x0000000083e00000| Untracked 
|  63|0x0000000083f00000, 0x0000000083f00000, 0x0000000084000000|  0%| F|  |TAMS 0x0000000083f00000, 0x0000000083f00000| Untracked 
|  64|0x0000000084000000, 0x0000000084000000, 0x0000000084100000|  0%| F|  |TAMS 0x0000000084000000, 0x0000000084000000| Untracked 
|  65|0x0000000084100000, 0x0000000084100000, 0x0000000084200000|  0%| F|  |TAMS 0x0000000084100000, 0x0000000084100000| Untracked 
|  66|0x0000000084200000, 0x0000000084200000, 0x0000000084300000|  0%| F|  |TAMS 0x0000000084200000, 0x0000000084200000| Untracked 
|  67|0x0000000084300000, 0x0000000084300000, 0x0000000084400000|  0%| F|  |TAMS 0x0000000084300000, 0x0000000084300000| Untracked 
|  68|0x0000000084400000, 0x0000000084400000, 0x0000000084500000|  0%| F|  |TAMS 0x0000000084400000, 0x0000000084400000| Untracked 
|  69|0x0000000084500000, 0x0000000084500000, 0x0000000084600000|  0%| F|  |TAMS 0x0000000084500000, 0x0000000084500000| Untracked 
|  70|0x0000000084600000, 0x0000000084600000, 0x0000000084700000|  0%| F|  |TAMS 0x0000000084600000, 0x0000000084600000| Untracked 
|  71|0x0000000084700000, 0x0000000084800000, 0x0000000084800000|100%| S|CS|TAMS 0x0000000084700000, 0x0000000084700000| Complete 
|  72|0x0000000084800000, 0x0000000084900000, 0x0000000084900000|100%| S|CS|TAMS 0x0000000084800000, 0x0000000084800000| Complete 
|  73|0x0000000084900000, 0x0000000084a00000, 0x0000000084a00000|100%| S|CS|TAMS 0x0000000084900000, 0x0000000084900000| Complete 
|  74|0x0000000084a00000, 0x0000000084b00000, 0x0000000084b00000|100%| S|CS|TAMS 0x0000000084a00000, 0x0000000084a00000| Complete 
|  75|0x0000000084b00000, 0x0000000084c00000, 0x0000000084c00000|100%| S|CS|TAMS 0x0000000084b00000, 0x0000000084b00000| Complete 
|  76|0x0000000084c00000, 0x0000000084d00000, 0x0000000084d00000|100%| S|CS|TAMS 0x0000000084c00000, 0x0000000084c00000| Complete 
|  77|0x0000000084d00000, 0x0000000084e00000, 0x0000000084e00000|100%| S|CS|TAMS 0x0000000084d00000, 0x0000000084d00000| Complete 
|  78|0x0000000084e00000, 0x0000000084e00000, 0x0000000084f00000|  0%| F|  |TAMS 0x0000000084e00000, 0x0000000084e00000| Untracked 
|  79|0x0000000084f00000, 0x0000000084f00000, 0x0000000085000000|  0%| F|  |TAMS 0x0000000084f00000, 0x0000000084f00000| Untracked 
|  80|0x0000000085000000, 0x0000000085000000, 0x0000000085100000|  0%| F|  |TAMS 0x0000000085000000, 0x0000000085000000| Untracked 
|  81|0x0000000085100000, 0x0000000085100000, 0x0000000085200000|  0%| F|  |TAMS 0x0000000085100000, 0x0000000085100000| Untracked 
|  82|0x0000000085200000, 0x0000000085200000, 0x0000000085300000|  0%| F|  |TAMS 0x0000000085200000, 0x0000000085200000| Untracked 
|  83|0x0000000085300000, 0x0000000085300000, 0x0000000085400000|  0%| F|  |TAMS 0x0000000085300000, 0x0000000085300000| Untracked 
|  84|0x0000000085400000, 0x0000000085400000, 0x0000000085500000|  0%| F|  |TAMS 0x0000000085400000, 0x0000000085400000| Untracked 
|  85|0x0000000085500000, 0x0000000085500000, 0x0000000085600000|  0%| F|  |TAMS 0x0000000085500000, 0x0000000085500000| Untracked 
|  86|0x0000000085600000, 0x0000000085600000, 0x0000000085700000|  0%| F|  |TAMS 0x0000000085600000, 0x0000000085600000| Untracked 
|  87|0x0000000085700000, 0x0000000085700000, 0x0000000085800000|  0%| F|  |TAMS 0x0000000085700000, 0x0000000085700000| Untracked 
|  88|0x0000000085800000, 0x0000000085800000, 0x0000000085900000|  0%| F|  |TAMS 0x0000000085800000, 0x0000000085800000| Untracked 
|  89|0x0000000085900000, 0x0000000085900000, 0x0000000085a00000|  0%| F|  |TAMS 0x0000000085900000, 0x0000000085900000| Untracked 
|  90|0x0000000085a00000, 0x0000000085a00000, 0x0000000085b00000|  0%| F|  |TAMS 0x0000000085a00000, 0x0000000085a00000| Untracked 
|  91|0x0000000085b00000, 0x0000000085b00000, 0x0000000085c00000|  0%| F|  |TAMS 0x0000000085b00000, 0x0000000085b00000| Untracked 
|  92|0x0000000085c00000, 0x0000000085c00000, 0x0000000085d00000|  0%| F|  |TAMS 0x0000000085c00000, 0x0000000085c00000| Untracked 
|  93|0x0000000085d00000, 0x0000000085d00000, 0x0000000085e00000|  0%| F|  |TAMS 0x0000000085d00000, 0x0000000085d00000| Untracked 
|  94|0x0000000085e00000, 0x0000000085e00000, 0x0000000085f00000|  0%| F|  |TAMS 0x0000000085e00000, 0x0000000085e00000| Untracked 
|  95|0x0000000085f00000, 0x0000000085f00000, 0x0000000086000000|  0%| F|  |TAMS 0x0000000085f00000, 0x0000000085f00000| Untracked 
|  96|0x0000000086000000, 0x0000000086000000, 0x0000000086100000|  0%| F|  |TAMS 0x0000000086000000, 0x0000000086000000| Untracked 
|  97|0x0000000086100000, 0x0000000086100000, 0x0000000086200000|  0%| F|  |TAMS 0x0000000086100000, 0x0000000086100000| Untracked 
|  98|0x0000000086200000, 0x0000000086200000, 0x0000000086300000|  0%| F|  |TAMS 0x0000000086200000, 0x0000000086200000| Untracked 
|  99|0x0000000086300000, 0x0000000086300000, 0x0000000086400000|  0%| F|  |TAMS 0x0000000086300000, 0x0000000086300000| Untracked 
| 100|0x0000000086400000, 0x0000000086400000, 0x0000000086500000|  0%| F|  |TAMS 0x0000000086400000, 0x0000000086400000| Untracked 
| 101|0x0000000086500000, 0x0000000086500000, 0x0000000086600000|  0%| F|  |TAMS 0x0000000086500000, 0x0000000086500000| Untracked 
| 102|0x0000000086600000, 0x0000000086600000, 0x0000000086700000|  0%| F|  |TAMS 0x0000000086600000, 0x0000000086600000| Untracked 
| 103|0x0000000086700000, 0x0000000086700000, 0x0000000086800000|  0%| F|  |TAMS 0x0000000086700000, 0x0000000086700000| Untracked 
| 104|0x0000000086800000, 0x0000000086800000, 0x0000000086900000|  0%| F|  |TAMS 0x0000000086800000, 0x0000000086800000| Untracked 
| 105|0x0000000086900000, 0x0000000086900000, 0x0000000086a00000|  0%| F|  |TAMS 0x0000000086900000, 0x0000000086900000| Untracked 
| 106|0x0000000086a00000, 0x0000000086a00000, 0x0000000086b00000|  0%| F|  |TAMS 0x0000000086a00000, 0x0000000086a00000| Untracked 
| 107|0x0000000086b00000, 0x0000000086b00000, 0x0000000086c00000|  0%| F|  |TAMS 0x0000000086b00000, 0x0000000086b00000| Untracked 
| 108|0x0000000086c00000, 0x0000000086c00000, 0x0000000086d00000|  0%| F|  |TAMS 0x0000000086c00000, 0x0000000086c00000| Untracked 
| 109|0x0000000086d00000, 0x0000000086d00000, 0x0000000086e00000|  0%| F|  |TAMS 0x0000000086d00000, 0x0000000086d00000| Untracked 
| 110|0x0000000086e00000, 0x0000000086e00000, 0x0000000086f00000|  0%| F|  |TAMS 0x0000000086e00000, 0x0000000086e00000| Untracked 
| 111|0x0000000086f00000, 0x0000000086f00000, 0x0000000087000000|  0%| F|  |TAMS 0x0000000086f00000, 0x0000000086f00000| Untracked 
| 112|0x0000000087000000, 0x0000000087000000, 0x0000000087100000|  0%| F|  |TAMS 0x0000000087000000, 0x0000000087000000| Untracked 
| 113|0x0000000087100000, 0x0000000087100000, 0x0000000087200000|  0%| F|  |TAMS 0x0000000087100000, 0x0000000087100000| Untracked 
| 114|0x0000000087200000, 0x0000000087200000, 0x0000000087300000|  0%| F|  |TAMS 0x0000000087200000, 0x0000000087200000| Untracked 
| 115|0x0000000087300000, 0x0000000087300000, 0x0000000087400000|  0%| F|  |TAMS 0x0000000087300000, 0x0000000087300000| Untracked 
| 116|0x0000000087400000, 0x0000000087400000, 0x0000000087500000|  0%| F|  |TAMS 0x0000000087400000, 0x0000000087400000| Untracked 
| 117|0x0000000087500000, 0x0000000087500000, 0x0000000087600000|  0%| F|  |TAMS 0x0000000087500000, 0x0000000087500000| Untracked 
| 118|0x0000000087600000, 0x0000000087700000, 0x0000000087700000|100%| E|  |TAMS 0x0000000087600000, 0x0000000087600000| Complete 
| 119|0x0000000087700000, 0x0000000087800000, 0x0000000087800000|100%| E|CS|TAMS 0x0000000087700000, 0x0000000087700000| Complete 
| 120|0x0000000087800000, 0x0000000087900000, 0x0000000087900000|100%| E|CS|TAMS 0x0000000087800000, 0x0000000087800000| Complete 
| 121|0x0000000087900000, 0x0000000087a00000, 0x0000000087a00000|100%| E|CS|TAMS 0x0000000087900000, 0x0000000087900000| Complete 
| 122|0x0000000087a00000, 0x0000000087b00000, 0x0000000087b00000|100%| E|CS|TAMS 0x0000000087a00000, 0x0000000087a00000| Complete 
| 123|0x0000000087b00000, 0x0000000087c00000, 0x0000000087c00000|100%| E|CS|TAMS 0x0000000087b00000, 0x0000000087b00000| Complete 
| 124|0x0000000087c00000, 0x0000000087d00000, 0x0000000087d00000|100%| E|CS|TAMS 0x0000000087c00000, 0x0000000087c00000| Complete 
| 125|0x0000000087d00000, 0x0000000087e00000, 0x0000000087e00000|100%| E|CS|TAMS 0x0000000087d00000, 0x0000000087d00000| Complete 
| 126|0x0000000087e00000, 0x0000000087f00000, 0x0000000087f00000|100%| E|CS|TAMS 0x0000000087e00000, 0x0000000087e00000| Complete 
| 127|0x0000000087f00000, 0x0000000088000000, 0x0000000088000000|100%| E|CS|TAMS 0x0000000087f00000, 0x0000000087f00000| Complete 
| 128|0x0000000088000000, 0x0000000088100000, 0x0000000088100000|100%| E|CS|TAMS 0x0000000088000000, 0x0000000088000000| Complete 
| 129|0x0000000088100000, 0x0000000088200000, 0x0000000088200000|100%| E|CS|TAMS 0x0000000088100000, 0x0000000088100000| Complete 
| 130|0x0000000088200000, 0x0000000088300000, 0x0000000088300000|100%| E|CS|TAMS 0x0000000088200000, 0x0000000088200000| Complete 
| 131|0x0000000088300000, 0x0000000088400000, 0x0000000088400000|100%| E|CS|TAMS 0x0000000088300000, 0x0000000088300000| Complete 
| 132|0x0000000088400000, 0x0000000088500000, 0x0000000088500000|100%| E|CS|TAMS 0x0000000088400000, 0x0000000088400000| Complete 
| 133|0x0000000088500000, 0x0000000088600000, 0x0000000088600000|100%| E|CS|TAMS 0x0000000088500000, 0x0000000088500000| Complete 
| 134|0x0000000088600000, 0x0000000088700000, 0x0000000088700000|100%| E|CS|TAMS 0x0000000088600000, 0x0000000088600000| Complete 
| 135|0x0000000088700000, 0x0000000088800000, 0x0000000088800000|100%| E|CS|TAMS 0x0000000088700000, 0x0000000088700000| Complete 
| 136|0x0000000088800000, 0x0000000088900000, 0x0000000088900000|100%| E|CS|TAMS 0x0000000088800000, 0x0000000088800000| Complete 
| 137|0x0000000088900000, 0x0000000088a00000, 0x0000000088a00000|100%| E|CS|TAMS 0x0000000088900000, 0x0000000088900000| Complete 
| 138|0x0000000088a00000, 0x0000000088b00000, 0x0000000088b00000|100%| E|CS|TAMS 0x0000000088a00000, 0x0000000088a00000| Complete 
| 139|0x0000000088b00000, 0x0000000088c00000, 0x0000000088c00000|100%| E|CS|TAMS 0x0000000088b00000, 0x0000000088b00000| Complete 
| 140|0x0000000088c00000, 0x0000000088d00000, 0x0000000088d00000|100%| E|CS|TAMS 0x0000000088c00000, 0x0000000088c00000| Complete 
| 141|0x0000000088d00000, 0x0000000088e00000, 0x0000000088e00000|100%| E|CS|TAMS 0x0000000088d00000, 0x0000000088d00000| Complete 
| 142|0x0000000088e00000, 0x0000000088f00000, 0x0000000088f00000|100%| E|CS|TAMS 0x0000000088e00000, 0x0000000088e00000| Complete 
| 143|0x0000000088f00000, 0x0000000089000000, 0x0000000089000000|100%| E|CS|TAMS 0x0000000088f00000, 0x0000000088f00000| Complete 
| 144|0x0000000089000000, 0x0000000089100000, 0x0000000089100000|100%| E|CS|TAMS 0x0000000089000000, 0x0000000089000000| Complete 
| 145|0x0000000089100000, 0x0000000089200000, 0x0000000089200000|100%| E|CS|TAMS 0x0000000089100000, 0x0000000089100000| Complete 
| 146|0x0000000089200000, 0x0000000089300000, 0x0000000089300000|100%| E|CS|TAMS 0x0000000089200000, 0x0000000089200000| Complete 
| 147|0x0000000089300000, 0x0000000089400000, 0x0000000089400000|100%| E|CS|TAMS 0x0000000089300000, 0x0000000089300000| Complete 
| 148|0x0000000089400000, 0x0000000089500000, 0x0000000089500000|100%| E|CS|TAMS 0x0000000089400000, 0x0000000089400000| Complete 
| 149|0x0000000089500000, 0x0000000089600000, 0x0000000089600000|100%| E|CS|TAMS 0x0000000089500000, 0x0000000089500000| Complete 
| 150|0x0000000089600000, 0x0000000089700000, 0x0000000089700000|100%| E|CS|TAMS 0x0000000089600000, 0x0000000089600000| Complete 
| 151|0x0000000089700000, 0x0000000089800000, 0x0000000089800000|100%| E|CS|TAMS 0x0000000089700000, 0x0000000089700000| Complete 
| 152|0x0000000089800000, 0x0000000089900000, 0x0000000089900000|100%| E|CS|TAMS 0x0000000089800000, 0x0000000089800000| Complete 
| 153|0x0000000089900000, 0x0000000089a00000, 0x0000000089a00000|100%| E|CS|TAMS 0x0000000089900000, 0x0000000089900000| Complete 

Card table byte_map: [0x0000020a5e730000,0x0000020a5eb30000] _byte_map_base: 0x0000020a5e330000

Marking Bits (Prev, Next): (CMBitMap*) 0x0000020a472bd320, (CMBitMap*) 0x0000020a472bd2e8
 Prev Bits: [0x0000020a60f30000, 0x0000020a62f30000)
 Next Bits: [0x0000020a5ef30000, 0x0000020a60f30000)

Polling page: 0x0000020a451f0000

Metaspace:

Usage:
  Non-class:     53.89 MB capacity,    52.97 MB ( 98%) used,   757.10 KB (  1%) free+waste,   189.19 KB ( <1%) overhead. 
      Class:      8.11 MB capacity,     7.54 MB ( 93%) used,   495.17 KB (  6%) free+waste,    86.94 KB (  1%) overhead. 
       Both:     62.00 MB capacity,    60.51 MB ( 98%) used,     1.22 MB (  2%) free+waste,   276.13 KB ( <1%) overhead. 

Virtual space:
  Non-class space:       54.00 MB reserved,      54.00 MB (100%) committed 
      Class space:        1.00 GB reserved,       8.13 MB ( <1%) committed 
             Both:        1.05 GB reserved,      62.13 MB (  6%) committed 

Chunk freelists:
   Non-Class:  5.50 KB
       Class:  0 bytes
        Both:  5.50 KB

CodeHeap 'non-profiled nmethods': size=120064Kb used=3692Kb max_used=3692Kb free=116371Kb
 bounds [0x0000020a571f0000, 0x0000020a57590000, 0x0000020a5e730000]
CodeHeap 'profiled nmethods': size=120000Kb used=14988Kb max_used=14988Kb free=105011Kb
 bounds [0x0000020a4fcc0000, 0x0000020a50b70000, 0x0000020a571f0000]
CodeHeap 'non-nmethods': size=5696Kb used=1245Kb max_used=1292Kb free=4450Kb
 bounds [0x0000020a4f730000, 0x0000020a4f9a0000, 0x0000020a4fcc0000]
 total_blobs=7247 nmethods=6645 adapters=512
 compilation: enabled
              stopped_count=0, restarted_count=0
 full_count=0

Compilation events (10 events):
Event: 24.455 Thread 0x0000020a65cee800 6650       2       org.springframework.core.annotation.AnnotationTypeMapping::validateAllAliasesClaimed (96 bytes)
Event: 24.455 Thread 0x0000020a65cee800 nmethod 6650 0x0000020a50b5c690 code [0x0000020a50b5c920, 0x0000020a50b5d238]
Event: 24.458 Thread 0x0000020a65cee800 6651       2       org.springframework.data.repository.core.support.RepositoryComposition$RepositoryFragments$$Lambda$859/0x0000000100817840::test (16 bytes)
Event: 24.458 Thread 0x0000020a65cee800 nmethod 6651 0x0000020a50b5d790 code [0x0000020a50b5d940, 0x0000020a50b5daa8]
Event: 24.458 Thread 0x0000020a65cee800 6652       2       org.springframework.data.repository.core.support.MethodLookups$$Lambda$851/0x0000000100815840::test (6 bytes)
Event: 24.458 Thread 0x0000020a65cee800 nmethod 6652 0x0000020a50b5db90 code [0x0000020a50b5dd40, 0x0000020a50b5de68]
Event: 24.458 Thread 0x0000020a65cee800 6653       2       org.springframework.data.repository.core.support.MethodLookup$InvokedMethod::getName (8 bytes)
Event: 24.458 Thread 0x0000020a65cee800 nmethod 6653 0x0000020a50b5df10 code [0x0000020a50b5e0a0, 0x0000020a50b5e198]
Event: 24.459 Thread 0x0000020a65cee800 6654       2       java.lang.reflect.Method::isDefault (28 bytes)
Event: 24.459 Thread 0x0000020a65cee800 nmethod 6654 0x0000020a50b5e290 code [0x0000020a50b5e440, 0x0000020a50b5e588]

GC Heap History (10 events):
Event: 10.615 GC heap before
{Heap before GC invocations=7 (full 0):
 garbage-first heap   total 131072K, used 82281K [0x0000000080000000, 0x0000000100000000)
  region size 1024K, 76 young (77824K), 6 survivors (6144K)
 Metaspace       used 32345K, capacity 33152K, committed 33408K, reserved 1079296K
  class space    used 3814K, capacity 4159K, committed 4224K, reserved 1048576K
}
Event: 10.635 GC heap after
{Heap after GC invocations=8 (full 0):
 garbage-first heap   total 131072K, used 13371K [0x0000000080000000, 0x0000000100000000)
  region size 1024K, 8 young (8192K), 8 survivors (8192K)
 Metaspace       used 32345K, capacity 33152K, committed 33408K, reserved 1079296K
  class space    used 3814K, capacity 4159K, committed 4224K, reserved 1048576K
}
Event: 12.165 GC heap before
{Heap before GC invocations=8 (full 0):
 garbage-first heap   total 131072K, used 35899K [0x0000000080000000, 0x0000000100000000)
  region size 1024K, 31 young (31744K), 8 survivors (8192K)
 Metaspace       used 34795K, capacity 35690K, committed 35840K, reserved 1081344K
  class space    used 4148K, capacity 4502K, committed 4608K, reserved 1048576K
}
Event: 12.187 GC heap after
{Heap after GC invocations=9 (full 0):
 garbage-first heap   total 157696K, used 13946K [0x0000000080000000, 0x0000000100000000)
  region size 1024K, 6 young (6144K), 6 survivors (6144K)
 Metaspace       used 34795K, capacity 35690K, committed 35840K, reserved 1081344K
  class space    used 4148K, capacity 4502K, committed 4608K, reserved 1048576K
}
Event: 15.158 GC heap before
{Heap before GC invocations=10 (full 0):
 garbage-first heap   total 157696K, used 100986K [0x0000000080000000, 0x0000000100000000)
  region size 1024K, 92 young (94208K), 6 survivors (6144K)
 Metaspace       used 39224K, capacity 40426K, committed 40576K, reserved 1085440K
  class space    used 4659K, capacity 5141K, committed 5248K, reserved 1048576K
}
Event: 15.178 GC heap after
{Heap after GC invocations=11 (full 0):
 garbage-first heap   total 157696K, used 17018K [0x0000000080000000, 0x0000000100000000)
  region size 1024K, 9 young (9216K), 9 survivors (9216K)
 Metaspace       used 39224K, capacity 40426K, committed 40576K, reserved 1085440K
  class space    used 4659K, capacity 5141K, committed 5248K, reserved 1048576K
}
Event: 18.773 GC heap before
{Heap before GC invocations=11 (full 0):
 garbage-first heap   total 157696K, used 100986K [0x0000000080000000, 0x0000000100000000)
  region size 1024K, 92 young (94208K), 9 survivors (9216K)
 Metaspace       used 47912K, capacity 49142K, committed 49408K, reserved 1091584K
  class space    used 5887K, capacity 6362K, committed 6400K, reserved 1048576K
}
Event: 18.801 GC heap after
{Heap after GC invocations=12 (full 0):
 garbage-first heap   total 157696K, used 21095K [0x0000000080000000, 0x0000000100000000)
  region size 1024K, 9 young (9216K), 9 survivors (9216K)
 Metaspace       used 47912K, capacity 49142K, committed 49408K, reserved 1091584K
  class space    used 5887K, capacity 6362K, committed 6400K, reserved 1048576K
}
Event: 22.422 GC heap before
{Heap before GC invocations=12 (full 0):
 garbage-first heap   total 157696K, used 97895K [0x0000000080000000, 0x0000000100000000)
  region size 1024K, 85 young (87040K), 9 survivors (9216K)
 Metaspace       used 58671K, capacity 60020K, committed 60160K, reserved 1101824K
  class space    used 7284K, capacity 7833K, committed 7936K, reserved 1048576K
}
Event: 22.450 GC heap after
{Heap after GC invocations=13 (full 0):
 garbage-first heap   total 157696K, used 24886K [0x0000000080000000, 0x0000000100000000)
  region size 1024K, 8 young (8192K), 8 survivors (8192K)
 Metaspace       used 58671K, capacity 60020K, committed 60160K, reserved 1101824K
  class space    used 7284K, capacity 7833K, committed 7936K, reserved 1048576K
}

Deoptimization events (10 events):
Event: 23.180 Thread 0x0000020a66b8a000 Uncommon trap: reason=class_check action=maybe_recompile pc=0x0000020a573a9db0 method=org.springframework.beans.factory.support.AbstractBeanFactory.isTypeMatch(Ljava/lang/String;Lorg/springframework/core/ResolvableType;Z)Z @ 53 c2
Event: 23.180 Thread 0x0000020a66b8a000 Uncommon trap: reason=unstable_if action=reinterpret pc=0x0000020a573a8b94 method=org.springframework.beans.factory.support.AbstractAutowireCapableBeanFactory.getTypeForFactoryBean(Ljava/lang/String;Lorg/springframework/beans/factory/support/RootBeanDefin
Event: 23.192 Thread 0x0000020a66b8a000 Uncommon trap: reason=unstable_if action=reinterpret pc=0x0000020a573869f4 method=org.springframework.beans.factory.support.AbstractAutowireCapableBeanFactory.determineTargetType(Ljava/lang/String;Lorg/springframework/beans/factory/support/RootBeanDefinit
Event: 23.200 Thread 0x0000020a66b8a000 Uncommon trap: reason=unstable_if action=reinterpret pc=0x0000020a572bb2a0 method=org.springframework.asm.ClassReader.readUtf(II[C)Ljava/lang/String; @ 41 c2
Event: 23.200 Thread 0x0000020a66b8a000 Uncommon trap: reason=unstable_if action=reinterpret pc=0x0000020a57298e98 method=java.lang.StringUTF16.compress([CII)[B @ 13 c2
Event: 23.223 Thread 0x0000020a66b8a000 Uncommon trap: reason=unstable_if action=reinterpret pc=0x0000020a57493f70 method=java.util.ArrayDeque.addLast(Ljava/lang/Object;)V @ 42 c2
Event: 23.537 Thread 0x0000020a66b8a000 Uncommon trap: reason=class_check action=maybe_recompile pc=0x0000020a5756e99c method=org.springframework.core.SerializableTypeWrapper.forTypeProvider(Lorg/springframework/core/SerializableTypeWrapper$TypeProvider;)Ljava/lang/reflect/Type; @ 45 c2
Event: 23.537 Thread 0x0000020a66b8a000 Uncommon trap: reason=class_check action=maybe_recompile pc=0x0000020a5756e99c method=org.springframework.core.SerializableTypeWrapper.forTypeProvider(Lorg/springframework/core/SerializableTypeWrapper$TypeProvider;)Ljava/lang/reflect/Type; @ 45 c2
Event: 23.876 Thread 0x0000020a66b8a000 Uncommon trap: reason=speculate_null_assert action=make_not_entrant pc=0x0000020a572f10b8 method=org.springframework.util.ConcurrentReferenceHashMap$Segment.restructureIfNecessary(Z)V @ 41 c2
Event: 23.878 Thread 0x0000020a66b8a000 Uncommon trap: reason=speculate_null_assert action=make_not_entrant pc=0x0000020a5728ed48 method=org.springframework.util.ConcurrentReferenceHashMap$Segment.restructureIfNecessary(Z)V @ 41 c2

Classes redefined (0 events):
No events

Internal exceptions (10 events):
Event: 24.230 Thread 0x0000020a66b8a000 Exception <a 'java/lang/ClassNotFoundException'{0x0000000087bf7510}: spring/boot/tptRpg/model/HistoireCustomizer> (0x0000000087bf7510) thrown at [./open/src/hotspot/share/classfile/systemDictionary.cpp, line 228]
Event: 24.314 Thread 0x0000020a66b8a000 Exception <a 'java/lang/ClassNotFoundException'{0x0000000087aea8e0}: java/lang/ObjectCustomizer> (0x0000000087aea8e0) thrown at [./open/src/hotspot/share/classfile/systemDictionary.cpp, line 228]
Event: 24.315 Thread 0x0000020a66b8a000 Exception <a 'java/lang/ClassNotFoundException'{0x0000000087afd690}: spring/boot/tptRpg/model/InventairePotionCustomizer> (0x0000000087afd690) thrown at [./open/src/hotspot/share/classfile/systemDictionary.cpp, line 228]
Event: 24.318 Thread 0x0000020a66b8a000 Exception <a 'java/lang/ClassNotFoundException'{0x0000000087933460}: java/lang/ObjectCustomizer> (0x0000000087933460) thrown at [./open/src/hotspot/share/classfile/systemDictionary.cpp, line 228]
Event: 24.318 Thread 0x0000020a66b8a000 Exception <a 'java/lang/ClassNotFoundException'{0x0000000087944c98}: spring/boot/tptRpg/model/PotionCustomizer> (0x0000000087944c98) thrown at [./open/src/hotspot/share/classfile/systemDictionary.cpp, line 228]
Event: 24.328 Thread 0x0000020a66b8a000 Exception <a 'java/lang/ClassNotFoundException'{0x00000000879a3bf0}: java/lang/ObjectCustomizer> (0x00000000879a3bf0) thrown at [./open/src/hotspot/share/classfile/systemDictionary.cpp, line 228]
Event: 24.329 Thread 0x0000020a66b8a000 Exception <a 'java/lang/ClassNotFoundException'{0x00000000879b6288}: spring/boot/tptRpg/model/MarchandPotionCustomizer> (0x00000000879b6288) thrown at [./open/src/hotspot/share/classfile/systemDictionary.cpp, line 228]
Event: 24.335 Thread 0x0000020a66b8a000 Exception <a 'java/lang/ClassNotFoundException'{0x00000000879fb7b8}: java/lang/ObjectCustomizer> (0x00000000879fb7b8) thrown at [./open/src/hotspot/share/classfile/systemDictionary.cpp, line 228]
Event: 24.335 Thread 0x0000020a66b8a000 Exception <a 'java/lang/ClassNotFoundException'{0x000000008780e128}: spring/boot/tptRpg/model/InventaireArmeCustomizer> (0x000000008780e128) thrown at [./open/src/hotspot/share/classfile/systemDictionary.cpp, line 228]
Event: 24.430 Thread 0x0000020a66b8a000 Exception <a 'java/lang/IncompatibleClassChangeError'{0x00000000877264c0}: Found class java.lang.Object, but interface was expected> (0x00000000877264c0) thrown at [./open/src/hotspot/share/interpreter/linkResolver.cpp, line 838]

Events (10 events):
Event: 24.446 loading class org/springframework/data/repository/core/support/RepositoryProxyPostProcessor
Event: 24.446 loading class org/springframework/data/repository/core/support/RepositoryProxyPostProcessor done
Event: 24.446 loading class org/springframework/aop/framework/ProxyFactory
Event: 24.446 loading class org/springframework/aop/framework/ProxyFactory done
Event: 24.446 loading class org/springframework/data/jpa/repository/support/CrudMethodMetadataPostProcessor$CrudMethodMetadataPopulatingMethodInterceptor
Event: 24.446 loading class org/springframework/data/jpa/repository/support/CrudMethodMetadataPostProcessor$CrudMethodMetadataPopulatingMethodInterceptor done
Event: 24.447 loading class org/springframework/data/repository/core/RepositoryInformation
Event: 24.447 loading class org/springframework/data/repository/core/RepositoryInformation done
Event: 24.447 loading class org/springframework/data/repository/core/RepositoryInformation
Event: 24.447 loading class org/springframework/data/repository/core/RepositoryInformation done


Dynamic libraries:
0x00007ff787150000 - 0x00007ff78715f000 	C:\java\jdk-11.0.11_windows-x64_bin\jdk-11.0.11\bin\javaw.exe
0x00007ffea02d0000 - 0x00007ffea04c5000 	C:\Windows\SYSTEM32\ntdll.dll
0x00007ffe9f8c0000 - 0x00007ffe9f97d000 	C:\Windows\System32\KERNEL32.DLL
0x00007ffe9def0000 - 0x00007ffe9e1b9000 	C:\Windows\System32\KERNELBASE.dll
0x00007ffe9db60000 - 0x00007ffe9dc60000 	C:\Windows\System32\ucrtbase.dll
0x00007ffe87070000 - 0x00007ffe87088000 	C:\java\jdk-11.0.11_windows-x64_bin\jdk-11.0.11\bin\jli.dll
0x00007ffe9f3e0000 - 0x00007ffe9f48c000 	C:\Windows\System32\ADVAPI32.dll
0x00007ffe9e330000 - 0x00007ffe9e3ce000 	C:\Windows\System32\msvcrt.dll
0x00007ffe9f170000 - 0x00007ffe9f20b000 	C:\Windows\System32\sechost.dll
0x00007ffe9efa0000 - 0x00007ffe9f0ca000 	C:\Windows\System32\RPCRT4.dll
0x00007ffea00f0000 - 0x00007ffea0290000 	C:\Windows\System32\USER32.dll
0x00007ffe9e220000 - 0x00007ffe9e242000 	C:\Windows\System32\win32u.dll
0x00007ffe9f140000 - 0x00007ffe9f16a000 	C:\Windows\System32\GDI32.dll
0x00007ffe9dd00000 - 0x00007ffe9de0b000 	C:\Windows\System32\gdi32full.dll
0x00007ffe9dc60000 - 0x00007ffe9dcfd000 	C:\Windows\System32\msvcp_win.dll
0x00007ffe7e740000 - 0x00007ffe7e755000 	C:\java\jdk-11.0.11_windows-x64_bin\jdk-11.0.11\bin\VCRUNTIME140.dll
0x00007ffe89610000 - 0x00007ffe898aa000 	C:\Windows\WinSxS\amd64_microsoft.windows.common-controls_6595b64144ccf1df_6.0.19041.1110_none_60b5254171f9507e\COMCTL32.dll
0x00007ffe954c0000 - 0x00007ffe954ca000 	C:\Windows\SYSTEM32\VERSION.dll
0x00007ffe9f210000 - 0x00007ffe9f240000 	C:\Windows\System32\IMM32.DLL
0x00007ffe77e70000 - 0x00007ffe77f0b000 	C:\java\jdk-11.0.11_windows-x64_bin\jdk-11.0.11\bin\msvcp140.dll
0x00007ffe554c0000 - 0x00007ffe55fbe000 	C:\java\jdk-11.0.11_windows-x64_bin\jdk-11.0.11\bin\server\jvm.dll
0x00007ffe9f980000 - 0x00007ffe9f988000 	C:\Windows\System32\PSAPI.DLL
0x00007ffe64f20000 - 0x00007ffe64f29000 	C:\Windows\SYSTEM32\WSOCK32.dll
0x00007ffe9f0d0000 - 0x00007ffe9f13b000 	C:\Windows\System32\WS2_32.dll
0x00007ffe7f6f0000 - 0x00007ffe7f717000 	C:\Windows\SYSTEM32\WINMM.dll
0x00007ffe9b2e0000 - 0x00007ffe9b2f2000 	C:\Windows\SYSTEM32\kernel.appcore.dll
0x00007ffe8ac90000 - 0x00007ffe8aca0000 	C:\java\jdk-11.0.11_windows-x64_bin\jdk-11.0.11\bin\verify.dll
0x00007ffe9d3a0000 - 0x00007ffe9d584000 	C:\Windows\SYSTEM32\DBGHELP.DLL
0x00007ffe9d130000 - 0x00007ffe9d15c000 	C:\Windows\SYSTEM32\dbgcore.DLL
0x00007ffe9e250000 - 0x00007ffe9e2d3000 	C:\Windows\System32\bcryptPrimitives.dll
0x00007ffe7e500000 - 0x00007ffe7e528000 	C:\java\jdk-11.0.11_windows-x64_bin\jdk-11.0.11\bin\java.dll
0x00007ffe87010000 - 0x00007ffe8701a000 	C:\java\jdk-11.0.11_windows-x64_bin\jdk-11.0.11\bin\jimage.dll
0x00007ffe7e2d0000 - 0x00007ffe7e2e6000 	C:\java\jdk-11.0.11_windows-x64_bin\jdk-11.0.11\bin\zip.dll
0x00007ffe9e860000 - 0x00007ffe9ef9f000 	C:\Windows\System32\SHELL32.dll
0x00007ffe9b4e0000 - 0x00007ffe9bc70000 	C:\Windows\SYSTEM32\windows.storage.dll
0x00007ffe9e430000 - 0x00007ffe9e785000 	C:\Windows\System32\combase.dll
0x00007ffe9cfb0000 - 0x00007ffe9cfdc000 	C:\Windows\SYSTEM32\Wldp.dll
0x00007ffe9f7b0000 - 0x00007ffe9f85e000 	C:\Windows\System32\SHCORE.dll
0x00007ffe9e3d0000 - 0x00007ffe9e425000 	C:\Windows\System32\shlwapi.dll
0x00007ffe9d940000 - 0x00007ffe9d95f000 	C:\Windows\SYSTEM32\profapi.dll
0x00007ffe7e2b0000 - 0x00007ffe7e2c9000 	C:\java\jdk-11.0.11_windows-x64_bin\jdk-11.0.11\bin\net.dll
0x00007ffe97cc0000 - 0x00007ffe97dc8000 	C:\Windows\SYSTEM32\WINHTTP.dll
0x00007ffe9c960000 - 0x00007ffe9c9ca000 	C:\Windows\system32\mswsock.dll
0x00007ffe7e290000 - 0x00007ffe7e2a2000 	C:\java\jdk-11.0.11_windows-x64_bin\jdk-11.0.11\bin\nio.dll
0x00007ffe7e280000 - 0x00007ffe7e289000 	C:\java\jdk-11.0.11_windows-x64_bin\jdk-11.0.11\bin\management.dll
0x00007ffe7e270000 - 0x00007ffe7e27b000 	C:\java\jdk-11.0.11_windows-x64_bin\jdk-11.0.11\bin\management_ext.dll
0x00007ffe86a90000 - 0x00007ffe86aa7000 	C:\Windows\system32\napinsp.dll
0x00007ffe86a70000 - 0x00007ffe86a8b000 	C:\Windows\system32\pnrpnsp.dll
0x00007ffe86a50000 - 0x00007ffe86a65000 	C:\Windows\system32\wshbth.dll
0x00007ffe98d90000 - 0x00007ffe98dad000 	C:\Windows\system32\NLAapi.dll
0x00007ffe9c920000 - 0x00007ffe9c95b000 	C:\Windows\SYSTEM32\IPHLPAPI.DLL
0x00007ffe9c680000 - 0x00007ffe9c74c000 	C:\Windows\SYSTEM32\DNSAPI.dll
0x00007ffe9fb50000 - 0x00007ffe9fb58000 	C:\Windows\System32\NSI.dll
0x00007ffe85d10000 - 0x00007ffe85d22000 	C:\Windows\System32\winrnr.dll
0x00007ffe951a0000 - 0x00007ffe951aa000 	C:\Windows\System32\rasadhlp.dll
0x00007ffe93a00000 - 0x00007ffe93a7f000 	C:\Windows\System32\fwpuclnt.dll
0x00007ffe9dec0000 - 0x00007ffe9dee7000 	C:\Windows\System32\bcrypt.dll
0x00007ffe9d6b0000 - 0x00007ffe9d6c8000 	C:\Windows\SYSTEM32\CRYPTSP.dll
0x00007ffe9c830000 - 0x00007ffe9c864000 	C:\Windows\system32\rsaenh.dll
0x00007ffe9d8c0000 - 0x00007ffe9d8ee000 	C:\Windows\SYSTEM32\USERENV.dll
0x00007ffe9cc80000 - 0x00007ffe9cc8c000 	C:\Windows\SYSTEM32\CRYPTBASE.dll
0x00007ffe95470000 - 0x00007ffe95487000 	C:\Windows\SYSTEM32\dhcpcsvc6.DLL
0x00007ffe95450000 - 0x00007ffe9546d000 	C:\Windows\SYSTEM32\dhcpcsvc.DLL

dbghelp: loaded successfully - version: 4.0.5 - missing functions: none
symbol engine: initialized successfully - sym options: 0x614 - pdb path: .;C:\java\jdk-11.0.11_windows-x64_bin\jdk-11.0.11\bin;C:\Windows\SYSTEM32;C:\Windows\WinSxS\amd64_microsoft.windows.common-controls_6595b64144ccf1df_6.0.19041.1110_none_60b5254171f9507e;C:\java\jdk-11.0.11_windows-x64_bin\jdk-11.0.11\bin\server

VM Arguments:
jvm_args: -Dfile.encoding=UTF-8 
java_command: spring.boot.tptRpg.SpringBootTptRpgApplication
java_class_path (initial): C:\Users\ajc\eclipse-workspace\RpgProjet\spring-boot-tptRpg\spring-boot-tptRpg\target\classes;C:\Users\ajc\.m2\repository\org\springframework\boot\spring-boot-starter-data-jpa\2.4.9\spring-boot-starter-data-jpa-2.4.9.jar;C:\Users\ajc\.m2\repository\org\springframework\boot\spring-boot-starter-aop\2.4.9\spring-boot-starter-aop-2.4.9.jar;C:\Users\ajc\.m2\repository\org\springframework\spring-aop\5.3.9\spring-aop-5.3.9.jar;C:\Users\ajc\.m2\repository\org\aspectj\aspectjweaver\1.9.7\aspectjweaver-1.9.7.jar;C:\Users\ajc\.m2\repository\org\springframework\boot\spring-boot-starter-jdbc\2.4.9\spring-boot-starter-jdbc-2.4.9.jar;C:\Users\ajc\.m2\repository\com\zaxxer\HikariCP\3.4.5\HikariCP-3.4.5.jar;C:\Users\ajc\.m2\repository\org\springframework\spring-jdbc\5.3.9\spring-jdbc-5.3.9.jar;C:\Users\ajc\.m2\repository\jakarta\transaction\jakarta.transaction-api\1.3.3\jakarta.transaction-api-1.3.3.jar;C:\Users\ajc\.m2\repository\jakarta\persistence\jakarta.persistence-api\2.2.3\jakarta.persistence-api-2.2.3.jar;C:\Users\ajc\.m2\repository\org\hibernate\hibernate-core\5.4.32.Final\hibernate-core-5.4.32.Final.jar;C:\Users\ajc\.m2\repository\org\jboss\logging\jboss-logging\3.4.2.Final\jboss-logging-3.4.2.Final.jar;C:\Users\ajc\.m2\repository\org\javassist\javassist\3.27.0-GA\javassist-3.27.0-GA.jar;C:\Users\ajc\.m2\repository\net\bytebuddy\byte-buddy\1.10.22\byte-buddy-1.10.22.jar;C:\Users\ajc\.m2\repository\antlr\antlr\2.7.7\antlr-2.7.7.jar;C:\Users\ajc\.m2\repository\org\jboss\jandex\2.2.3.Final\jandex-2.2.3.Final.jar;C:\Users\ajc\.m2\repository\com\fasterxml\classmate\1.5.1\classmate-1.5.1.jar;C:\Users\ajc\.m2\repository\org\dom4j\dom4j\2.1.3\dom4j-2.1.3.jar;C:\Users\ajc\.m2\repository\org\hibernate\common\hibernate-commons-annotations\5.1.2.Final\hibernate-commons-annotations-5.1.2.Final.jar;C:\Users\ajc\.m2\repository\org\glassfish\jaxb\jaxb-runtime\2.3.4\jaxb-runtime-2.3.4.jar;C:\Users\ajc\.m2\repository\org\glassfish\jaxb\txw2\2.3.4\txw2-2.3.4.jar;
Launcher Type: SUN_STANDARD

[Global flags]
     intx CICompilerCount                          = 2                                         {product} {ergonomic}
     uint ConcGCThreads                            = 1                                         {product} {ergonomic}
     uint G1ConcRefinementThreads                  = 2                                         {product} {ergonomic}
   size_t G1HeapRegionSize                         = 1048576                                   {product} {ergonomic}
    uintx GCDrainStackTargetSize                   = 64                                        {product} {ergonomic}
   size_t InitialHeapSize                          = 134217728                                 {product} {ergonomic}
   size_t MarkStackSize                            = 4194304                                   {product} {ergonomic}
   size_t MaxHeapSize                              = 2147483648                                {product} {ergonomic}
   size_t MaxNewSize                               = 1287651328                                {product} {ergonomic}
   size_t MinHeapDeltaBytes                        = 1048576                                   {product} {ergonomic}
    uintx NonNMethodCodeHeapSize                   = 5825164                                {pd product} {ergonomic}
    uintx NonProfiledCodeHeapSize                  = 122916538                              {pd product} {ergonomic}
    uintx ProfiledCodeHeapSize                     = 122916538                              {pd product} {ergonomic}
    uintx ReservedCodeCacheSize                    = 251658240                              {pd product} {ergonomic}
     bool SegmentedCodeCache                       = true                                      {product} {ergonomic}
     bool UseCompressedClassPointers               = true                                 {lp64_product} {ergonomic}
     bool UseCompressedOops                        = true                                 {lp64_product} {ergonomic}
     bool UseG1GC                                  = true                                      {product} {ergonomic}
     bool UseLargePagesIndividualAllocation        = false                                  {pd product} {ergonomic}

Logging:
Log output configuration:
 #0: stdout all=warning uptime,level,tags
 #1: stderr all=off uptime,level,tags

Environment Variables:
JAVA_HOME=C:\java\jdk-11.0.11_windows-x64_bin\jdk-11.0.11
PATH=C:/Users/ajc/.p2/pool/plugins/org.eclipse.justj.openjdk.hotspot.jre.full.win32.x86_64_16.0.1.v20210528-1205/jre/bin/server;C:/Users/ajc/.p2/pool/plugins/org.eclipse.justj.openjdk.hotspot.jre.full.win32.x86_64_16.0.1.v20210528-1205/jre/bin;C:\java\jdk-11.0.11_windows-x64_bin\jdk-11.0.11\bin;C:\java\apache-maven-3.8.1-bin\apache-maven-3.8.1\bin;C:\Windows\system32;C:\Windows;C:\Windows\System32\Wbem;C:\Windows\System32\WindowsPowerShell\v1.0\;C:\Windows\System32\OpenSSH\;C:\Program Files\Git\cmd;C:\Program Files\nodejs\;C:\Users\ajc\AppData\Local\Microsoft\WindowsApps;C:\Users\ajc\AppData\Local\atom\bin;C:\Users\ajc\AppData\Local\gitkraken\bin;C:\Users\ajc\AppData\Roaming\npm;C:\Windows\system32;
USERNAME=ajc
OS=Windows_NT
PROCESSOR_IDENTIFIER=Intel64 Family 6 Model 85 Stepping 7, GenuineIntel



---------------  S Y S T E M  ---------------

OS: Windows 10 , 64 bit Build 19041 (10.0.19041.1151)
Hyper-V virtualization detected

CPU:total 2 (initial active 2) (1 cores per cpu, 2 threads per core) family 6 model 85 stepping 7 microcode 0xffffffff, cmov, cx8, fxsr, mmx, sse, sse2, sse3, ssse3, sse4.1, sse4.2, popcnt, avx, avx2, aes, clmul, erms, rtm, 3dnowpref, lzcnt, ht, tsc, bmi1, bmi2, adx, evex, fma

Memory: 4k page, system-wide physical 8191M (585M free)
TotalPageFile size 10239M (AvailPageFile size 7M)
current process WorkingSet (physical memory assigned to process): 297M, peak: 302M
current process commit charge ("private bytes"): 356M, peak: 359M

vm_info: Java HotSpot(TM) 64-Bit Server VM (11.0.11+9-LTS-194) for windows-amd64 JRE (11.0.11+9-LTS-194), built on Mar 18 2021 18:46:53 by "mach5one" with MS VC++ 15.9 (VS2017)

END.
