#
# There is insufficient memory for the Java Runtime Environment to continue.
# Native memory allocation (malloc) failed to allocate 412816 bytes for Chunk::new
# Possible reasons:
#   The system is out of physical RAM or swap space
#   The process is running with CompressedOops enabled, and the Java Heap may be blocking the growth of the native heap
# Possible solutions:
#   Reduce memory load on the system
#   Increase physical memory or swap space
#   Check if swap backing store is full
#   Decrease Java heap size (-Xmx/-Xms)
#   Decrease number of Java threads
#   Decrease Java thread stack sizes (-Xss)
#   Set larger code cache with -XX:ReservedCodeCacheSize=
#   JVM is running with Unscaled Compressed Oops mode in which the Java heap is
#     placed in the first 4GB address space. The Java Heap base address is the
#     maximum limit for the native heap growth. Please use -XX:HeapBaseMinAddress
#     to set the Java Heap base and to place the Java Heap above 4GB virtual address.
# This output file may be truncated or incomplete.
#
#  Out of Memory Error (./open/src/hotspot/share/memory/arena.cpp:197), pid=8844, tid=5260
#
# JRE version: Java(TM) SE Runtime Environment 18.9 (11.0.11+9) (build 11.0.11+9-LTS-194)
# Java VM: Java HotSpot(TM) 64-Bit Server VM 18.9 (11.0.11+9-LTS-194, mixed mode, tiered, compressed oops, g1 gc, windows-amd64)
# No core dump will be written. Minidumps are not enabled by default on client versions of Windows
#

---------------  S U M M A R Y ------------

Command Line: -Dfile.encoding=UTF-8 spring.boot.tptRpg.SpringBootTptRpgApplication

Host: Intel(R) Xeon(R) Platinum 8272CL CPU @ 2.60GHz, 2 cores, 7G,  Windows 10 , 64 bit Build 19041 (10.0.19041.1151)
Time: Mon Aug 30 17:17:02 2021 Europe de l’Ouest (heure d’été) elapsed time: 3.876630 seconds (0d 0h 0m 3s)

---------------  T H R E A D  ---------------

Current thread (0x00000215b1e96000):  JavaThread "C2 CompilerThread0" daemon [_thread_in_native, id=5260, stack(0x0000001854200000,0x0000001854300000)]


Current CompileTask:
C2:   3876 1842   !   4       java.net.URL::<init> (543 bytes)

Stack: [0x0000001854200000,0x0000001854300000]
Native frames: (J=compiled Java code, j=interpreted, Vv=VM code, C=native code)
V  [jvm.dll+0x616f2a]
V  [jvm.dll+0x74de7f]
V  [jvm.dll+0x74f505]
V  [jvm.dll+0x74fb83]
V  [jvm.dll+0x2436d8]
V  [jvm.dll+0xba68c]
V  [jvm.dll+0xbad8c]
V  [jvm.dll+0x2b3ee4]
V  [jvm.dll+0x52c0f6]
V  [jvm.dll+0x20506d]
V  [jvm.dll+0x1ff0aa]
V  [jvm.dll+0x1fc10f]
V  [jvm.dll+0x17f0bc]
V  [jvm.dll+0x20b68c]
V  [jvm.dll+0x20978b]
V  [jvm.dll+0x7152c9]
V  [jvm.dll+0x70dfc4]
V  [jvm.dll+0x6160f6]
C  [ucrtbase.dll+0x21bb2]
C  [KERNEL32.DLL+0x17034]
C  [ntdll.dll+0x52651]


---------------  P R O C E S S  ---------------

Threads class SMR info:
_java_thread_list=0x00000215b3755480, length=13, elements={
0x0000021593e00800, 0x00000215b1e78800, 0x00000215b1e81800, 0x00000215b2842800,
0x00000215b1e95000, 0x00000215b1e96000, 0x00000215b286e800, 0x00000215b2875800,
0x00000215b2972000, 0x00000215b2975000, 0x00000215b3589000, 0x00000215b358f800,
0x00000215b376f000
}

Java Threads: ( => current thread )
  0x0000021593e00800 JavaThread "main" [_thread_blocked, id=3784, stack(0x0000001853700000,0x0000001853800000)]
  0x00000215b1e78800 JavaThread "Reference Handler" daemon [_thread_blocked, id=9200, stack(0x0000001853e00000,0x0000001853f00000)]
  0x00000215b1e81800 JavaThread "Finalizer" daemon [_thread_blocked, id=11392, stack(0x0000001853f00000,0x0000001854000000)]
  0x00000215b2842800 JavaThread "Signal Dispatcher" daemon [_thread_blocked, id=3412, stack(0x0000001854000000,0x0000001854100000)]
  0x00000215b1e95000 JavaThread "Attach Listener" daemon [_thread_blocked, id=2132, stack(0x0000001854100000,0x0000001854200000)]
=>0x00000215b1e96000 JavaThread "C2 CompilerThread0" daemon [_thread_in_native, id=5260, stack(0x0000001854200000,0x0000001854300000)]
  0x00000215b286e800 JavaThread "C1 CompilerThread0" daemon [_thread_blocked, id=6316, stack(0x0000001854300000,0x0000001854400000)]
  0x00000215b2875800 JavaThread "Sweeper thread" daemon [_thread_blocked, id=1204, stack(0x0000001854400000,0x0000001854500000)]
  0x00000215b2972000 JavaThread "Service Thread" daemon [_thread_blocked, id=5864, stack(0x0000001854500000,0x0000001854600000)]
  0x00000215b2975000 JavaThread "Common-Cleaner" daemon [_thread_blocked, id=7480, stack(0x0000001854700000,0x0000001854800000)]
  0x00000215b3589000 JavaThread "Thread-0" [_thread_blocked, id=12228, stack(0x0000001854900000,0x0000001854a00000)]
  0x00000215b358f800 JavaThread "restartedMain" [_thread_in_vm, id=10252, stack(0x0000001854a00000,0x0000001854b00000)]
  0x00000215b376f000 JavaThread "background-preinit" [_thread_blocked, id=9136, stack(0x0000001854b00000,0x0000001854c00000)]

Other Threads:
  0x00000215b1e75800 VMThread "VM Thread" [stack: 0x0000001853d00000,0x0000001853e00000] [id=2804]
  0x00000215b2976800 WatcherThread [stack: 0x0000001854600000,0x0000001854700000] [id=2552]
  0x0000021593e14800 GCTaskThread "GC Thread#0" [stack: 0x0000001853800000,0x0000001853900000] [id=11916]
  0x00000215b2d84800 GCTaskThread "GC Thread#1" [stack: 0x0000001854800000,0x0000001854900000] [id=2172]
  0x0000021593e46000 ConcurrentGCThread "G1 Main Marker" [stack: 0x0000001853900000,0x0000001853a00000] [id=11300]
  0x0000021593e49000 ConcurrentGCThread "G1 Conc#0" [stack: 0x0000001853a00000,0x0000001853b00000] [id=7336]
  0x0000021593ed0800 ConcurrentGCThread "G1 Refine#0" [stack: 0x0000001853b00000,0x0000001853c00000] [id=10808]
  0x0000021593ed1800 ConcurrentGCThread "G1 Young RemSet Sampling" [stack: 0x0000001853c00000,0x0000001853d00000] [id=3044]

Threads with active compile tasks:
C2 CompilerThread0   3906 1842   !   4       java.net.URL::<init> (543 bytes)

VM state:synchronizing (normal execution)

VM Mutex/Monitor currently owned by a thread:  ([mutex/lock_event])
[0x0000021593df7bf0] Threads_lock - owner thread: 0x00000215b1e75800

Heap address: 0x0000000080000000, size: 2048 MB, Compressed Oops mode: 32-bit
Narrow klass base: 0x0000000000000000, Narrow klass shift: 3
Compressed class space size: 1073741824 Address: 0x0000000100000000

Heap:
 garbage-first heap   total 131072K, used 70179K [0x0000000080000000, 0x0000000100000000)
  region size 1024K, 66 young (67584K), 2 survivors (2048K)
 Metaspace       used 19676K, capacity 20195K, committed 20352K, reserved 1067008K
  class space    used 2185K, capacity 2385K, committed 2432K, reserved 1048576K
Heap Regions: E=young(eden), S=young(survivor), O=old, HS=humongous(starts), HC=humongous(continues), CS=collection set, F=free, A=archive, TAMS=top-at-mark-start (previous, next)
|   0|0x0000000080000000, 0x0000000080100000, 0x0000000080100000|100%|HS|  |TAMS 0x0000000080000000, 0x0000000080000000| Complete 
|   1|0x0000000080100000, 0x0000000080200000, 0x0000000080200000|100%| O|  |TAMS 0x0000000080100000, 0x0000000080100000| Untracked 
|   2|0x0000000080200000, 0x0000000080300000, 0x0000000080300000|100%| O|  |TAMS 0x0000000080200000, 0x0000000080200000| Untracked 
|   3|0x0000000080300000, 0x0000000080400000, 0x0000000080400000|100%| O|  |TAMS 0x0000000080300000, 0x0000000080300000| Untracked 
|   4|0x0000000080400000, 0x00000000804ed800, 0x0000000080500000| 92%| O|  |TAMS 0x0000000080400000, 0x0000000080400000| Untracked 
|   5|0x0000000080500000, 0x0000000080500000, 0x0000000080600000|  0%| F|  |TAMS 0x0000000080500000, 0x0000000080500000| Untracked 
|   6|0x0000000080600000, 0x0000000080600000, 0x0000000080700000|  0%| F|  |TAMS 0x0000000080600000, 0x0000000080600000| Untracked 
|   7|0x0000000080700000, 0x0000000080700000, 0x0000000080800000|  0%| F|  |TAMS 0x0000000080700000, 0x0000000080700000| Untracked 
|   8|0x0000000080800000, 0x0000000080800000, 0x0000000080900000|  0%| F|  |TAMS 0x0000000080800000, 0x0000000080800000| Untracked 
|   9|0x0000000080900000, 0x0000000080900000, 0x0000000080a00000|  0%| F|  |TAMS 0x0000000080900000, 0x0000000080900000| Untracked 
|  10|0x0000000080a00000, 0x0000000080a00000, 0x0000000080b00000|  0%| F|  |TAMS 0x0000000080a00000, 0x0000000080a00000| Untracked 
|  11|0x0000000080b00000, 0x0000000080b00000, 0x0000000080c00000|  0%| F|  |TAMS 0x0000000080b00000, 0x0000000080b00000| Untracked 
|  12|0x0000000080c00000, 0x0000000080c00000, 0x0000000080d00000|  0%| F|  |TAMS 0x0000000080c00000, 0x0000000080c00000| Untracked 
|  13|0x0000000080d00000, 0x0000000080d00000, 0x0000000080e00000|  0%| F|  |TAMS 0x0000000080d00000, 0x0000000080d00000| Untracked 
|  14|0x0000000080e00000, 0x0000000080e00000, 0x0000000080f00000|  0%| F|  |TAMS 0x0000000080e00000, 0x0000000080e00000| Untracked 
|  15|0x0000000080f00000, 0x0000000080f00000, 0x0000000081000000|  0%| F|  |TAMS 0x0000000080f00000, 0x0000000080f00000| Untracked 
|  16|0x0000000081000000, 0x0000000081000000, 0x0000000081100000|  0%| F|  |TAMS 0x0000000081000000, 0x0000000081000000| Untracked 
|  17|0x0000000081100000, 0x0000000081100000, 0x0000000081200000|  0%| F|  |TAMS 0x0000000081100000, 0x0000000081100000| Untracked 
|  18|0x0000000081200000, 0x0000000081200000, 0x0000000081300000|  0%| F|  |TAMS 0x0000000081200000, 0x0000000081200000| Untracked 
|  19|0x0000000081300000, 0x0000000081300000, 0x0000000081400000|  0%| F|  |TAMS 0x0000000081300000, 0x0000000081300000| Untracked 
|  20|0x0000000081400000, 0x0000000081400000, 0x0000000081500000|  0%| F|  |TAMS 0x0000000081400000, 0x0000000081400000| Untracked 
|  21|0x0000000081500000, 0x0000000081500000, 0x0000000081600000|  0%| F|  |TAMS 0x0000000081500000, 0x0000000081500000| Untracked 
|  22|0x0000000081600000, 0x0000000081600000, 0x0000000081700000|  0%| F|  |TAMS 0x0000000081600000, 0x0000000081600000| Untracked 
|  23|0x0000000081700000, 0x0000000081700000, 0x0000000081800000|  0%| F|  |TAMS 0x0000000081700000, 0x0000000081700000| Untracked 
|  24|0x0000000081800000, 0x0000000081800000, 0x0000000081900000|  0%| F|  |TAMS 0x0000000081800000, 0x0000000081800000| Untracked 
|  25|0x0000000081900000, 0x0000000081900000, 0x0000000081a00000|  0%| F|  |TAMS 0x0000000081900000, 0x0000000081900000| Untracked 
|  26|0x0000000081a00000, 0x0000000081a00000, 0x0000000081b00000|  0%| F|  |TAMS 0x0000000081a00000, 0x0000000081a00000| Untracked 
|  27|0x0000000081b00000, 0x0000000081b00000, 0x0000000081c00000|  0%| F|  |TAMS 0x0000000081b00000, 0x0000000081b00000| Untracked 
|  28|0x0000000081c00000, 0x0000000081c00000, 0x0000000081d00000|  0%| F|  |TAMS 0x0000000081c00000, 0x0000000081c00000| Untracked 
|  29|0x0000000081d00000, 0x0000000081d00000, 0x0000000081e00000|  0%| F|  |TAMS 0x0000000081d00000, 0x0000000081d00000| Untracked 
|  30|0x0000000081e00000, 0x0000000081e00000, 0x0000000081f00000|  0%| F|  |TAMS 0x0000000081e00000, 0x0000000081e00000| Untracked 
|  31|0x0000000081f00000, 0x0000000081f00000, 0x0000000082000000|  0%| F|  |TAMS 0x0000000081f00000, 0x0000000081f00000| Untracked 
|  32|0x0000000082000000, 0x0000000082000000, 0x0000000082100000|  0%| F|  |TAMS 0x0000000082000000, 0x0000000082000000| Untracked 
|  33|0x0000000082100000, 0x0000000082100000, 0x0000000082200000|  0%| F|  |TAMS 0x0000000082100000, 0x0000000082100000| Untracked 
|  34|0x0000000082200000, 0x0000000082200000, 0x0000000082300000|  0%| F|  |TAMS 0x0000000082200000, 0x0000000082200000| Untracked 
|  35|0x0000000082300000, 0x0000000082300000, 0x0000000082400000|  0%| F|  |TAMS 0x0000000082300000, 0x0000000082300000| Untracked 
|  36|0x0000000082400000, 0x0000000082400000, 0x0000000082500000|  0%| F|  |TAMS 0x0000000082400000, 0x0000000082400000| Untracked 
|  37|0x0000000082500000, 0x0000000082500000, 0x0000000082600000|  0%| F|  |TAMS 0x0000000082500000, 0x0000000082500000| Untracked 
|  38|0x0000000082600000, 0x0000000082600000, 0x0000000082700000|  0%| F|  |TAMS 0x0000000082600000, 0x0000000082600000| Untracked 
|  39|0x0000000082700000, 0x0000000082700000, 0x0000000082800000|  0%| F|  |TAMS 0x0000000082700000, 0x0000000082700000| Untracked 
|  40|0x0000000082800000, 0x0000000082800000, 0x0000000082900000|  0%| F|  |TAMS 0x0000000082800000, 0x0000000082800000| Untracked 
|  41|0x0000000082900000, 0x0000000082900000, 0x0000000082a00000|  0%| F|  |TAMS 0x0000000082900000, 0x0000000082900000| Untracked 
|  42|0x0000000082a00000, 0x0000000082a00000, 0x0000000082b00000|  0%| F|  |TAMS 0x0000000082a00000, 0x0000000082a00000| Untracked 
|  43|0x0000000082b00000, 0x0000000082b00000, 0x0000000082c00000|  0%| F|  |TAMS 0x0000000082b00000, 0x0000000082b00000| Untracked 
|  44|0x0000000082c00000, 0x0000000082c00000, 0x0000000082d00000|  0%| F|  |TAMS 0x0000000082c00000, 0x0000000082c00000| Untracked 
|  45|0x0000000082d00000, 0x0000000082d00000, 0x0000000082e00000|  0%| F|  |TAMS 0x0000000082d00000, 0x0000000082d00000| Untracked 
|  46|0x0000000082e00000, 0x0000000082e00000, 0x0000000082f00000|  0%| F|  |TAMS 0x0000000082e00000, 0x0000000082e00000| Untracked 
|  47|0x0000000082f00000, 0x0000000082f00000, 0x0000000083000000|  0%| F|  |TAMS 0x0000000082f00000, 0x0000000082f00000| Untracked 
|  48|0x0000000083000000, 0x0000000083000000, 0x0000000083100000|  0%| F|  |TAMS 0x0000000083000000, 0x0000000083000000| Untracked 
|  49|0x0000000083100000, 0x0000000083100000, 0x0000000083200000|  0%| F|  |TAMS 0x0000000083100000, 0x0000000083100000| Untracked 
|  50|0x0000000083200000, 0x0000000083200000, 0x0000000083300000|  0%| F|  |TAMS 0x0000000083200000, 0x0000000083200000| Untracked 
|  51|0x0000000083300000, 0x0000000083300000, 0x0000000083400000|  0%| F|  |TAMS 0x0000000083300000, 0x0000000083300000| Untracked 
|  52|0x0000000083400000, 0x0000000083400000, 0x0000000083500000|  0%| F|  |TAMS 0x0000000083400000, 0x0000000083400000| Untracked 
|  53|0x0000000083500000, 0x0000000083500000, 0x0000000083600000|  0%| F|  |TAMS 0x0000000083500000, 0x0000000083500000| Untracked 
|  54|0x0000000083600000, 0x0000000083600000, 0x0000000083700000|  0%| F|  |TAMS 0x0000000083600000, 0x0000000083600000| Untracked 
|  55|0x0000000083700000, 0x0000000083700000, 0x0000000083800000|  0%| F|  |TAMS 0x0000000083700000, 0x0000000083700000| Untracked 
|  56|0x0000000083800000, 0x0000000083800000, 0x0000000083900000|  0%| F|  |TAMS 0x0000000083800000, 0x0000000083800000| Untracked 
|  57|0x0000000083900000, 0x0000000083900000, 0x0000000083a00000|  0%| F|  |TAMS 0x0000000083900000, 0x0000000083900000| Untracked 
|  58|0x0000000083a00000, 0x0000000083a00000, 0x0000000083b00000|  0%| F|  |TAMS 0x0000000083a00000, 0x0000000083a00000| Untracked 
|  59|0x0000000083b00000, 0x0000000083b00000, 0x0000000083c00000|  0%| F|  |TAMS 0x0000000083b00000, 0x0000000083b00000| Untracked 
|  60|0x0000000083c00000, 0x0000000083c00000, 0x0000000083d00000|  0%| F|  |TAMS 0x0000000083c00000, 0x0000000083c00000| Untracked 
|  61|0x0000000083d00000, 0x0000000083d00000, 0x0000000083e00000|  0%| F|  |TAMS 0x0000000083d00000, 0x0000000083d00000| Untracked 
|  62|0x0000000083e00000, 0x0000000083e80800, 0x0000000083f00000| 50%| E|  |TAMS 0x0000000083e00000, 0x0000000083e00000| Complete 
|  63|0x0000000083f00000, 0x0000000084000000, 0x0000000084000000|100%| E|CS|TAMS 0x0000000083f00000, 0x0000000083f00000| Complete 
|  64|0x0000000084000000, 0x0000000084100000, 0x0000000084100000|100%| E|CS|TAMS 0x0000000084000000, 0x0000000084000000| Complete 
|  65|0x0000000084100000, 0x0000000084200000, 0x0000000084200000|100%| E|CS|TAMS 0x0000000084100000, 0x0000000084100000| Complete 
|  66|0x0000000084200000, 0x0000000084300000, 0x0000000084300000|100%| E|CS|TAMS 0x0000000084200000, 0x0000000084200000| Complete 
|  67|0x0000000084300000, 0x0000000084400000, 0x0000000084400000|100%| E|CS|TAMS 0x0000000084300000, 0x0000000084300000| Complete 
|  68|0x0000000084400000, 0x0000000084500000, 0x0000000084500000|100%| E|CS|TAMS 0x0000000084400000, 0x0000000084400000| Complete 
|  69|0x0000000084500000, 0x0000000084600000, 0x0000000084600000|100%| E|CS|TAMS 0x0000000084500000, 0x0000000084500000| Complete 
|  70|0x0000000084600000, 0x0000000084700000, 0x0000000084700000|100%| E|CS|TAMS 0x0000000084600000, 0x0000000084600000| Complete 
|  71|0x0000000084700000, 0x0000000084800000, 0x0000000084800000|100%| E|CS|TAMS 0x0000000084700000, 0x0000000084700000| Complete 
|  72|0x0000000084800000, 0x0000000084900000, 0x0000000084900000|100%| E|CS|TAMS 0x0000000084800000, 0x0000000084800000| Complete 
|  73|0x0000000084900000, 0x0000000084a00000, 0x0000000084a00000|100%| E|CS|TAMS 0x0000000084900000, 0x0000000084900000| Complete 
|  74|0x0000000084a00000, 0x0000000084b00000, 0x0000000084b00000|100%| E|CS|TAMS 0x0000000084a00000, 0x0000000084a00000| Complete 
|  75|0x0000000084b00000, 0x0000000084c00000, 0x0000000084c00000|100%| E|CS|TAMS 0x0000000084b00000, 0x0000000084b00000| Complete 
|  76|0x0000000084c00000, 0x0000000084d00000, 0x0000000084d00000|100%| E|CS|TAMS 0x0000000084c00000, 0x0000000084c00000| Complete 
|  77|0x0000000084d00000, 0x0000000084e00000, 0x0000000084e00000|100%| E|CS|TAMS 0x0000000084d00000, 0x0000000084d00000| Complete 
|  78|0x0000000084e00000, 0x0000000084f00000, 0x0000000084f00000|100%| E|CS|TAMS 0x0000000084e00000, 0x0000000084e00000| Complete 
|  79|0x0000000084f00000, 0x0000000085000000, 0x0000000085000000|100%| E|CS|TAMS 0x0000000084f00000, 0x0000000084f00000| Complete 
|  80|0x0000000085000000, 0x0000000085100000, 0x0000000085100000|100%| E|CS|TAMS 0x0000000085000000, 0x0000000085000000| Complete 
|  81|0x0000000085100000, 0x0000000085200000, 0x0000000085200000|100%| E|CS|TAMS 0x0000000085100000, 0x0000000085100000| Complete 
|  82|0x0000000085200000, 0x0000000085300000, 0x0000000085300000|100%| E|CS|TAMS 0x0000000085200000, 0x0000000085200000| Complete 
|  83|0x0000000085300000, 0x0000000085400000, 0x0000000085400000|100%| E|CS|TAMS 0x0000000085300000, 0x0000000085300000| Complete 
|  84|0x0000000085400000, 0x0000000085500000, 0x0000000085500000|100%| E|CS|TAMS 0x0000000085400000, 0x0000000085400000| Complete 
|  85|0x0000000085500000, 0x0000000085600000, 0x0000000085600000|100%| E|CS|TAMS 0x0000000085500000, 0x0000000085500000| Complete 
|  86|0x0000000085600000, 0x0000000085700000, 0x0000000085700000|100%| E|CS|TAMS 0x0000000085600000, 0x0000000085600000| Complete 
|  87|0x0000000085700000, 0x0000000085800000, 0x0000000085800000|100%| E|CS|TAMS 0x0000000085700000, 0x0000000085700000| Complete 
|  88|0x0000000085800000, 0x0000000085900000, 0x0000000085900000|100%| E|CS|TAMS 0x0000000085800000, 0x0000000085800000| Complete 
|  89|0x0000000085900000, 0x0000000085a00000, 0x0000000085a00000|100%| E|CS|TAMS 0x0000000085900000, 0x0000000085900000| Complete 
|  90|0x0000000085a00000, 0x0000000085b00000, 0x0000000085b00000|100%| E|CS|TAMS 0x0000000085a00000, 0x0000000085a00000| Complete 
|  91|0x0000000085b00000, 0x0000000085c00000, 0x0000000085c00000|100%| E|CS|TAMS 0x0000000085b00000, 0x0000000085b00000| Complete 
|  92|0x0000000085c00000, 0x0000000085d00000, 0x0000000085d00000|100%| E|CS|TAMS 0x0000000085c00000, 0x0000000085c00000| Complete 
|  93|0x0000000085d00000, 0x0000000085e00000, 0x0000000085e00000|100%| E|CS|TAMS 0x0000000085d00000, 0x0000000085d00000| Complete 
|  94|0x0000000085e00000, 0x0000000085f00000, 0x0000000085f00000|100%| E|CS|TAMS 0x0000000085e00000, 0x0000000085e00000| Complete 
|  95|0x0000000085f00000, 0x0000000086000000, 0x0000000086000000|100%| E|CS|TAMS 0x0000000085f00000, 0x0000000085f00000| Complete 
|  96|0x0000000086000000, 0x0000000086100000, 0x0000000086100000|100%| E|CS|TAMS 0x0000000086000000, 0x0000000086000000| Complete 
|  97|0x0000000086100000, 0x0000000086200000, 0x0000000086200000|100%| E|CS|TAMS 0x0000000086100000, 0x0000000086100000| Complete 
|  98|0x0000000086200000, 0x0000000086300000, 0x0000000086300000|100%| E|CS|TAMS 0x0000000086200000, 0x0000000086200000| Complete 
|  99|0x0000000086300000, 0x0000000086400000, 0x0000000086400000|100%| E|CS|TAMS 0x0000000086300000, 0x0000000086300000| Complete 
| 100|0x0000000086400000, 0x0000000086500000, 0x0000000086500000|100%| E|CS|TAMS 0x0000000086400000, 0x0000000086400000| Complete 
| 101|0x0000000086500000, 0x0000000086600000, 0x0000000086600000|100%| E|CS|TAMS 0x0000000086500000, 0x0000000086500000| Complete 
| 102|0x0000000086600000, 0x0000000086700000, 0x0000000086700000|100%| E|CS|TAMS 0x0000000086600000, 0x0000000086600000| Complete 
| 103|0x0000000086700000, 0x0000000086800000, 0x0000000086800000|100%| E|CS|TAMS 0x0000000086700000, 0x0000000086700000| Complete 
| 104|0x0000000086800000, 0x0000000086900000, 0x0000000086900000|100%| E|CS|TAMS 0x0000000086800000, 0x0000000086800000| Complete 
| 105|0x0000000086900000, 0x0000000086a00000, 0x0000000086a00000|100%| E|CS|TAMS 0x0000000086900000, 0x0000000086900000| Complete 
| 106|0x0000000086a00000, 0x0000000086b00000, 0x0000000086b00000|100%| E|CS|TAMS 0x0000000086a00000, 0x0000000086a00000| Complete 
| 107|0x0000000086b00000, 0x0000000086c00000, 0x0000000086c00000|100%| E|CS|TAMS 0x0000000086b00000, 0x0000000086b00000| Complete 
| 108|0x0000000086c00000, 0x0000000086c9b7a8, 0x0000000086d00000| 60%| S|CS|TAMS 0x0000000086c00000, 0x0000000086c00000| Complete 
| 109|0x0000000086d00000, 0x0000000086e00000, 0x0000000086e00000|100%| S|CS|TAMS 0x0000000086d00000, 0x0000000086d00000| Complete 
| 110|0x0000000086e00000, 0x0000000086f00000, 0x0000000086f00000|100%| E|CS|TAMS 0x0000000086e00000, 0x0000000086e00000| Complete 
| 111|0x0000000086f00000, 0x0000000087000000, 0x0000000087000000|100%| E|CS|TAMS 0x0000000086f00000, 0x0000000086f00000| Complete 
| 112|0x0000000087000000, 0x0000000087100000, 0x0000000087100000|100%| E|CS|TAMS 0x0000000087000000, 0x0000000087000000| Complete 
| 113|0x0000000087100000, 0x0000000087200000, 0x0000000087200000|100%| E|CS|TAMS 0x0000000087100000, 0x0000000087100000| Complete 
| 114|0x0000000087200000, 0x0000000087300000, 0x0000000087300000|100%| E|  |TAMS 0x0000000087200000, 0x0000000087200000| Complete 
| 115|0x0000000087300000, 0x0000000087400000, 0x0000000087400000|100%| E|CS|TAMS 0x0000000087300000, 0x0000000087300000| Complete 
| 116|0x0000000087400000, 0x0000000087500000, 0x0000000087500000|100%| E|CS|TAMS 0x0000000087400000, 0x0000000087400000| Complete 
| 117|0x0000000087500000, 0x0000000087600000, 0x0000000087600000|100%| E|CS|TAMS 0x0000000087500000, 0x0000000087500000| Complete 
| 118|0x0000000087600000, 0x0000000087700000, 0x0000000087700000|100%| E|CS|TAMS 0x0000000087600000, 0x0000000087600000| Complete 
| 119|0x0000000087700000, 0x0000000087800000, 0x0000000087800000|100%| E|CS|TAMS 0x0000000087700000, 0x0000000087700000| Complete 
| 120|0x0000000087800000, 0x0000000087900000, 0x0000000087900000|100%| E|CS|TAMS 0x0000000087800000, 0x0000000087800000| Complete 
| 121|0x0000000087900000, 0x0000000087a00000, 0x0000000087a00000|100%| E|CS|TAMS 0x0000000087900000, 0x0000000087900000| Complete 
| 122|0x0000000087a00000, 0x0000000087b00000, 0x0000000087b00000|100%| E|CS|TAMS 0x0000000087a00000, 0x0000000087a00000| Complete 
| 123|0x0000000087b00000, 0x0000000087c00000, 0x0000000087c00000|100%| E|CS|TAMS 0x0000000087b00000, 0x0000000087b00000| Complete 
| 124|0x0000000087c00000, 0x0000000087d00000, 0x0000000087d00000|100%| E|CS|TAMS 0x0000000087c00000, 0x0000000087c00000| Complete 
| 125|0x0000000087d00000, 0x0000000087e00000, 0x0000000087e00000|100%| E|CS|TAMS 0x0000000087d00000, 0x0000000087d00000| Complete 
| 126|0x0000000087e00000, 0x0000000087f00000, 0x0000000087f00000|100%| E|CS|TAMS 0x0000000087e00000, 0x0000000087e00000| Complete 
| 127|0x0000000087f00000, 0x0000000088000000, 0x0000000088000000|100%| E|CS|TAMS 0x0000000087f00000, 0x0000000087f00000| Complete 

Card table byte_map: [0x00000215ab2b0000,0x00000215ab6b0000] _byte_map_base: 0x00000215aaeb0000

Marking Bits (Prev, Next): (CMBitMap*) 0x0000021593e3d2e8, (CMBitMap*) 0x0000021593e3d320
 Prev Bits: [0x00000215abab0000, 0x00000215adab0000)
 Next Bits: [0x00000215adab0000, 0x00000215afab0000)

Polling page: 0x0000021591c60000

Metaspace:

Usage:
  Non-class:     17.39 MB capacity,    17.08 MB ( 98%) used,   262.91 KB (  1%) free+waste,    52.06 KB ( <1%) overhead. 
      Class:      2.33 MB capacity,     2.13 MB ( 92%) used,   173.89 KB (  7%) free+waste,    25.69 KB (  1%) overhead. 
       Both:     19.72 MB capacity,    19.22 MB ( 97%) used,   436.80 KB (  2%) free+waste,    77.75 KB ( <1%) overhead. 

Virtual space:
  Non-class space:       18.00 MB reserved,      17.50 MB ( 97%) committed 
      Class space:        1.00 GB reserved,       2.38 MB ( <1%) committed 
             Both:        1.02 GB reserved,      19.88 MB (  2%) committed 

Chunk freelists:
   Non-Class:  5.13 KB
       Class:  1.75 KB
        Both:  6.88 KB

CodeHeap 'non-profiled nmethods': size=120064Kb used=680Kb max_used=680Kb free=119384Kb
 bounds [0x00000215a3d70000, 0x00000215a3fe0000, 0x00000215ab2b0000]
CodeHeap 'profiled nmethods': size=120000Kb used=3576Kb max_used=3576Kb free=116423Kb
 bounds [0x000002159c840000, 0x000002159cbc0000, 0x00000215a3d70000]
CodeHeap 'non-nmethods': size=5696Kb used=1121Kb max_used=1136Kb free=4574Kb
 bounds [0x000002159c2b0000, 0x000002159c520000, 0x000002159c840000]
 total_blobs=2284 nmethods=1863 adapters=332
 compilation: enabled
              stopped_count=0, restarted_count=0
 full_count=0

Compilation events (10 events):
Event: 3.846 Thread 0x00000215b286e800 1852       3       java.lang.invoke.Invokers::checkCustomized (23 bytes)
Event: 3.846 Thread 0x00000215b286e800 nmethod 1852 0x000002159cbb8d10 code [0x000002159cbb8ec0, 0x000002159cbb9088]
Event: 3.847 Thread 0x00000215b286e800 1853       3       java.lang.reflect.Constructor::setConstructorAccessor (21 bytes)
Event: 3.847 Thread 0x00000215b286e800 nmethod 1853 0x000002159cbb9190 code [0x000002159cbb9360, 0x000002159cbb9648]
Event: 3.847 Thread 0x00000215b286e800 1854       1       org.springframework.core.annotation.AnnotationTypeMapping::getDistance (5 bytes)
Event: 3.847 Thread 0x00000215b286e800 nmethod 1854 0x00000215a3e19590 code [0x00000215a3e19720, 0x00000215a3e197d8]
Event: 3.856 Thread 0x00000215b286e800 1855       3       ch.qos.logback.classic.Logger::isTraceEnabled (6 bytes)
Event: 3.856 Thread 0x00000215b286e800 nmethod 1855 0x000002159cbb9790 code [0x000002159cbb9940, 0x000002159cbb9a88]
Event: 3.856 Thread 0x00000215b286e800 1856       1       ch.qos.logback.classic.selector.DefaultContextSelector::getDefaultLoggerContext (5 bytes)
Event: 3.856 Thread 0x00000215b286e800 nmethod 1856 0x00000215a3e19890 code [0x00000215a3e19a20, 0x00000215a3e19ad8]

GC Heap History (8 events):
Event: 0.744 GC heap before
{Heap before GC invocations=0 (full 0):
 garbage-first heap   total 131072K, used 7168K [0x0000000080000000, 0x0000000100000000)
  region size 1024K, 7 young (7168K), 0 survivors (0K)
 Metaspace       used 5491K, capacity 5572K, committed 5632K, reserved 1056768K
  class space    used 479K, capacity 496K, committed 512K, reserved 1048576K
}
Event: 0.756 GC heap after
{Heap after GC invocations=1 (full 0):
 garbage-first heap   total 131072K, used 5036K [0x0000000080000000, 0x0000000100000000)
  region size 1024K, 1 young (1024K), 1 survivors (1024K)
 Metaspace       used 5491K, capacity 5572K, committed 5632K, reserved 1056768K
  class space    used 479K, capacity 496K, committed 512K, reserved 1048576K
}
Event: 1.205 GC heap before
{Heap before GC invocations=1 (full 0):
 garbage-first heap   total 131072K, used 10156K [0x0000000080000000, 0x0000000100000000)
  region size 1024K, 6 young (6144K), 1 survivors (1024K)
 Metaspace       used 8552K, capacity 8711K, committed 8832K, reserved 1056768K
  class space    used 753K, capacity 795K, committed 896K, reserved 1048576K
}
Event: 1.209 GC heap after
{Heap after GC invocations=2 (full 0):
 garbage-first heap   total 131072K, used 6005K [0x0000000080000000, 0x0000000100000000)
  region size 1024K, 1 young (1024K), 1 survivors (1024K)
 Metaspace       used 8552K, capacity 8711K, committed 8832K, reserved 1056768K
  class space    used 753K, capacity 795K, committed 896K, reserved 1048576K
}
Event: 1.930 GC heap before
{Heap before GC invocations=2 (full 0):
 garbage-first heap   total 131072K, used 17269K [0x0000000080000000, 0x0000000100000000)
  region size 1024K, 12 young (12288K), 1 survivors (1024K)
 Metaspace       used 11050K, capacity 11249K, committed 11392K, reserved 1058816K
  class space    used 1060K, capacity 1113K, committed 1152K, reserved 1048576K
}
Event: 1.934 GC heap after
{Heap after GC invocations=3 (full 0):
 garbage-first heap   total 131072K, used 6642K [0x0000000080000000, 0x0000000100000000)
  region size 1024K, 2 young (2048K), 2 survivors (2048K)
 Metaspace       used 11050K, capacity 11249K, committed 11392K, reserved 1058816K
  class space    used 1060K, capacity 1113K, committed 1152K, reserved 1048576K
}
Event: 1.950 GC heap before
{Heap before GC invocations=3 (full 0):
 garbage-first heap   total 131072K, used 22002K [0x0000000080000000, 0x0000000100000000)
  region size 1024K, 18 young (18432K), 2 survivors (2048K)
 Metaspace       used 11050K, capacity 11249K, committed 11392K, reserved 1058816K
  class space    used 1060K, capacity 1113K, committed 1152K, reserved 1048576K
}
Event: 1.954 GC heap after
{Heap after GC invocations=4 (full 0):
 garbage-first heap   total 131072K, used 6691K [0x0000000080000000, 0x0000000100000000)
  region size 1024K, 2 young (2048K), 2 survivors (2048K)
 Metaspace       used 11050K, capacity 11249K, committed 11392K, reserved 1058816K
  class space    used 1060K, capacity 1113K, committed 1152K, reserved 1048576K
}

Deoptimization events (10 events):
Event: 2.802 Thread 0x00000215b358f800 Uncommon trap: reason=bimorphic_or_optimized_type_check action=maybe_recompile pc=0x00000215a3db495c method=java.util.HashMap.putVal(ILjava/lang/Object;Ljava/lang/Object;ZZ)Ljava/lang/Object; @ 91 c2
Event: 2.803 Thread 0x00000215b358f800 Uncommon trap: reason=bimorphic_or_optimized_type_check action=maybe_recompile pc=0x00000215a3db495c method=java.util.HashMap.putVal(ILjava/lang/Object;Ljava/lang/Object;ZZ)Ljava/lang/Object; @ 91 c2
Event: 2.803 Thread 0x00000215b358f800 Uncommon trap: reason=bimorphic_or_optimized_type_check action=maybe_recompile pc=0x00000215a3db495c method=java.util.HashMap.putVal(ILjava/lang/Object;Ljava/lang/Object;ZZ)Ljava/lang/Object; @ 91 c2
Event: 3.019 Thread 0x00000215b358f800 Uncommon trap: reason=bimorphic_or_optimized_type_check action=maybe_recompile pc=0x00000215a3db495c method=java.util.HashMap.putVal(ILjava/lang/Object;Ljava/lang/Object;ZZ)Ljava/lang/Object; @ 91 c2
Event: 3.165 Thread 0x00000215b358f800 Uncommon trap: reason=unstable_if action=reinterpret pc=0x00000215a3ddcdfc method=java.util.concurrent.ConcurrentHashMap.putVal(Ljava/lang/Object;Ljava/lang/Object;Z)Ljava/lang/Object; @ 148 c2
Event: 3.436 Thread 0x00000215b358f800 Uncommon trap: reason=unstable_if action=reinterpret pc=0x00000215a3dfc030 method=java.util.concurrent.ConcurrentHashMap.addCount(JI)V @ 34 c2
Event: 3.545 Thread 0x00000215b376f000 Uncommon trap: reason=unstable_if action=reinterpret pc=0x00000215a3dd97a4 method=sun.net.www.ParseUtil.firstEncodeIndex(Ljava/lang/String;)I @ 51 c2
Event: 3.621 Thread 0x00000215b358f800 Uncommon trap: reason=unstable_if action=reinterpret pc=0x00000215a3db6530 method=java.util.HashMap.hash(Ljava/lang/Object;)I @ 1 c2
Event: 3.657 Thread 0x00000215b358f800 Uncommon trap: reason=unstable_if action=reinterpret pc=0x00000215a3df2a30 method=java.util.HashMap.putVal(ILjava/lang/Object;Ljava/lang/Object;ZZ)Ljava/lang/Object; @ 181 c2
Event: 3.657 Thread 0x00000215b358f800 Uncommon trap: reason=unstable_if action=reinterpret pc=0x00000215a3db17f0 method=java.util.HashMap.getNode(ILjava/lang/Object;)Ljava/util/HashMap$Node; @ 129 c2

Classes redefined (0 events):
No events

Internal exceptions (10 events):
Event: 2.935 Thread 0x00000215b358f800 Exception <a 'java/lang/NoSuchMethodError'{0x00000000855e1660}: java.lang.invoke.DirectMethodHandle$Holder.invokeStatic(Ljava/lang/Object;ILjava/lang/Object;)Ljava/lang/Object;> (0x00000000855e1660) thrown at [./open/src/hotspot/share/interpreter/linkReso
Event: 2.936 Thread 0x00000215b358f800 Exception <a 'java/lang/NoSuchMethodError'{0x00000000855e5b08}: java.lang.invoke.DirectMethodHandle$Holder.invokeSpecialIFC(Ljava/lang/Object;Ljava/lang/Object;Ljava/lang/Object;Ljava/lang/Object;)I> (0x00000000855e5b08) thrown at [./open/src/hotspot/shar
Event: 3.088 Thread 0x00000215b358f800 Exception <a 'java/lang/NoSuchMethodError'{0x000000008539d980}: java.lang.invoke.DelegatingMethodHandle$Holder.delegate(Ljava/lang/Object;Ljava/lang/Object;ILjava/lang/Object;)V> (0x000000008539d980) thrown at [./open/src/hotspot/share/interpreter/linkRes
Event: 3.140 Thread 0x00000215b358f800 Exception <a 'java/lang/NoSuchMethodError'{0x0000000085212910}: java.lang.invoke.DirectMethodHandle$Holder.invokeStaticInit(Ljava/lang/Object;Ljava/lang/Object;)V> (0x0000000085212910) thrown at [./open/src/hotspot/share/interpreter/linkResolver.cpp, line
Event: 3.144 Thread 0x00000215b358f800 Exception <a 'java/lang/NoSuchMethodError'{0x0000000085224df8}: java.lang.invoke.DirectMethodHandle$Holder.invokeStaticInit(Ljava/lang/Object;Ljava/lang/Object;Ljava/lang/Object;)V> (0x0000000085224df8) thrown at [./open/src/hotspot/share/interpreter/link
Event: 3.223 Thread 0x00000215b358f800 Exception <a 'java/lang/NoSuchMethodError'{0x0000000085102a00}: java.lang.invoke.DirectMethodHandle$Holder.invokeVirtual(Ljava/lang/Object;Ljava/lang/Object;Ljava/lang/Object;Ljava/lang/Object;)V> (0x0000000085102a00) thrown at [./open/src/hotspot/share/i
Event: 3.313 Thread 0x00000215b358f800 Exception <a 'java/lang/NoSuchMethodError'{0x0000000084f3c908}: java.lang.invoke.DirectMethodHandle$Holder.invokeSpecial(Ljava/lang/Object;Ljava/lang/Object;Ljava/lang/Object;Ljava/lang/Object;Ljava/lang/Object;)V> (0x0000000084f3c908) thrown at [./open/s
Event: 3.424 Thread 0x00000215b358f800 Exception <a 'java/lang/NoSuchMethodError'{0x0000000084d3b430}: java.lang.invoke.DirectMethodHandle$Holder.invokeSpecialIFC(Ljava/lang/Object;Ljava/lang/Object;I)I> (0x0000000084d3b430) thrown at [./open/src/hotspot/share/interpreter/linkResolver.cpp, lin
Event: 3.617 Thread 0x00000215b358f800 Exception <a 'java/lang/NoSuchMethodError'{0x00000000847ace28}: org.slf4j.impl.StaticMDCBinder.getSingleton()Lorg/slf4j/impl/StaticMDCBinder;> (0x00000000847ace28) thrown at [./open/src/hotspot/share/interpreter/linkResolver.cpp, line 772]
Event: 3.621 Thread 0x00000215b358f800 Implicit null exception at 0x00000215a3db6355 to 0x00000215a3db6520

Events (10 events):
Event: 3.867 loading class org/hibernate/validator/internal/util/logging/Log_$logger_fr
Event: 3.867 loading class org/hibernate/validator/internal/util/logging/Log_$logger_fr done
Event: 3.867 loading class javax/persistence/Persistence
Event: 3.867 loading class javax/persistence/Persistence done
Event: 3.874 Executing VM operation: RevokeBias
Event: 3.874 Executing VM operation: RevokeBias done
Event: 3.874 Executing VM operation: RevokeBias
Event: 3.874 Executing VM operation: RevokeBias done
Event: 3.874 Executing VM operation: RevokeBias
Event: 3.874 Executing VM operation: RevokeBias done


Dynamic libraries:
0x00007ff787150000 - 0x00007ff78715f000 	C:\java\jdk-11.0.11_windows-x64_bin\jdk-11.0.11\bin\javaw.exe
0x00007ffea02d0000 - 0x00007ffea04c5000 	C:\Windows\SYSTEM32\ntdll.dll
0x00007ffe9f8c0000 - 0x00007ffe9f97d000 	C:\Windows\System32\KERNEL32.DLL
0x00007ffe9def0000 - 0x00007ffe9e1b9000 	C:\Windows\System32\KERNELBASE.dll
0x00007ffe9db60000 - 0x00007ffe9dc60000 	C:\Windows\System32\ucrtbase.dll
0x00007ffe87070000 - 0x00007ffe87088000 	C:\java\jdk-11.0.11_windows-x64_bin\jdk-11.0.11\bin\jli.dll
0x00007ffe9f3e0000 - 0x00007ffe9f48c000 	C:\Windows\System32\ADVAPI32.dll
0x00007ffe9e330000 - 0x00007ffe9e3ce000 	C:\Windows\System32\msvcrt.dll
0x00007ffe9f170000 - 0x00007ffe9f20b000 	C:\Windows\System32\sechost.dll
0x00007ffe9efa0000 - 0x00007ffe9f0ca000 	C:\Windows\System32\RPCRT4.dll
0x00007ffea00f0000 - 0x00007ffea0290000 	C:\Windows\System32\USER32.dll
0x00007ffe9e220000 - 0x00007ffe9e242000 	C:\Windows\System32\win32u.dll
0x00007ffe9f140000 - 0x00007ffe9f16a000 	C:\Windows\System32\GDI32.dll
0x00007ffe9dd00000 - 0x00007ffe9de0b000 	C:\Windows\System32\gdi32full.dll
0x00007ffe9dc60000 - 0x00007ffe9dcfd000 	C:\Windows\System32\msvcp_win.dll
0x00007ffe7e740000 - 0x00007ffe7e755000 	C:\java\jdk-11.0.11_windows-x64_bin\jdk-11.0.11\bin\VCRUNTIME140.dll
0x00007ffe89610000 - 0x00007ffe898aa000 	C:\Windows\WinSxS\amd64_microsoft.windows.common-controls_6595b64144ccf1df_6.0.19041.1110_none_60b5254171f9507e\COMCTL32.dll
0x00007ffe954c0000 - 0x00007ffe954ca000 	C:\Windows\SYSTEM32\VERSION.dll
0x00007ffe9f210000 - 0x00007ffe9f240000 	C:\Windows\System32\IMM32.DLL
0x00007ffe7e2b0000 - 0x00007ffe7e34b000 	C:\java\jdk-11.0.11_windows-x64_bin\jdk-11.0.11\bin\msvcp140.dll
0x00007ffe554c0000 - 0x00007ffe55fbe000 	C:\java\jdk-11.0.11_windows-x64_bin\jdk-11.0.11\bin\server\jvm.dll
0x00007ffe9f980000 - 0x00007ffe9f988000 	C:\Windows\System32\PSAPI.DLL
0x00007ffe64f20000 - 0x00007ffe64f29000 	C:\Windows\SYSTEM32\WSOCK32.dll
0x00007ffe9f0d0000 - 0x00007ffe9f13b000 	C:\Windows\System32\WS2_32.dll
0x00007ffe7f6f0000 - 0x00007ffe7f717000 	C:\Windows\SYSTEM32\WINMM.dll
0x00007ffe9b2e0000 - 0x00007ffe9b2f2000 	C:\Windows\SYSTEM32\kernel.appcore.dll
0x00007ffe8ac90000 - 0x00007ffe8aca0000 	C:\java\jdk-11.0.11_windows-x64_bin\jdk-11.0.11\bin\verify.dll
0x00007ffe9d3a0000 - 0x00007ffe9d584000 	C:\Windows\SYSTEM32\DBGHELP.DLL
0x00007ffe9d130000 - 0x00007ffe9d15c000 	C:\Windows\SYSTEM32\dbgcore.DLL
0x00007ffe9e250000 - 0x00007ffe9e2d3000 	C:\Windows\System32\bcryptPrimitives.dll
0x00007ffe7e540000 - 0x00007ffe7e568000 	C:\java\jdk-11.0.11_windows-x64_bin\jdk-11.0.11\bin\java.dll
0x00007ffe87010000 - 0x00007ffe8701a000 	C:\java\jdk-11.0.11_windows-x64_bin\jdk-11.0.11\bin\jimage.dll
0x00007ffe7e520000 - 0x00007ffe7e536000 	C:\java\jdk-11.0.11_windows-x64_bin\jdk-11.0.11\bin\zip.dll
0x00007ffe9e860000 - 0x00007ffe9ef9f000 	C:\Windows\System32\SHELL32.dll
0x00007ffe9b4e0000 - 0x00007ffe9bc70000 	C:\Windows\SYSTEM32\windows.storage.dll
0x00007ffe9e430000 - 0x00007ffe9e785000 	C:\Windows\System32\combase.dll
0x00007ffe9cfb0000 - 0x00007ffe9cfdc000 	C:\Windows\SYSTEM32\Wldp.dll
0x00007ffe9f7b0000 - 0x00007ffe9f85e000 	C:\Windows\System32\SHCORE.dll
0x00007ffe9e3d0000 - 0x00007ffe9e425000 	C:\Windows\System32\shlwapi.dll
0x00007ffe9d940000 - 0x00007ffe9d95f000 	C:\Windows\SYSTEM32\profapi.dll
0x00007ffe7e500000 - 0x00007ffe7e519000 	C:\java\jdk-11.0.11_windows-x64_bin\jdk-11.0.11\bin\net.dll
0x00007ffe97cc0000 - 0x00007ffe97dc8000 	C:\Windows\SYSTEM32\WINHTTP.dll
0x00007ffe9c960000 - 0x00007ffe9c9ca000 	C:\Windows\system32\mswsock.dll
0x00007ffe7e290000 - 0x00007ffe7e2a2000 	C:\java\jdk-11.0.11_windows-x64_bin\jdk-11.0.11\bin\nio.dll
0x00007ffe7e280000 - 0x00007ffe7e289000 	C:\java\jdk-11.0.11_windows-x64_bin\jdk-11.0.11\bin\management.dll
0x00007ffe7e270000 - 0x00007ffe7e27b000 	C:\java\jdk-11.0.11_windows-x64_bin\jdk-11.0.11\bin\management_ext.dll
0x00007ffe86a90000 - 0x00007ffe86aa7000 	C:\Windows\system32\napinsp.dll
0x00007ffe86a70000 - 0x00007ffe86a8b000 	C:\Windows\system32\pnrpnsp.dll
0x00007ffe86a50000 - 0x00007ffe86a65000 	C:\Windows\system32\wshbth.dll
0x00007ffe98d90000 - 0x00007ffe98dad000 	C:\Windows\system32\NLAapi.dll
0x00007ffe9c920000 - 0x00007ffe9c95b000 	C:\Windows\SYSTEM32\IPHLPAPI.DLL
0x00007ffe9c680000 - 0x00007ffe9c74c000 	C:\Windows\SYSTEM32\DNSAPI.dll
0x00007ffe9fb50000 - 0x00007ffe9fb58000 	C:\Windows\System32\NSI.dll
0x00007ffe85d10000 - 0x00007ffe85d22000 	C:\Windows\System32\winrnr.dll
0x00007ffe951a0000 - 0x00007ffe951aa000 	C:\Windows\System32\rasadhlp.dll
0x00007ffe93a00000 - 0x00007ffe93a7f000 	C:\Windows\System32\fwpuclnt.dll
0x00007ffe9dec0000 - 0x00007ffe9dee7000 	C:\Windows\System32\bcrypt.dll

dbghelp: loaded successfully - version: 4.0.5 - missing functions: none
symbol engine: initialized successfully - sym options: 0x614 - pdb path: .;C:\java\jdk-11.0.11_windows-x64_bin\jdk-11.0.11\bin;C:\Windows\SYSTEM32;C:\Windows\WinSxS\amd64_microsoft.windows.common-controls_6595b64144ccf1df_6.0.19041.1110_none_60b5254171f9507e;C:\java\jdk-11.0.11_windows-x64_bin\jdk-11.0.11\bin\server

VM Arguments:
jvm_args: -Dfile.encoding=UTF-8 
java_command: spring.boot.tptRpg.SpringBootTptRpgApplication
java_class_path (initial): C:\Users\ajc\eclipse-workspace\RpgProjet\spring-boot-tptRpg\spring-boot-tptRpg\target\classes;C:\Users\ajc\.m2\repository\org\springframework\boot\spring-boot-starter-data-jpa\2.4.9\spring-boot-starter-data-jpa-2.4.9.jar;C:\Users\ajc\.m2\repository\org\springframework\boot\spring-boot-starter-aop\2.4.9\spring-boot-starter-aop-2.4.9.jar;C:\Users\ajc\.m2\repository\org\springframework\spring-aop\5.3.9\spring-aop-5.3.9.jar;C:\Users\ajc\.m2\repository\org\aspectj\aspectjweaver\1.9.7\aspectjweaver-1.9.7.jar;C:\Users\ajc\.m2\repository\org\springframework\boot\spring-boot-starter-jdbc\2.4.9\spring-boot-starter-jdbc-2.4.9.jar;C:\Users\ajc\.m2\repository\com\zaxxer\HikariCP\3.4.5\HikariCP-3.4.5.jar;C:\Users\ajc\.m2\repository\org\springframework\spring-jdbc\5.3.9\spring-jdbc-5.3.9.jar;C:\Users\ajc\.m2\repository\jakarta\transaction\jakarta.transaction-api\1.3.3\jakarta.transaction-api-1.3.3.jar;C:\Users\ajc\.m2\repository\jakarta\persistence\jakarta.persistence-api\2.2.3\jakarta.persistence-api-2.2.3.jar;C:\Users\ajc\.m2\repository\org\hibernate\hibernate-core\5.4.32.Final\hibernate-core-5.4.32.Final.jar;C:\Users\ajc\.m2\repository\org\jboss\logging\jboss-logging\3.4.2.Final\jboss-logging-3.4.2.Final.jar;C:\Users\ajc\.m2\repository\org\javassist\javassist\3.27.0-GA\javassist-3.27.0-GA.jar;C:\Users\ajc\.m2\repository\net\bytebuddy\byte-buddy\1.10.22\byte-buddy-1.10.22.jar;C:\Users\ajc\.m2\repository\antlr\antlr\2.7.7\antlr-2.7.7.jar;C:\Users\ajc\.m2\repository\org\jboss\jandex\2.2.3.Final\jandex-2.2.3.Final.jar;C:\Users\ajc\.m2\repository\com\fasterxml\classmate\1.5.1\classmate-1.5.1.jar;C:\Users\ajc\.m2\repository\org\dom4j\dom4j\2.1.3\dom4j-2.1.3.jar;C:\Users\ajc\.m2\repository\org\hibernate\common\hibernate-commons-annotations\5.1.2.Final\hibernate-commons-annotations-5.1.2.Final.jar;C:\Users\ajc\.m2\repository\org\glassfish\jaxb\jaxb-runtime\2.3.4\jaxb-runtime-2.3.4.jar;C:\Users\ajc\.m2\repository\org\glassfish\jaxb\txw2\2.3.4\txw2-2.3.4.jar;
Launcher Type: SUN_STANDARD

[Global flags]
     intx CICompilerCount                          = 2                                         {product} {ergonomic}
     uint ConcGCThreads                            = 1                                         {product} {ergonomic}
     uint G1ConcRefinementThreads                  = 2                                         {product} {ergonomic}
   size_t G1HeapRegionSize                         = 1048576                                   {product} {ergonomic}
    uintx GCDrainStackTargetSize                   = 64                                        {product} {ergonomic}
   size_t InitialHeapSize                          = 134217728                                 {product} {ergonomic}
   size_t MarkStackSize                            = 4194304                                   {product} {ergonomic}
   size_t MaxHeapSize                              = 2147483648                                {product} {ergonomic}
   size_t MaxNewSize                               = 1287651328                                {product} {ergonomic}
   size_t MinHeapDeltaBytes                        = 1048576                                   {product} {ergonomic}
    uintx NonNMethodCodeHeapSize                   = 5825164                                {pd product} {ergonomic}
    uintx NonProfiledCodeHeapSize                  = 122916538                              {pd product} {ergonomic}
    uintx ProfiledCodeHeapSize                     = 122916538                              {pd product} {ergonomic}
    uintx ReservedCodeCacheSize                    = 251658240                              {pd product} {ergonomic}
     bool SegmentedCodeCache                       = true                                      {product} {ergonomic}
     bool UseCompressedClassPointers               = true                                 {lp64_product} {ergonomic}
     bool UseCompressedOops                        = true                                 {lp64_product} {ergonomic}
     bool UseG1GC                                  = true                                      {product} {ergonomic}
     bool UseLargePagesIndividualAllocation        = false                                  {pd product} {ergonomic}

Logging:
Log output configuration:
 #0: stdout all=warning uptime,level,tags
 #1: stderr all=off uptime,level,tags

Environment Variables:
JAVA_HOME=C:\java\jdk-11.0.11_windows-x64_bin\jdk-11.0.11
PATH=C:/Users/ajc/.p2/pool/plugins/org.eclipse.justj.openjdk.hotspot.jre.full.win32.x86_64_16.0.1.v20210528-1205/jre/bin/server;C:/Users/ajc/.p2/pool/plugins/org.eclipse.justj.openjdk.hotspot.jre.full.win32.x86_64_16.0.1.v20210528-1205/jre/bin;C:\java\jdk-11.0.11_windows-x64_bin\jdk-11.0.11\bin;C:\java\apache-maven-3.8.1-bin\apache-maven-3.8.1\bin;C:\Windows\system32;C:\Windows;C:\Windows\System32\Wbem;C:\Windows\System32\WindowsPowerShell\v1.0\;C:\Windows\System32\OpenSSH\;C:\Program Files\Git\cmd;C:\Program Files\nodejs\;C:\Users\ajc\AppData\Local\Microsoft\WindowsApps;C:\Users\ajc\AppData\Local\atom\bin;C:\Users\ajc\AppData\Local\gitkraken\bin;C:\Users\ajc\AppData\Roaming\npm;C:\Windows\system32;
USERNAME=ajc
OS=Windows_NT
PROCESSOR_IDENTIFIER=Intel64 Family 6 Model 85 Stepping 7, GenuineIntel



---------------  S Y S T E M  ---------------

OS: Windows 10 , 64 bit Build 19041 (10.0.19041.1151)
Hyper-V virtualization detected

CPU:total 2 (initial active 2) (1 cores per cpu, 2 threads per core) family 6 model 85 stepping 7 microcode 0xffffffff, cmov, cx8, fxsr, mmx, sse, sse2, sse3, ssse3, sse4.1, sse4.2, popcnt, avx, avx2, aes, clmul, erms, rtm, 3dnowpref, lzcnt, ht, tsc, bmi1, bmi2, adx, evex, fma

Memory: 4k page, system-wide physical 8191M (770M free)
TotalPageFile size 10239M (AvailPageFile size 5M)
current process WorkingSet (physical memory assigned to process): 135M, peak: 135M
current process commit charge ("private bytes"): 224M, peak: 224M

vm_info: Java HotSpot(TM) 64-Bit Server VM (11.0.11+9-LTS-194) for windows-amd64 JRE (11.0.11+9-LTS-194), built on Mar 18 2021 18:46:53 by "mach5one" with MS VC++ 15.9 (VS2017)

END.
