#
# There is insufficient memory for the Java Runtime Environment to continue.
# Native memory allocation (malloc) failed to allocate 2219856 bytes for Chunk::new
# Possible reasons:
#   The system is out of physical RAM or swap space
#   The process is running with CompressedOops enabled, and the Java Heap may be blocking the growth of the native heap
# Possible solutions:
#   Reduce memory load on the system
#   Increase physical memory or swap space
#   Check if swap backing store is full
#   Decrease Java heap size (-Xmx/-Xms)
#   Decrease number of Java threads
#   Decrease Java thread stack sizes (-Xss)
#   Set larger code cache with -XX:ReservedCodeCacheSize=
#   JVM is running with Unscaled Compressed Oops mode in which the Java heap is
#     placed in the first 4GB address space. The Java Heap base address is the
#     maximum limit for the native heap growth. Please use -XX:HeapBaseMinAddress
#     to set the Java Heap base and to place the Java Heap above 4GB virtual address.
# This output file may be truncated or incomplete.
#
#  Out of Memory Error (./open/src/hotspot/share/memory/arena.cpp:197), pid=784, tid=6292
#
# JRE version: Java(TM) SE Runtime Environment 18.9 (11.0.11+9) (build 11.0.11+9-LTS-194)
# Java VM: Java HotSpot(TM) 64-Bit Server VM 18.9 (11.0.11+9-LTS-194, mixed mode, tiered, compressed oops, g1 gc, windows-amd64)
# No core dump will be written. Minidumps are not enabled by default on client versions of Windows
#

---------------  S U M M A R Y ------------

Command Line: -Dfile.encoding=UTF-8 spring.boot.tptRpg.SpringBootTptRpgApplication

Host: Intel(R) Xeon(R) Platinum 8272CL CPU @ 2.60GHz, 2 cores, 7G,  Windows 10 , 64 bit Build 19041 (10.0.19041.1151)
Time: Wed Sep  1 09:02:46 2021 Europe de l’Ouest (heure d’été) elapsed time: 5.985926 seconds (0d 0h 0m 5s)

---------------  T H R E A D  ---------------

Current thread (0x000001b9f8535800):  JavaThread "C2 CompilerThread0" daemon [_thread_in_native, id=6292, stack(0x0000001d72c00000,0x0000001d72d00000)]


Current CompileTask:
C2:   5986 3372       4       org.springframework.core.ResolvableType::<init> (39 bytes)

Stack: [0x0000001d72c00000,0x0000001d72d00000]
Native frames: (J=compiled Java code, j=interpreted, Vv=VM code, C=native code)
V  [jvm.dll+0x616f2a]
V  [jvm.dll+0x74de7f]
V  [jvm.dll+0x74f505]
V  [jvm.dll+0x74fb83]
V  [jvm.dll+0x2436d8]
V  [jvm.dll+0xba68c]
V  [jvm.dll+0xbad8c]
V  [jvm.dll+0x3462b7]
V  [jvm.dll+0x3140c3]
V  [jvm.dll+0x31340a]
V  [jvm.dll+0x1fd045]
V  [jvm.dll+0x1fc22f]
V  [jvm.dll+0x17f0bc]
V  [jvm.dll+0x20b68c]
V  [jvm.dll+0x20978b]
V  [jvm.dll+0x7152c9]
V  [jvm.dll+0x70dfc4]
V  [jvm.dll+0x6160f6]
C  [ucrtbase.dll+0x21bb2]
C  [KERNEL32.DLL+0x17034]
C  [ntdll.dll+0x52651]


---------------  P R O C E S S  ---------------

Threads class SMR info:
_java_thread_list=0x000001b9fa5e2850, length=12, elements={
0x000001b9e92c1800, 0x000001b9f8517800, 0x000001b9f8521800, 0x000001b9f8db2800,
0x000001b9f8534800, 0x000001b9f8535800, 0x000001b9f8542800, 0x000001b9f8554800,
0x000001b9f8efb800, 0x000001b9f8f10000, 0x000001b9f9897800, 0x000001b9f9e5b800
}

Java Threads: ( => current thread )
  0x000001b9e92c1800 JavaThread "main" [_thread_blocked, id=8336, stack(0x0000001d72100000,0x0000001d72200000)]
  0x000001b9f8517800 JavaThread "Reference Handler" daemon [_thread_blocked, id=10788, stack(0x0000001d72800000,0x0000001d72900000)]
  0x000001b9f8521800 JavaThread "Finalizer" daemon [_thread_blocked, id=9124, stack(0x0000001d72900000,0x0000001d72a00000)]
  0x000001b9f8db2800 JavaThread "Signal Dispatcher" daemon [_thread_blocked, id=6124, stack(0x0000001d72a00000,0x0000001d72b00000)]
  0x000001b9f8534800 JavaThread "Attach Listener" daemon [_thread_blocked, id=7000, stack(0x0000001d72b00000,0x0000001d72c00000)]
=>0x000001b9f8535800 JavaThread "C2 CompilerThread0" daemon [_thread_in_native, id=6292, stack(0x0000001d72c00000,0x0000001d72d00000)]
  0x000001b9f8542800 JavaThread "C1 CompilerThread0" daemon [_thread_blocked, id=11020, stack(0x0000001d72d00000,0x0000001d72e00000)]
  0x000001b9f8554800 JavaThread "Sweeper thread" daemon [_thread_blocked, id=12228, stack(0x0000001d72e00000,0x0000001d72f00000)]
  0x000001b9f8efb800 JavaThread "Service Thread" daemon [_thread_blocked, id=4860, stack(0x0000001d72f00000,0x0000001d73000000)]
  0x000001b9f8f10000 JavaThread "Common-Cleaner" daemon [_thread_blocked, id=5780, stack(0x0000001d73100000,0x0000001d73200000)]
  0x000001b9f9897800 JavaThread "Thread-0" [_thread_blocked, id=10524, stack(0x0000001d73300000,0x0000001d73400000)]
  0x000001b9f9e5b800 JavaThread "restartedMain" [_thread_in_native, id=472, stack(0x0000001d73400000,0x0000001d73500000)]

Other Threads:
  0x000001b9f8517000 VMThread "VM Thread" [stack: 0x0000001d72700000,0x0000001d72800000] [id=6452]
  0x000001b9f8f02000 WatcherThread [stack: 0x0000001d73000000,0x0000001d73100000] [id=3240]
  0x000001b9e92d5800 GCTaskThread "GC Thread#0" [stack: 0x0000001d72200000,0x0000001d72300000] [id=11544]
  0x000001b9f8efe800 GCTaskThread "GC Thread#1" [stack: 0x0000001d73200000,0x0000001d73300000] [id=4680]
  0x000001b9e9307000 ConcurrentGCThread "G1 Main Marker" [stack: 0x0000001d72300000,0x0000001d72400000] [id=1400]
  0x000001b9e9308800 ConcurrentGCThread "G1 Conc#0" [stack: 0x0000001d72400000,0x0000001d72500000] [id=2720]
  0x000001b9e9394800 ConcurrentGCThread "G1 Refine#0" [stack: 0x0000001d72500000,0x0000001d72600000] [id=11844]
  0x000001b9e9397800 ConcurrentGCThread "G1 Young RemSet Sampling" [stack: 0x0000001d72600000,0x0000001d72700000] [id=7604]

Threads with active compile tasks:
C2 CompilerThread0   6007 3372       4       org.springframework.core.ResolvableType::<init> (39 bytes)

VM state:not at safepoint (normal execution)

VM Mutex/Monitor currently owned by a thread: None

Heap address: 0x0000000080000000, size: 2048 MB, Compressed Oops mode: 32-bit
Narrow klass base: 0x0000000000000000, Narrow klass shift: 3
Compressed class space size: 1073741824 Address: 0x0000000100000000

Heap:
 garbage-first heap   total 198656K, used 30115K [0x0000000080000000, 0x0000000100000000)
  region size 1024K, 26 young (26624K), 9 survivors (9216K)
 Metaspace       used 34791K, capacity 35669K, committed 35712K, reserved 1081344K
  class space    used 4142K, capacity 4472K, committed 4480K, reserved 1048576K
Heap Regions: E=young(eden), S=young(survivor), O=old, HS=humongous(starts), HC=humongous(continues), CS=collection set, F=free, A=archive, TAMS=top-at-mark-start (previous, next)
|   0|0x0000000080000000, 0x0000000080100000, 0x0000000080100000|100%|HS|  |TAMS 0x0000000080100000, 0x0000000080000000| Complete 
|   1|0x0000000080100000, 0x0000000080200000, 0x0000000080200000|100%| O|  |TAMS 0x0000000080200000, 0x0000000080100000| Untracked 
|   2|0x0000000080200000, 0x0000000080300000, 0x0000000080300000|100%| O|  |TAMS 0x0000000080300000, 0x0000000080200000| Untracked 
|   3|0x0000000080300000, 0x0000000080400000, 0x0000000080400000|100%| O|  |TAMS 0x0000000080400000, 0x0000000080300000| Untracked 
|   4|0x0000000080400000, 0x00000000804f0c00, 0x0000000080500000| 94%| O|  |TAMS 0x00000000804f0c00, 0x0000000080400000| Untracked 
|   5|0x0000000080500000, 0x0000000080500000, 0x0000000080600000|  0%| F|  |TAMS 0x0000000080500000, 0x0000000080500000| Untracked 
|   6|0x0000000080600000, 0x0000000080600000, 0x0000000080700000|  0%| F|  |TAMS 0x0000000080600000, 0x0000000080600000| Untracked 
|   7|0x0000000080700000, 0x0000000080700000, 0x0000000080800000|  0%| F|  |TAMS 0x0000000080700000, 0x0000000080700000| Untracked 
|   8|0x0000000080800000, 0x0000000080800000, 0x0000000080900000|  0%| F|  |TAMS 0x0000000080800000, 0x0000000080800000| Untracked 
|   9|0x0000000080900000, 0x0000000080900000, 0x0000000080a00000|  0%| F|  |TAMS 0x0000000080900000, 0x0000000080900000| Untracked 
|  10|0x0000000080a00000, 0x0000000080a00000, 0x0000000080b00000|  0%| F|  |TAMS 0x0000000080a00000, 0x0000000080a00000| Untracked 
|  11|0x0000000080b00000, 0x0000000080b00000, 0x0000000080c00000|  0%| F|  |TAMS 0x0000000080b00000, 0x0000000080b00000| Untracked 
|  12|0x0000000080c00000, 0x0000000080c00000, 0x0000000080d00000|  0%| F|  |TAMS 0x0000000080c00000, 0x0000000080c00000| Untracked 
|  13|0x0000000080d00000, 0x0000000080d00000, 0x0000000080e00000|  0%| F|  |TAMS 0x0000000080d00000, 0x0000000080d00000| Untracked 
|  14|0x0000000080e00000, 0x0000000080e00000, 0x0000000080f00000|  0%| F|  |TAMS 0x0000000080e00000, 0x0000000080e00000| Untracked 
|  15|0x0000000080f00000, 0x0000000080f00000, 0x0000000081000000|  0%| F|  |TAMS 0x0000000080f00000, 0x0000000080f00000| Untracked 
|  16|0x0000000081000000, 0x0000000081000000, 0x0000000081100000|  0%| F|  |TAMS 0x0000000081000000, 0x0000000081000000| Untracked 
|  17|0x0000000081100000, 0x0000000081100000, 0x0000000081200000|  0%| F|  |TAMS 0x0000000081100000, 0x0000000081100000| Untracked 
|  18|0x0000000081200000, 0x0000000081200000, 0x0000000081300000|  0%| F|  |TAMS 0x0000000081200000, 0x0000000081200000| Untracked 
|  19|0x0000000081300000, 0x0000000081300000, 0x0000000081400000|  0%| F|  |TAMS 0x0000000081300000, 0x0000000081300000| Untracked 
|  20|0x0000000081400000, 0x0000000081400000, 0x0000000081500000|  0%| F|  |TAMS 0x0000000081400000, 0x0000000081400000| Untracked 
|  21|0x0000000081500000, 0x0000000081500000, 0x0000000081600000|  0%| F|  |TAMS 0x0000000081500000, 0x0000000081500000| Untracked 
|  22|0x0000000081600000, 0x0000000081600000, 0x0000000081700000|  0%| F|  |TAMS 0x0000000081600000, 0x0000000081600000| Untracked 
|  23|0x0000000081700000, 0x0000000081700000, 0x0000000081800000|  0%| F|  |TAMS 0x0000000081700000, 0x0000000081700000| Untracked 
|  24|0x0000000081800000, 0x0000000081800000, 0x0000000081900000|  0%| F|  |TAMS 0x0000000081800000, 0x0000000081800000| Untracked 
|  25|0x0000000081900000, 0x0000000081900000, 0x0000000081a00000|  0%| F|  |TAMS 0x0000000081900000, 0x0000000081900000| Untracked 
|  26|0x0000000081a00000, 0x0000000081a00000, 0x0000000081b00000|  0%| F|  |TAMS 0x0000000081a00000, 0x0000000081a00000| Untracked 
|  27|0x0000000081b00000, 0x0000000081b00000, 0x0000000081c00000|  0%| F|  |TAMS 0x0000000081b00000, 0x0000000081b00000| Untracked 
|  28|0x0000000081c00000, 0x0000000081c00000, 0x0000000081d00000|  0%| F|  |TAMS 0x0000000081c00000, 0x0000000081c00000| Untracked 
|  29|0x0000000081d00000, 0x0000000081d00000, 0x0000000081e00000|  0%| F|  |TAMS 0x0000000081d00000, 0x0000000081d00000| Untracked 
|  30|0x0000000081e00000, 0x0000000081e00000, 0x0000000081f00000|  0%| F|  |TAMS 0x0000000081e00000, 0x0000000081e00000| Untracked 
|  31|0x0000000081f00000, 0x0000000081f00000, 0x0000000082000000|  0%| F|  |TAMS 0x0000000081f00000, 0x0000000081f00000| Untracked 
|  32|0x0000000082000000, 0x0000000082000000, 0x0000000082100000|  0%| F|  |TAMS 0x0000000082000000, 0x0000000082000000| Untracked 
|  33|0x0000000082100000, 0x0000000082100000, 0x0000000082200000|  0%| F|  |TAMS 0x0000000082100000, 0x0000000082100000| Untracked 
|  34|0x0000000082200000, 0x0000000082200000, 0x0000000082300000|  0%| F|  |TAMS 0x0000000082200000, 0x0000000082200000| Untracked 
|  35|0x0000000082300000, 0x0000000082300000, 0x0000000082400000|  0%| F|  |TAMS 0x0000000082300000, 0x0000000082300000| Untracked 
|  36|0x0000000082400000, 0x0000000082400000, 0x0000000082500000|  0%| F|  |TAMS 0x0000000082400000, 0x0000000082400000| Untracked 
|  37|0x0000000082500000, 0x0000000082500000, 0x0000000082600000|  0%| F|  |TAMS 0x0000000082500000, 0x0000000082500000| Untracked 
|  38|0x0000000082600000, 0x0000000082600000, 0x0000000082700000|  0%| F|  |TAMS 0x0000000082600000, 0x0000000082600000| Untracked 
|  39|0x0000000082700000, 0x0000000082700000, 0x0000000082800000|  0%| F|  |TAMS 0x0000000082700000, 0x0000000082700000| Untracked 
|  40|0x0000000082800000, 0x0000000082800000, 0x0000000082900000|  0%| F|  |TAMS 0x0000000082800000, 0x0000000082800000| Untracked 
|  41|0x0000000082900000, 0x0000000082900000, 0x0000000082a00000|  0%| F|  |TAMS 0x0000000082900000, 0x0000000082900000| Untracked 
|  42|0x0000000082a00000, 0x0000000082a00000, 0x0000000082b00000|  0%| F|  |TAMS 0x0000000082a00000, 0x0000000082a00000| Untracked 
|  43|0x0000000082b00000, 0x0000000082b00000, 0x0000000082c00000|  0%| F|  |TAMS 0x0000000082b00000, 0x0000000082b00000| Untracked 
|  44|0x0000000082c00000, 0x0000000082c00000, 0x0000000082d00000|  0%| F|  |TAMS 0x0000000082c00000, 0x0000000082c00000| Untracked 
|  45|0x0000000082d00000, 0x0000000082d00000, 0x0000000082e00000|  0%| F|  |TAMS 0x0000000082d00000, 0x0000000082d00000| Untracked 
|  46|0x0000000082e00000, 0x0000000082e00000, 0x0000000082f00000|  0%| F|  |TAMS 0x0000000082e00000, 0x0000000082e00000| Untracked 
|  47|0x0000000082f00000, 0x0000000082f00000, 0x0000000083000000|  0%| F|  |TAMS 0x0000000082f00000, 0x0000000082f00000| Untracked 
|  48|0x0000000083000000, 0x0000000083000000, 0x0000000083100000|  0%| F|  |TAMS 0x0000000083000000, 0x0000000083000000| Untracked 
|  49|0x0000000083100000, 0x0000000083100000, 0x0000000083200000|  0%| F|  |TAMS 0x0000000083100000, 0x0000000083100000| Untracked 
|  50|0x0000000083200000, 0x0000000083200000, 0x0000000083300000|  0%| F|  |TAMS 0x0000000083200000, 0x0000000083200000| Untracked 
|  51|0x0000000083300000, 0x0000000083300000, 0x0000000083400000|  0%| F|  |TAMS 0x0000000083300000, 0x0000000083300000| Untracked 
|  52|0x0000000083400000, 0x0000000083400000, 0x0000000083500000|  0%| F|  |TAMS 0x0000000083400000, 0x0000000083400000| Untracked 
|  53|0x0000000083500000, 0x0000000083500000, 0x0000000083600000|  0%| F|  |TAMS 0x0000000083500000, 0x0000000083500000| Untracked 
|  54|0x0000000083600000, 0x0000000083600000, 0x0000000083700000|  0%| F|  |TAMS 0x0000000083600000, 0x0000000083600000| Untracked 
|  55|0x0000000083700000, 0x0000000083700000, 0x0000000083800000|  0%| F|  |TAMS 0x0000000083700000, 0x0000000083700000| Untracked 
|  56|0x0000000083800000, 0x0000000083800000, 0x0000000083900000|  0%| F|  |TAMS 0x0000000083800000, 0x0000000083800000| Untracked 
|  57|0x0000000083900000, 0x0000000083900000, 0x0000000083a00000|  0%| F|  |TAMS 0x0000000083900000, 0x0000000083900000| Untracked 
|  58|0x0000000083a00000, 0x0000000083a00000, 0x0000000083b00000|  0%| F|  |TAMS 0x0000000083a00000, 0x0000000083a00000| Untracked 
|  59|0x0000000083b00000, 0x0000000083b00000, 0x0000000083c00000|  0%| F|  |TAMS 0x0000000083b00000, 0x0000000083b00000| Untracked 
|  60|0x0000000083c00000, 0x0000000083c00000, 0x0000000083d00000|  0%| F|  |TAMS 0x0000000083c00000, 0x0000000083c00000| Untracked 
|  61|0x0000000083d00000, 0x0000000083d00000, 0x0000000083e00000|  0%| F|  |TAMS 0x0000000083d00000, 0x0000000083d00000| Untracked 
|  62|0x0000000083e00000, 0x0000000083e78278, 0x0000000083f00000| 46%| S|CS|TAMS 0x0000000083e00000, 0x0000000083e00000| Complete 
|  63|0x0000000083f00000, 0x0000000084000000, 0x0000000084000000|100%| S|CS|TAMS 0x0000000083f00000, 0x0000000083f00000| Complete 
|  64|0x0000000084000000, 0x0000000084100000, 0x0000000084100000|100%| S|CS|TAMS 0x0000000084000000, 0x0000000084000000| Complete 
|  65|0x0000000084100000, 0x0000000084200000, 0x0000000084200000|100%| S|CS|TAMS 0x0000000084100000, 0x0000000084100000| Complete 
|  66|0x0000000084200000, 0x0000000084300000, 0x0000000084300000|100%| S|CS|TAMS 0x0000000084200000, 0x0000000084200000| Complete 
|  67|0x0000000084300000, 0x0000000084400000, 0x0000000084400000|100%| S|CS|TAMS 0x0000000084300000, 0x0000000084300000| Complete 
|  68|0x0000000084400000, 0x0000000084500000, 0x0000000084500000|100%| S|CS|TAMS 0x0000000084400000, 0x0000000084400000| Complete 
|  69|0x0000000084500000, 0x0000000084600000, 0x0000000084600000|100%| S|CS|TAMS 0x0000000084500000, 0x0000000084500000| Complete 
|  70|0x0000000084600000, 0x0000000084700000, 0x0000000084700000|100%| S|CS|TAMS 0x0000000084600000, 0x0000000084600000| Complete 
|  71|0x0000000084700000, 0x0000000084700000, 0x0000000084800000|  0%| F|  |TAMS 0x0000000084700000, 0x0000000084700000| Untracked 
|  72|0x0000000084800000, 0x0000000084800000, 0x0000000084900000|  0%| F|  |TAMS 0x0000000084800000, 0x0000000084800000| Untracked 
|  73|0x0000000084900000, 0x0000000084900000, 0x0000000084a00000|  0%| F|  |TAMS 0x0000000084900000, 0x0000000084900000| Untracked 
|  74|0x0000000084a00000, 0x0000000084a00000, 0x0000000084b00000|  0%| F|  |TAMS 0x0000000084a00000, 0x0000000084a00000| Untracked 
|  75|0x0000000084b00000, 0x0000000084b00000, 0x0000000084c00000|  0%| F|  |TAMS 0x0000000084b00000, 0x0000000084b00000| Untracked 
|  76|0x0000000084c00000, 0x0000000084c00000, 0x0000000084d00000|  0%| F|  |TAMS 0x0000000084c00000, 0x0000000084c00000| Untracked 
|  77|0x0000000084d00000, 0x0000000084d00000, 0x0000000084e00000|  0%| F|  |TAMS 0x0000000084d00000, 0x0000000084d00000| Untracked 
|  78|0x0000000084e00000, 0x0000000084e00000, 0x0000000084f00000|  0%| F|  |TAMS 0x0000000084e00000, 0x0000000084e00000| Untracked 
|  79|0x0000000084f00000, 0x0000000084f00000, 0x0000000085000000|  0%| F|  |TAMS 0x0000000084f00000, 0x0000000084f00000| Untracked 
|  80|0x0000000085000000, 0x0000000085000000, 0x0000000085100000|  0%| F|  |TAMS 0x0000000085000000, 0x0000000085000000| Untracked 
|  81|0x0000000085100000, 0x0000000085100000, 0x0000000085200000|  0%| F|  |TAMS 0x0000000085100000, 0x0000000085100000| Untracked 
|  82|0x0000000085200000, 0x0000000085200000, 0x0000000085300000|  0%| F|  |TAMS 0x0000000085200000, 0x0000000085200000| Untracked 
|  83|0x0000000085300000, 0x0000000085300000, 0x0000000085400000|  0%| F|  |TAMS 0x0000000085300000, 0x0000000085300000| Untracked 
|  84|0x0000000085400000, 0x0000000085400000, 0x0000000085500000|  0%| F|  |TAMS 0x0000000085400000, 0x0000000085400000| Untracked 
|  85|0x0000000085500000, 0x0000000085500000, 0x0000000085600000|  0%| F|  |TAMS 0x0000000085500000, 0x0000000085500000| Untracked 
|  86|0x0000000085600000, 0x0000000085600000, 0x0000000085700000|  0%| F|  |TAMS 0x0000000085600000, 0x0000000085600000| Untracked 
|  87|0x0000000085700000, 0x0000000085700000, 0x0000000085800000|  0%| F|  |TAMS 0x0000000085700000, 0x0000000085700000| Untracked 
|  88|0x0000000085800000, 0x0000000085800000, 0x0000000085900000|  0%| F|  |TAMS 0x0000000085800000, 0x0000000085800000| Untracked 
|  89|0x0000000085900000, 0x0000000085900000, 0x0000000085a00000|  0%| F|  |TAMS 0x0000000085900000, 0x0000000085900000| Untracked 
|  90|0x0000000085a00000, 0x0000000085a00000, 0x0000000085b00000|  0%| F|  |TAMS 0x0000000085a00000, 0x0000000085a00000| Untracked 
|  91|0x0000000085b00000, 0x0000000085b00000, 0x0000000085c00000|  0%| F|  |TAMS 0x0000000085b00000, 0x0000000085b00000| Untracked 
|  92|0x0000000085c00000, 0x0000000085c00000, 0x0000000085d00000|  0%| F|  |TAMS 0x0000000085c00000, 0x0000000085c00000| Untracked 
|  93|0x0000000085d00000, 0x0000000085d00000, 0x0000000085e00000|  0%| F|  |TAMS 0x0000000085d00000, 0x0000000085d00000| Untracked 
|  94|0x0000000085e00000, 0x0000000085e00000, 0x0000000085f00000|  0%| F|  |TAMS 0x0000000085e00000, 0x0000000085e00000| Untracked 
|  95|0x0000000085f00000, 0x0000000085f00000, 0x0000000086000000|  0%| F|  |TAMS 0x0000000085f00000, 0x0000000085f00000| Untracked 
|  96|0x0000000086000000, 0x0000000086000000, 0x0000000086100000|  0%| F|  |TAMS 0x0000000086000000, 0x0000000086000000| Untracked 
|  97|0x0000000086100000, 0x0000000086100000, 0x0000000086200000|  0%| F|  |TAMS 0x0000000086100000, 0x0000000086100000| Untracked 
|  98|0x0000000086200000, 0x0000000086200000, 0x0000000086300000|  0%| F|  |TAMS 0x0000000086200000, 0x0000000086200000| Untracked 
|  99|0x0000000086300000, 0x0000000086300000, 0x0000000086400000|  0%| F|  |TAMS 0x0000000086300000, 0x0000000086300000| Untracked 
| 100|0x0000000086400000, 0x0000000086400000, 0x0000000086500000|  0%| F|  |TAMS 0x0000000086400000, 0x0000000086400000| Untracked 
| 101|0x0000000086500000, 0x0000000086500000, 0x0000000086600000|  0%| F|  |TAMS 0x0000000086500000, 0x0000000086500000| Untracked 
| 102|0x0000000086600000, 0x0000000086600000, 0x0000000086700000|  0%| F|  |TAMS 0x0000000086600000, 0x0000000086600000| Untracked 
| 103|0x0000000086700000, 0x0000000086700000, 0x0000000086800000|  0%| F|  |TAMS 0x0000000086700000, 0x0000000086700000| Untracked 
| 104|0x0000000086800000, 0x0000000086800000, 0x0000000086900000|  0%| F|  |TAMS 0x0000000086800000, 0x0000000086800000| Untracked 
| 105|0x0000000086900000, 0x0000000086900000, 0x0000000086a00000|  0%| F|  |TAMS 0x0000000086900000, 0x0000000086900000| Untracked 
| 106|0x0000000086a00000, 0x0000000086a00000, 0x0000000086b00000|  0%| F|  |TAMS 0x0000000086a00000, 0x0000000086a00000| Untracked 
| 107|0x0000000086b00000, 0x0000000086b00000, 0x0000000086c00000|  0%| F|  |TAMS 0x0000000086b00000, 0x0000000086b00000| Untracked 
| 108|0x0000000086c00000, 0x0000000086c00000, 0x0000000086d00000|  0%| F|  |TAMS 0x0000000086c00000, 0x0000000086c00000| Untracked 
| 109|0x0000000086d00000, 0x0000000086d00000, 0x0000000086e00000|  0%| F|  |TAMS 0x0000000086d00000, 0x0000000086d00000| Untracked 
| 110|0x0000000086e00000, 0x0000000086e00000, 0x0000000086f00000|  0%| F|  |TAMS 0x0000000086e00000, 0x0000000086e00000| Untracked 
| 111|0x0000000086f00000, 0x0000000086f00000, 0x0000000087000000|  0%| F|  |TAMS 0x0000000086f00000, 0x0000000086f00000| Untracked 
| 112|0x0000000087000000, 0x0000000087000000, 0x0000000087100000|  0%| F|  |TAMS 0x0000000087000000, 0x0000000087000000| Untracked 
| 113|0x0000000087100000, 0x0000000087100000, 0x0000000087200000|  0%| F|  |TAMS 0x0000000087100000, 0x0000000087100000| Untracked 
| 114|0x0000000087200000, 0x0000000087200000, 0x0000000087300000|  0%| F|  |TAMS 0x0000000087200000, 0x0000000087200000| Untracked 
| 115|0x0000000087300000, 0x0000000087300000, 0x0000000087400000|  0%| F|  |TAMS 0x0000000087300000, 0x0000000087300000| Untracked 
| 116|0x0000000087400000, 0x0000000087400000, 0x0000000087500000|  0%| F|  |TAMS 0x0000000087400000, 0x0000000087400000| Untracked 
| 117|0x0000000087500000, 0x0000000087500000, 0x0000000087600000|  0%| F|  |TAMS 0x0000000087500000, 0x0000000087500000| Untracked 
| 118|0x0000000087600000, 0x0000000087600000, 0x0000000087700000|  0%| F|  |TAMS 0x0000000087600000, 0x0000000087600000| Untracked 
| 119|0x0000000087700000, 0x0000000087700000, 0x0000000087800000|  0%| F|  |TAMS 0x0000000087700000, 0x0000000087700000| Untracked 
| 120|0x0000000087800000, 0x0000000087800000, 0x0000000087900000|  0%| F|  |TAMS 0x0000000087800000, 0x0000000087800000| Untracked 
| 121|0x0000000087900000, 0x0000000087900000, 0x0000000087a00000|  0%| F|  |TAMS 0x0000000087900000, 0x0000000087900000| Untracked 
| 122|0x0000000087a00000, 0x0000000087a00000, 0x0000000087b00000|  0%| F|  |TAMS 0x0000000087a00000, 0x0000000087a00000| Untracked 
| 123|0x0000000087b00000, 0x0000000087b00000, 0x0000000087c00000|  0%| F|  |TAMS 0x0000000087b00000, 0x0000000087b00000| Untracked 
| 124|0x0000000087c00000, 0x0000000087c00000, 0x0000000087d00000|  0%| F|  |TAMS 0x0000000087c00000, 0x0000000087c00000| Untracked 
| 125|0x0000000087d00000, 0x0000000087d00000, 0x0000000087e00000|  0%| F|  |TAMS 0x0000000087d00000, 0x0000000087d00000| Untracked 
| 126|0x0000000087e00000, 0x0000000087e00000, 0x0000000087f00000|  0%| F|  |TAMS 0x0000000087e00000, 0x0000000087e00000| Untracked 
| 127|0x0000000087f00000, 0x0000000087f00000, 0x0000000088000000|  0%| F|  |TAMS 0x0000000087f00000, 0x0000000087f00000| Untracked 
| 128|0x0000000088000000, 0x0000000088000000, 0x0000000088100000|  0%| F|  |TAMS 0x0000000088000000, 0x0000000088000000| Untracked 
| 129|0x0000000088100000, 0x0000000088100000, 0x0000000088200000|  0%| F|  |TAMS 0x0000000088100000, 0x0000000088100000| Untracked 
| 130|0x0000000088200000, 0x0000000088200000, 0x0000000088300000|  0%| F|  |TAMS 0x0000000088200000, 0x0000000088200000| Untracked 
| 131|0x0000000088300000, 0x0000000088300000, 0x0000000088400000|  0%| F|  |TAMS 0x0000000088300000, 0x0000000088300000| Untracked 
| 132|0x0000000088400000, 0x0000000088400000, 0x0000000088500000|  0%| F|  |TAMS 0x0000000088400000, 0x0000000088400000| Untracked 
| 133|0x0000000088500000, 0x0000000088500000, 0x0000000088600000|  0%| F|  |TAMS 0x0000000088500000, 0x0000000088500000| Untracked 
| 134|0x0000000088600000, 0x0000000088600000, 0x0000000088700000|  0%| F|  |TAMS 0x0000000088600000, 0x0000000088600000| Untracked 
| 135|0x0000000088700000, 0x0000000088700000, 0x0000000088800000|  0%| F|  |TAMS 0x0000000088700000, 0x0000000088700000| Untracked 
| 136|0x0000000088800000, 0x0000000088800000, 0x0000000088900000|  0%| F|  |TAMS 0x0000000088800000, 0x0000000088800000| Untracked 
| 137|0x0000000088900000, 0x0000000088900000, 0x0000000088a00000|  0%| F|  |TAMS 0x0000000088900000, 0x0000000088900000| Untracked 
| 138|0x0000000088a00000, 0x0000000088a00000, 0x0000000088b00000|  0%| F|  |TAMS 0x0000000088a00000, 0x0000000088a00000| Untracked 
| 139|0x0000000088b00000, 0x0000000088b00000, 0x0000000088c00000|  0%| F|  |TAMS 0x0000000088b00000, 0x0000000088b00000| Untracked 
| 140|0x0000000088c00000, 0x0000000088c00000, 0x0000000088d00000|  0%| F|  |TAMS 0x0000000088c00000, 0x0000000088c00000| Untracked 
| 141|0x0000000088d00000, 0x0000000088d00000, 0x0000000088e00000|  0%| F|  |TAMS 0x0000000088d00000, 0x0000000088d00000| Untracked 
| 142|0x0000000088e00000, 0x0000000088e00000, 0x0000000088f00000|  0%| F|  |TAMS 0x0000000088e00000, 0x0000000088e00000| Untracked 
| 143|0x0000000088f00000, 0x0000000088f00000, 0x0000000089000000|  0%| F|  |TAMS 0x0000000088f00000, 0x0000000088f00000| Untracked 
| 144|0x0000000089000000, 0x0000000089000000, 0x0000000089100000|  0%| F|  |TAMS 0x0000000089000000, 0x0000000089000000| Untracked 
| 145|0x0000000089100000, 0x0000000089100000, 0x0000000089200000|  0%| F|  |TAMS 0x0000000089100000, 0x0000000089100000| Untracked 
| 146|0x0000000089200000, 0x0000000089200000, 0x0000000089300000|  0%| F|  |TAMS 0x0000000089200000, 0x0000000089200000| Untracked 
| 147|0x0000000089300000, 0x0000000089300000, 0x0000000089400000|  0%| F|  |TAMS 0x0000000089300000, 0x0000000089300000| Untracked 
| 148|0x0000000089400000, 0x0000000089400000, 0x0000000089500000|  0%| F|  |TAMS 0x0000000089400000, 0x0000000089400000| Untracked 
| 149|0x0000000089500000, 0x0000000089500000, 0x0000000089600000|  0%| F|  |TAMS 0x0000000089500000, 0x0000000089500000| Untracked 
| 150|0x0000000089600000, 0x0000000089600000, 0x0000000089700000|  0%| F|  |TAMS 0x0000000089600000, 0x0000000089600000| Untracked 
| 151|0x0000000089700000, 0x0000000089700000, 0x0000000089800000|  0%| F|  |TAMS 0x0000000089700000, 0x0000000089700000| Untracked 
| 152|0x0000000089800000, 0x0000000089800000, 0x0000000089900000|  0%| F|  |TAMS 0x0000000089800000, 0x0000000089800000| Untracked 
| 153|0x0000000089900000, 0x0000000089900000, 0x0000000089a00000|  0%| F|  |TAMS 0x0000000089900000, 0x0000000089900000| Untracked 
| 154|0x0000000089a00000, 0x0000000089a00000, 0x0000000089b00000|  0%| F|  |TAMS 0x0000000089a00000, 0x0000000089a00000| Untracked 
| 155|0x0000000089b00000, 0x0000000089b00000, 0x0000000089c00000|  0%| F|  |TAMS 0x0000000089b00000, 0x0000000089b00000| Untracked 
| 156|0x0000000089c00000, 0x0000000089c00000, 0x0000000089d00000|  0%| F|  |TAMS 0x0000000089c00000, 0x0000000089c00000| Untracked 
| 157|0x0000000089d00000, 0x0000000089d00000, 0x0000000089e00000|  0%| F|  |TAMS 0x0000000089d00000, 0x0000000089d00000| Untracked 
| 158|0x0000000089e00000, 0x0000000089e00000, 0x0000000089f00000|  0%| F|  |TAMS 0x0000000089e00000, 0x0000000089e00000| Untracked 
| 159|0x0000000089f00000, 0x0000000089f00000, 0x000000008a000000|  0%| F|  |TAMS 0x0000000089f00000, 0x0000000089f00000| Untracked 
| 160|0x000000008a000000, 0x000000008a000000, 0x000000008a100000|  0%| F|  |TAMS 0x000000008a000000, 0x000000008a000000| Untracked 
| 161|0x000000008a100000, 0x000000008a100000, 0x000000008a200000|  0%| F|  |TAMS 0x000000008a100000, 0x000000008a100000| Untracked 
| 162|0x000000008a200000, 0x000000008a200000, 0x000000008a300000|  0%| F|  |TAMS 0x000000008a200000, 0x000000008a200000| Untracked 
| 163|0x000000008a300000, 0x000000008a300000, 0x000000008a400000|  0%| F|  |TAMS 0x000000008a300000, 0x000000008a300000| Untracked 
| 164|0x000000008a400000, 0x000000008a400000, 0x000000008a500000|  0%| F|  |TAMS 0x000000008a400000, 0x000000008a400000| Untracked 
| 165|0x000000008a500000, 0x000000008a500000, 0x000000008a600000|  0%| F|  |TAMS 0x000000008a500000, 0x000000008a500000| Untracked 
| 166|0x000000008a600000, 0x000000008a600000, 0x000000008a700000|  0%| F|  |TAMS 0x000000008a600000, 0x000000008a600000| Untracked 
| 167|0x000000008a700000, 0x000000008a700000, 0x000000008a800000|  0%| F|  |TAMS 0x000000008a700000, 0x000000008a700000| Untracked 
| 168|0x000000008a800000, 0x000000008a800000, 0x000000008a900000|  0%| F|  |TAMS 0x000000008a800000, 0x000000008a800000| Untracked 
| 169|0x000000008a900000, 0x000000008a900000, 0x000000008aa00000|  0%| F|  |TAMS 0x000000008a900000, 0x000000008a900000| Untracked 
| 170|0x000000008aa00000, 0x000000008aa00000, 0x000000008ab00000|  0%| F|  |TAMS 0x000000008aa00000, 0x000000008aa00000| Untracked 
| 171|0x000000008ab00000, 0x000000008ab00000, 0x000000008ac00000|  0%| F|  |TAMS 0x000000008ab00000, 0x000000008ab00000| Untracked 
| 172|0x000000008ac00000, 0x000000008ac00000, 0x000000008ad00000|  0%| F|  |TAMS 0x000000008ac00000, 0x000000008ac00000| Untracked 
| 173|0x000000008ad00000, 0x000000008ad00000, 0x000000008ae00000|  0%| F|  |TAMS 0x000000008ad00000, 0x000000008ad00000| Untracked 
| 174|0x000000008ae00000, 0x000000008ae00000, 0x000000008af00000|  0%| F|  |TAMS 0x000000008ae00000, 0x000000008ae00000| Untracked 
| 175|0x000000008af00000, 0x000000008af00000, 0x000000008b000000|  0%| F|  |TAMS 0x000000008af00000, 0x000000008af00000| Untracked 
| 176|0x000000008b000000, 0x000000008b000000, 0x000000008b100000|  0%| F|  |TAMS 0x000000008b000000, 0x000000008b000000| Untracked 
| 177|0x000000008b100000, 0x000000008b200000, 0x000000008b200000|100%| E|  |TAMS 0x000000008b100000, 0x000000008b100000| Complete 
| 178|0x000000008b200000, 0x000000008b300000, 0x000000008b300000|100%| E|CS|TAMS 0x000000008b200000, 0x000000008b200000| Complete 
| 179|0x000000008b300000, 0x000000008b400000, 0x000000008b400000|100%| E|CS|TAMS 0x000000008b300000, 0x000000008b300000| Complete 
| 180|0x000000008b400000, 0x000000008b500000, 0x000000008b500000|100%| E|CS|TAMS 0x000000008b400000, 0x000000008b400000| Complete 
| 181|0x000000008b500000, 0x000000008b600000, 0x000000008b600000|100%| E|CS|TAMS 0x000000008b500000, 0x000000008b500000| Complete 
| 182|0x000000008b600000, 0x000000008b700000, 0x000000008b700000|100%| E|CS|TAMS 0x000000008b600000, 0x000000008b600000| Complete 
| 183|0x000000008b700000, 0x000000008b800000, 0x000000008b800000|100%| E|CS|TAMS 0x000000008b700000, 0x000000008b700000| Complete 
| 184|0x000000008b800000, 0x000000008b900000, 0x000000008b900000|100%| E|CS|TAMS 0x000000008b800000, 0x000000008b800000| Complete 
| 185|0x000000008b900000, 0x000000008ba00000, 0x000000008ba00000|100%| E|CS|TAMS 0x000000008b900000, 0x000000008b900000| Complete 
| 186|0x000000008ba00000, 0x000000008bb00000, 0x000000008bb00000|100%| E|CS|TAMS 0x000000008ba00000, 0x000000008ba00000| Complete 
| 187|0x000000008bb00000, 0x000000008bc00000, 0x000000008bc00000|100%| E|CS|TAMS 0x000000008bb00000, 0x000000008bb00000| Complete 
| 188|0x000000008bc00000, 0x000000008bd00000, 0x000000008bd00000|100%| E|CS|TAMS 0x000000008bc00000, 0x000000008bc00000| Complete 
| 189|0x000000008bd00000, 0x000000008be00000, 0x000000008be00000|100%| E|CS|TAMS 0x000000008bd00000, 0x000000008bd00000| Complete 
| 190|0x000000008be00000, 0x000000008bf00000, 0x000000008bf00000|100%| E|CS|TAMS 0x000000008be00000, 0x000000008be00000| Complete 
| 191|0x000000008bf00000, 0x000000008c000000, 0x000000008c000000|100%| E|CS|TAMS 0x000000008bf00000, 0x000000008bf00000| Complete 
| 192|0x000000008c000000, 0x000000008c100000, 0x000000008c100000|100%| E|CS|TAMS 0x000000008c000000, 0x000000008c000000| Complete 
| 193|0x000000008c100000, 0x000000008c200000, 0x000000008c200000|100%| E|CS|TAMS 0x000000008c100000, 0x000000008c100000| Complete 

Card table byte_map: [0x000001b9f1b70000,0x000001b9f1f70000] _byte_map_base: 0x000001b9f1770000

Marking Bits (Prev, Next): (CMBitMap*) 0x000001b9e92fe710, (CMBitMap*) 0x000001b9e92fe6d8
 Prev Bits: [0x000001b9f4370000, 0x000001b9f6370000)
 Next Bits: [0x000001b9f2370000, 0x000001b9f4370000)

Polling page: 0x000001b9e72a0000

Metaspace:

Usage:
  Non-class:     30.47 MB capacity,    29.93 MB ( 98%) used,   440.57 KB (  1%) free+waste,   107.25 KB ( <1%) overhead. 
      Class:      4.37 MB capacity,     4.05 MB ( 93%) used,   278.78 KB (  6%) free+waste,    51.13 KB (  1%) overhead. 
       Both:     34.83 MB capacity,    33.98 MB ( 98%) used,   719.35 KB (  2%) free+waste,   158.38 KB ( <1%) overhead. 

Virtual space:
  Non-class space:       32.00 MB reserved,      30.50 MB ( 95%) committed 
      Class space:        1.00 GB reserved,       4.38 MB ( <1%) committed 
             Both:        1.03 GB reserved,      34.88 MB (  3%) committed 

Chunk freelists:
   Non-Class:  4.38 KB
       Class:  1.00 KB
        Both:  5.38 KB

CodeHeap 'non-profiled nmethods': size=120064Kb used=1451Kb max_used=1451Kb free=118612Kb
 bounds [0x000001b987ac0000, 0x000001b987d30000, 0x000001b98f000000]
CodeHeap 'profiled nmethods': size=120000Kb used=7706Kb max_used=7706Kb free=112294Kb
 bounds [0x000001b980590000, 0x000001b980d20000, 0x000001b987ac0000]
CodeHeap 'non-nmethods': size=5696Kb used=1142Kb max_used=1183Kb free=4553Kb
 bounds [0x000001b980000000, 0x000001b980270000, 0x000001b980590000]
 total_blobs=3879 nmethods=3426 adapters=364
 compilation: enabled
              stopped_count=0, restarted_count=0
 full_count=0

Compilation events (10 events):
Event: 5.974 Thread 0x000001b9f8542800 nmethod 3429 0x000001b980d11f90 code [0x000001b980d12180, 0x000001b980d12758]
Event: 5.974 Thread 0x000001b9f8542800 3430       2       org.springframework.core.MethodParameter::getContainingClass (18 bytes)
Event: 5.974 Thread 0x000001b9f8542800 nmethod 3430 0x000001b980d12910 code [0x000001b980d12ac0, 0x000001b980d12be8]
Event: 5.975 Thread 0x000001b9f8542800 3431       2       java.util.StringJoiner::compactElts (93 bytes)
Event: 5.976 Thread 0x000001b9f8542800 nmethod 3431 0x000001b980d12c90 code [0x000001b980d12ea0, 0x000001b980d134b8]
Event: 5.978 Thread 0x000001b9f8542800 3432       2       org.springframework.core.MethodParameter::<init> (8 bytes)
Event: 5.979 Thread 0x000001b9f8542800 nmethod 3432 0x000001b980d13910 code [0x000001b980d13ae0, 0x000001b980d13e88]
Event: 5.980 Thread 0x000001b9f8542800 3433       2       org.springframework.beans.AbstractNestablePropertyAccessor::getWrappedInstance (22 bytes)
Event: 5.980 Thread 0x000001b9f8542800 nmethod 3433 0x000001b980d14110 code [0x000001b980d142c0, 0x000001b980d14488]
Event: 5.982 Thread 0x000001b9f8542800 3434       2       sun.reflect.generics.reflectiveObjects.WildcardTypeImpl::hashCode (20 bytes)

GC Heap History (10 events):
Event: 1.241 GC heap before
{Heap before GC invocations=4 (full 0):
 garbage-first heap   total 131072K, used 31240K [0x0000000080000000, 0x0000000100000000)
  region size 1024K, 27 young (27648K), 2 survivors (2048K)
 Metaspace       used 11288K, capacity 11496K, committed 11776K, reserved 1060864K
  class space    used 1086K, capacity 1153K, committed 1280K, reserved 1048576K
}
Event: 1.245 GC heap after
{Heap after GC invocations=5 (full 0):
 garbage-first heap   total 158720K, used 6629K [0x0000000080000000, 0x0000000100000000)
  region size 1024K, 2 young (2048K), 2 survivors (2048K)
 Metaspace       used 11288K, capacity 11496K, committed 11776K, reserved 1060864K
  class space    used 1086K, capacity 1153K, committed 1280K, reserved 1048576K
}
Event: 2.331 GC heap before
{Heap before GC invocations=5 (full 0):
 garbage-first heap   total 158720K, used 49637K [0x0000000080000000, 0x0000000100000000)
  region size 1024K, 44 young (45056K), 2 survivors (2048K)
 Metaspace       used 19811K, capacity 20370K, committed 20608K, reserved 1067008K
  class space    used 2206K, capacity 2420K, committed 2432K, reserved 1048576K
}
Event: 2.340 GC heap after
{Heap after GC invocations=6 (full 0):
 garbage-first heap   total 158720K, used 8694K [0x0000000080000000, 0x0000000100000000)
  region size 1024K, 4 young (4096K), 4 survivors (4096K)
 Metaspace       used 19811K, capacity 20370K, committed 20608K, reserved 1067008K
  class space    used 2206K, capacity 2420K, committed 2432K, reserved 1048576K
}
Event: 2.485 GC heap before
{Heap before GC invocations=6 (full 0):
 garbage-first heap   total 158720K, used 14838K [0x0000000080000000, 0x0000000100000000)
  region size 1024K, 11 young (11264K), 4 survivors (4096K)
 Metaspace       used 20701K, capacity 21198K, committed 21248K, reserved 1069056K
  class space    used 2338K, capacity 2525K, committed 2560K, reserved 1048576K
}
Event: 2.494 GC heap after
{Heap after GC invocations=7 (full 0):
 garbage-first heap   total 158720K, used 9001K [0x0000000080000000, 0x0000000100000000)
  region size 1024K, 4 young (4096K), 4 survivors (4096K)
 Metaspace       used 20701K, capacity 21198K, committed 21248K, reserved 1069056K
  class space    used 2338K, capacity 2525K, committed 2560K, reserved 1048576K
}
Event: 3.252 GC heap before
{Heap before GC invocations=8 (full 0):
 garbage-first heap   total 158720K, used 74537K [0x0000000080000000, 0x0000000100000000)
  region size 1024K, 69 young (70656K), 4 survivors (4096K)
 Metaspace       used 25482K, capacity 26111K, committed 26240K, reserved 1073152K
  class space    used 2931K, capacity 3157K, committed 3200K, reserved 1048576K
}
Event: 3.267 GC heap after
{Heap after GC invocations=9 (full 0):
 garbage-first heap   total 158720K, used 10519K [0x0000000080000000, 0x0000000100000000)
  region size 1024K, 6 young (6144K), 6 survivors (6144K)
 Metaspace       used 25482K, capacity 26111K, committed 26240K, reserved 1073152K
  class space    used 2931K, capacity 3157K, committed 3200K, reserved 1048576K
}
Event: 5.084 GC heap before
{Heap before GC invocations=9 (full 0):
 garbage-first heap   total 158720K, used 89367K [0x0000000080000000, 0x0000000100000000)
  region size 1024K, 84 young (86016K), 6 survivors (6144K)
 Metaspace       used 32689K, capacity 33640K, committed 33920K, reserved 1079296K
  class space    used 3850K, capacity 4192K, committed 4224K, reserved 1048576K
}
Event: 5.108 GC heap after
{Heap after GC invocations=10 (full 0):
 garbage-first heap   total 198656K, used 13731K [0x0000000080000000, 0x0000000100000000)
  region size 1024K, 9 young (9216K), 9 survivors (9216K)
 Metaspace       used 32689K, capacity 33640K, committed 33920K, reserved 1079296K
  class space    used 3850K, capacity 4192K, committed 4224K, reserved 1048576K
}

Deoptimization events (10 events):
Event: 4.566 Thread 0x000001b9f9e5b800 Uncommon trap: reason=unstable_if action=reinterpret pc=0x000001b987be6980 method=org.springframework.beans.factory.support.AbstractBeanFactory.getMergedLocalBeanDefinition(Ljava/lang/String;)Lorg/springframework/beans/factory/support/RootBeanDefinition; 
Event: 4.566 Thread 0x000001b9f9e5b800 Uncommon trap: reason=unstable_if action=reinterpret pc=0x000001b987bef310 method=org.springframework.beans.factory.support.DefaultSingletonBeanRegistry.getSingleton(Ljava/lang/String;Z)Ljava/lang/Object; @ 20 c2
Event: 4.635 Thread 0x000001b9f9e5b800 Uncommon trap: reason=class_check action=maybe_recompile pc=0x000001b987bc9c50 method=org.springframework.util.ConcurrentReferenceHashMap$Segment.findInChain(Lorg/springframework/util/ConcurrentReferenceHashMap$Reference;Ljava/lang/Object;I)Lorg/springfra
Event: 4.655 Thread 0x000001b9f9e5b800 Uncommon trap: reason=class_check action=maybe_recompile pc=0x000001b987bc9c50 method=org.springframework.util.ConcurrentReferenceHashMap$Segment.findInChain(Lorg/springframework/util/ConcurrentReferenceHashMap$Reference;Ljava/lang/Object;I)Lorg/springfra
Event: 4.664 Thread 0x000001b9f9e5b800 Uncommon trap: reason=class_check action=maybe_recompile pc=0x000001b987bc9c50 method=org.springframework.util.ConcurrentReferenceHashMap$Segment.findInChain(Lorg/springframework/util/ConcurrentReferenceHashMap$Reference;Ljava/lang/Object;I)Lorg/springfra
Event: 4.668 Thread 0x000001b9f9e5b800 Uncommon trap: reason=class_check action=maybe_recompile pc=0x000001b987bc9c50 method=org.springframework.util.ConcurrentReferenceHashMap$Segment.findInChain(Lorg/springframework/util/ConcurrentReferenceHashMap$Reference;Ljava/lang/Object;I)Lorg/springfra
Event: 4.677 Thread 0x000001b9f9e5b800 Uncommon trap: reason=class_check action=maybe_recompile pc=0x000001b987bcda78 method=org.springframework.util.ConcurrentReferenceHashMap$Segment.findInChain(Lorg/springframework/util/ConcurrentReferenceHashMap$Reference;Ljava/lang/Object;I)Lorg/springfra
Event: 4.861 Thread 0x000001b9f9e5b800 Uncommon trap: reason=unstable_if action=reinterpret pc=0x000001b987bf0c54 method=org.springframework.beans.factory.support.RootBeanDefinition.getTargetType()Ljava/lang/Class; @ 18 c2
Event: 4.861 Thread 0x000001b9f9e5b800 Uncommon trap: reason=unstable_if action=reinterpret pc=0x000001b987bf5650 method=org.springframework.beans.factory.support.RootBeanDefinition.getTargetType()Ljava/lang/Class; @ 18 c2
Event: 5.853 Thread 0x000001b9f9e5b800 Uncommon trap: reason=class_check action=maybe_recompile pc=0x000001b987c1db1c method=org.springframework.beans.factory.support.AbstractBeanFactory.getBeanPostProcessorCache()Lorg/springframework/beans/factory/support/AbstractBeanFactory$BeanPostProcessor

Classes redefined (0 events):
No events

Internal exceptions (10 events):
Event: 5.829 Thread 0x000001b9f9e5b800 Exception <a 'java/lang/ClassNotFoundException'{0x000000008b4403b8}: org/springframework/beans/factory/AwareCustomizer> (0x000000008b4403b8) thrown at [./open/src/hotspot/share/classfile/systemDictionary.cpp, line 228]
Event: 5.829 Thread 0x000001b9f9e5b800 Exception <a 'java/lang/ClassNotFoundException'{0x000000008b44b810}: org/springframework/core/OrderedCustomizer> (0x000000008b44b810) thrown at [./open/src/hotspot/share/classfile/systemDictionary.cpp, line 228]
Event: 5.830 Thread 0x000001b9f9e5b800 Exception <a 'java/lang/ClassNotFoundException'{0x000000008b459cc0}: org/springframework/beans/factory/BeanClassLoaderAwareCustomizer> (0x000000008b459cc0) thrown at [./open/src/hotspot/share/classfile/systemDictionary.cpp, line 228]
Event: 5.831 Thread 0x000001b9f9e5b800 Exception <a 'java/lang/ClassNotFoundException'{0x000000008b466928}: org/springframework/beans/factory/AwareCustomizer> (0x000000008b466928) thrown at [./open/src/hotspot/share/classfile/systemDictionary.cpp, line 228]
Event: 5.831 Thread 0x000001b9f9e5b800 Exception <a 'java/lang/ClassNotFoundException'{0x000000008b4742e0}: org/springframework/aop/framework/AopInfrastructureBeanCustomizer> (0x000000008b4742e0) thrown at [./open/src/hotspot/share/classfile/systemDictionary.cpp, line 228]
Event: 5.969 Thread 0x000001b9f9e5b800 Exception <a 'java/lang/ClassNotFoundException'{0x000000008b16b6c0}: java/lang/ObjectCustomizer> (0x000000008b16b6c0) thrown at [./open/src/hotspot/share/classfile/systemDictionary.cpp, line 228]
Event: 5.971 Thread 0x000001b9f9e5b800 Exception <a 'java/lang/ClassNotFoundException'{0x000000008b1804a8}: org/springframework/transaction/annotation/AbstractTransactionManagementConfigurationCustomizer> (0x000000008b1804a8) thrown at [./open/src/hotspot/share/classfile/systemDictionary.cpp, 
Event: 5.972 Thread 0x000001b9f9e5b800 Exception <a 'java/lang/ClassNotFoundException'{0x000000008b194638}: org/springframework/transaction/annotation/ProxyTransactionManagementConfigurationCustomizer> (0x000000008b194638) thrown at [./open/src/hotspot/share/classfile/systemDictionary.cpp, lin
Event: 5.975 Thread 0x000001b9f9e5b800 Exception <a 'java/lang/ClassNotFoundException'{0x000000008b1a6428}: org/springframework/context/annotation/ImportAwareCustomizer> (0x000000008b1a6428) thrown at [./open/src/hotspot/share/classfile/systemDictionary.cpp, line 228]
Event: 5.977 Thread 0x000001b9f9e5b800 Exception <a 'java/lang/ClassNotFoundException'{0x000000008b1b3cb8}: org/springframework/beans/factory/AwareCustomizer> (0x000000008b1b3cb8) thrown at [./open/src/hotspot/share/classfile/systemDictionary.cpp, line 228]

Events (10 events):
Event: 5.976 loading class org/springframework/beans/factory/AwareCustomizer
Event: 5.976 loading class org/springframework/beans/factory/AwareCustomizer done
Event: 5.976 loading class org/springframework/beans/factory/AwareCustomizer
Event: 5.976 loading class org/springframework/beans/factory/AwareCustomizer done
Event: 5.977 loading class org/springframework/beans/factory/AwareCustomizer
Event: 5.977 loading class org/springframework/beans/factory/AwareCustomizer done
Event: 5.977 loading class org/springframework/beans/factory/annotation/AutowiredAnnotationBeanPostProcessor$AutowiredMethodElement
Event: 5.977 loading class org/springframework/beans/factory/annotation/AutowiredAnnotationBeanPostProcessor$AutowiredMethodElement done
Event: 5.979 loading class org/springframework/transaction/annotation/TransactionManagementConfigurer
Event: 5.979 loading class org/springframework/transaction/annotation/TransactionManagementConfigurer done


Dynamic libraries:
0x00007ff787150000 - 0x00007ff78715f000 	C:\java\jdk-11.0.11_windows-x64_bin\jdk-11.0.11\bin\javaw.exe
0x00007ffea02d0000 - 0x00007ffea04c5000 	C:\Windows\SYSTEM32\ntdll.dll
0x00007ffe9f8c0000 - 0x00007ffe9f97d000 	C:\Windows\System32\KERNEL32.DLL
0x00007ffe9def0000 - 0x00007ffe9e1b9000 	C:\Windows\System32\KERNELBASE.dll
0x00007ffe9db60000 - 0x00007ffe9dc60000 	C:\Windows\System32\ucrtbase.dll
0x00007ffe7e120000 - 0x00007ffe7e138000 	C:\java\jdk-11.0.11_windows-x64_bin\jdk-11.0.11\bin\jli.dll
0x00007ffe9f3e0000 - 0x00007ffe9f48c000 	C:\Windows\System32\ADVAPI32.dll
0x00007ffe9e330000 - 0x00007ffe9e3ce000 	C:\Windows\System32\msvcrt.dll
0x00007ffe9f170000 - 0x00007ffe9f20b000 	C:\Windows\System32\sechost.dll
0x00007ffe9efa0000 - 0x00007ffe9f0ca000 	C:\Windows\System32\RPCRT4.dll
0x00007ffea00f0000 - 0x00007ffea0290000 	C:\Windows\System32\USER32.dll
0x00007ffe9e220000 - 0x00007ffe9e242000 	C:\Windows\System32\win32u.dll
0x00007ffe9f140000 - 0x00007ffe9f16a000 	C:\Windows\System32\GDI32.dll
0x00007ffe9dd00000 - 0x00007ffe9de0b000 	C:\Windows\System32\gdi32full.dll
0x00007ffe9dc60000 - 0x00007ffe9dcfd000 	C:\Windows\System32\msvcp_win.dll
0x00007ffe89610000 - 0x00007ffe898aa000 	C:\Windows\WinSxS\amd64_microsoft.windows.common-controls_6595b64144ccf1df_6.0.19041.1110_none_60b5254171f9507e\COMCTL32.dll
0x00007ffe954c0000 - 0x00007ffe954ca000 	C:\Windows\SYSTEM32\VERSION.dll
0x00007ffe7dd20000 - 0x00007ffe7dd35000 	C:\java\jdk-11.0.11_windows-x64_bin\jdk-11.0.11\bin\VCRUNTIME140.dll
0x00007ffe9f210000 - 0x00007ffe9f240000 	C:\Windows\System32\IMM32.DLL
0x00007ffe720b0000 - 0x00007ffe7214b000 	C:\java\jdk-11.0.11_windows-x64_bin\jdk-11.0.11\bin\msvcp140.dll
0x00007ffe6f1d0000 - 0x00007ffe6fcce000 	C:\java\jdk-11.0.11_windows-x64_bin\jdk-11.0.11\bin\server\jvm.dll
0x00007ffe9f980000 - 0x00007ffe9f988000 	C:\Windows\System32\PSAPI.DLL
0x00007ffe97af0000 - 0x00007ffe97af9000 	C:\Windows\SYSTEM32\WSOCK32.dll
0x00007ffe9f0d0000 - 0x00007ffe9f13b000 	C:\Windows\System32\WS2_32.dll
0x00007ffe7f6f0000 - 0x00007ffe7f717000 	C:\Windows\SYSTEM32\WINMM.dll
0x00007ffe9b2e0000 - 0x00007ffe9b2f2000 	C:\Windows\SYSTEM32\kernel.appcore.dll
0x00007ffe88500000 - 0x00007ffe88510000 	C:\java\jdk-11.0.11_windows-x64_bin\jdk-11.0.11\bin\verify.dll
0x00007ffe9d3a0000 - 0x00007ffe9d584000 	C:\Windows\SYSTEM32\DBGHELP.DLL
0x00007ffe9d130000 - 0x00007ffe9d15c000 	C:\Windows\SYSTEM32\dbgcore.DLL
0x00007ffe9e250000 - 0x00007ffe9e2d3000 	C:\Windows\System32\bcryptPrimitives.dll
0x00007ffe794b0000 - 0x00007ffe794d8000 	C:\java\jdk-11.0.11_windows-x64_bin\jdk-11.0.11\bin\java.dll
0x00007ffe880d0000 - 0x00007ffe880da000 	C:\java\jdk-11.0.11_windows-x64_bin\jdk-11.0.11\bin\jimage.dll
0x00007ffe7c670000 - 0x00007ffe7c686000 	C:\java\jdk-11.0.11_windows-x64_bin\jdk-11.0.11\bin\zip.dll
0x00007ffe9e860000 - 0x00007ffe9ef9f000 	C:\Windows\System32\SHELL32.dll
0x00007ffe9b4e0000 - 0x00007ffe9bc70000 	C:\Windows\SYSTEM32\windows.storage.dll
0x00007ffe9e430000 - 0x00007ffe9e785000 	C:\Windows\System32\combase.dll
0x00007ffe9cfb0000 - 0x00007ffe9cfdc000 	C:\Windows\SYSTEM32\Wldp.dll
0x00007ffe9f7b0000 - 0x00007ffe9f85e000 	C:\Windows\System32\SHCORE.dll
0x00007ffe9e3d0000 - 0x00007ffe9e425000 	C:\Windows\System32\shlwapi.dll
0x00007ffe9d940000 - 0x00007ffe9d95f000 	C:\Windows\SYSTEM32\profapi.dll
0x00007ffe77e90000 - 0x00007ffe77ea9000 	C:\java\jdk-11.0.11_windows-x64_bin\jdk-11.0.11\bin\net.dll
0x00007ffe97cc0000 - 0x00007ffe97dc8000 	C:\Windows\SYSTEM32\WINHTTP.dll
0x00007ffe9c960000 - 0x00007ffe9c9ca000 	C:\Windows\system32\mswsock.dll
0x00007ffe77820000 - 0x00007ffe77832000 	C:\java\jdk-11.0.11_windows-x64_bin\jdk-11.0.11\bin\nio.dll
0x00007ffe87080000 - 0x00007ffe87089000 	C:\java\jdk-11.0.11_windows-x64_bin\jdk-11.0.11\bin\management.dll
0x00007ffe86da0000 - 0x00007ffe86dab000 	C:\java\jdk-11.0.11_windows-x64_bin\jdk-11.0.11\bin\management_ext.dll
0x00007ffe86a90000 - 0x00007ffe86aa7000 	C:\Windows\system32\napinsp.dll
0x00007ffe86a70000 - 0x00007ffe86a8b000 	C:\Windows\system32\pnrpnsp.dll
0x00007ffe86a50000 - 0x00007ffe86a65000 	C:\Windows\system32\wshbth.dll
0x00007ffe98d90000 - 0x00007ffe98dad000 	C:\Windows\system32\NLAapi.dll
0x00007ffe9c920000 - 0x00007ffe9c95b000 	C:\Windows\SYSTEM32\IPHLPAPI.DLL
0x00007ffe9c680000 - 0x00007ffe9c74c000 	C:\Windows\SYSTEM32\DNSAPI.dll
0x00007ffe9fb50000 - 0x00007ffe9fb58000 	C:\Windows\System32\NSI.dll
0x00007ffe85d10000 - 0x00007ffe85d22000 	C:\Windows\System32\winrnr.dll
0x00007ffe951a0000 - 0x00007ffe951aa000 	C:\Windows\System32\rasadhlp.dll
0x00007ffe93a00000 - 0x00007ffe93a7f000 	C:\Windows\System32\fwpuclnt.dll
0x00007ffe9dec0000 - 0x00007ffe9dee7000 	C:\Windows\System32\bcrypt.dll

dbghelp: loaded successfully - version: 4.0.5 - missing functions: none
symbol engine: initialized successfully - sym options: 0x614 - pdb path: .;C:\java\jdk-11.0.11_windows-x64_bin\jdk-11.0.11\bin;C:\Windows\SYSTEM32;C:\Windows\WinSxS\amd64_microsoft.windows.common-controls_6595b64144ccf1df_6.0.19041.1110_none_60b5254171f9507e;C:\java\jdk-11.0.11_windows-x64_bin\jdk-11.0.11\bin\server

VM Arguments:
jvm_args: -Dfile.encoding=UTF-8 
java_command: spring.boot.tptRpg.SpringBootTptRpgApplication
java_class_path (initial): C:\Users\ajc\eclipse-workspace\RpgProjet\spring-boot-tptRpg\spring-boot-tptRpg\target\classes;C:\Users\ajc\.m2\repository\org\springframework\boot\spring-boot-starter-data-jpa\2.4.9\spring-boot-starter-data-jpa-2.4.9.jar;C:\Users\ajc\.m2\repository\org\springframework\boot\spring-boot-starter-aop\2.4.9\spring-boot-starter-aop-2.4.9.jar;C:\Users\ajc\.m2\repository\org\springframework\spring-aop\5.3.9\spring-aop-5.3.9.jar;C:\Users\ajc\.m2\repository\org\aspectj\aspectjweaver\1.9.7\aspectjweaver-1.9.7.jar;C:\Users\ajc\.m2\repository\org\springframework\boot\spring-boot-starter-jdbc\2.4.9\spring-boot-starter-jdbc-2.4.9.jar;C:\Users\ajc\.m2\repository\com\zaxxer\HikariCP\3.4.5\HikariCP-3.4.5.jar;C:\Users\ajc\.m2\repository\org\springframework\spring-jdbc\5.3.9\spring-jdbc-5.3.9.jar;C:\Users\ajc\.m2\repository\jakarta\transaction\jakarta.transaction-api\1.3.3\jakarta.transaction-api-1.3.3.jar;C:\Users\ajc\.m2\repository\jakarta\persistence\jakarta.persistence-api\2.2.3\jakarta.persistence-api-2.2.3.jar;C:\Users\ajc\.m2\repository\org\hibernate\hibernate-core\5.4.32.Final\hibernate-core-5.4.32.Final.jar;C:\Users\ajc\.m2\repository\org\jboss\logging\jboss-logging\3.4.2.Final\jboss-logging-3.4.2.Final.jar;C:\Users\ajc\.m2\repository\org\javassist\javassist\3.27.0-GA\javassist-3.27.0-GA.jar;C:\Users\ajc\.m2\repository\net\bytebuddy\byte-buddy\1.10.22\byte-buddy-1.10.22.jar;C:\Users\ajc\.m2\repository\antlr\antlr\2.7.7\antlr-2.7.7.jar;C:\Users\ajc\.m2\repository\org\jboss\jandex\2.2.3.Final\jandex-2.2.3.Final.jar;C:\Users\ajc\.m2\repository\com\fasterxml\classmate\1.5.1\classmate-1.5.1.jar;C:\Users\ajc\.m2\repository\org\dom4j\dom4j\2.1.3\dom4j-2.1.3.jar;C:\Users\ajc\.m2\repository\org\hibernate\common\hibernate-commons-annotations\5.1.2.Final\hibernate-commons-annotations-5.1.2.Final.jar;C:\Users\ajc\.m2\repository\org\glassfish\jaxb\jaxb-runtime\2.3.4\jaxb-runtime-2.3.4.jar;C:\Users\ajc\.m2\repository\org\glassfish\jaxb\txw2\2.3.4\txw2-2.3.4.jar;
Launcher Type: SUN_STANDARD

[Global flags]
     intx CICompilerCount                          = 2                                         {product} {ergonomic}
     uint ConcGCThreads                            = 1                                         {product} {ergonomic}
     uint G1ConcRefinementThreads                  = 2                                         {product} {ergonomic}
   size_t G1HeapRegionSize                         = 1048576                                   {product} {ergonomic}
    uintx GCDrainStackTargetSize                   = 64                                        {product} {ergonomic}
   size_t InitialHeapSize                          = 134217728                                 {product} {ergonomic}
   size_t MarkStackSize                            = 4194304                                   {product} {ergonomic}
   size_t MaxHeapSize                              = 2147483648                                {product} {ergonomic}
   size_t MaxNewSize                               = 1287651328                                {product} {ergonomic}
   size_t MinHeapDeltaBytes                        = 1048576                                   {product} {ergonomic}
    uintx NonNMethodCodeHeapSize                   = 5825164                                {pd product} {ergonomic}
    uintx NonProfiledCodeHeapSize                  = 122916538                              {pd product} {ergonomic}
    uintx ProfiledCodeHeapSize                     = 122916538                              {pd product} {ergonomic}
    uintx ReservedCodeCacheSize                    = 251658240                              {pd product} {ergonomic}
     bool SegmentedCodeCache                       = true                                      {product} {ergonomic}
     bool UseCompressedClassPointers               = true                                 {lp64_product} {ergonomic}
     bool UseCompressedOops                        = true                                 {lp64_product} {ergonomic}
     bool UseG1GC                                  = true                                      {product} {ergonomic}
     bool UseLargePagesIndividualAllocation        = false                                  {pd product} {ergonomic}

Logging:
Log output configuration:
 #0: stdout all=warning uptime,level,tags
 #1: stderr all=off uptime,level,tags

Environment Variables:
JAVA_HOME=C:\java\jdk-11.0.11_windows-x64_bin\jdk-11.0.11
PATH=C:/Users/ajc/.p2/pool/plugins/org.eclipse.justj.openjdk.hotspot.jre.full.win32.x86_64_16.0.1.v20210528-1205/jre/bin/server;C:/Users/ajc/.p2/pool/plugins/org.eclipse.justj.openjdk.hotspot.jre.full.win32.x86_64_16.0.1.v20210528-1205/jre/bin;C:\java\jdk-11.0.11_windows-x64_bin\jdk-11.0.11\bin;C:\java\apache-maven-3.8.1-bin\apache-maven-3.8.1\bin;C:\Windows\system32;C:\Windows;C:\Windows\System32\Wbem;C:\Windows\System32\WindowsPowerShell\v1.0\;C:\Windows\System32\OpenSSH\;C:\Program Files\Git\cmd;C:\Program Files\nodejs\;C:\Users\ajc\AppData\Local\Microsoft\WindowsApps;C:\Users\ajc\AppData\Local\atom\bin;C:\Users\ajc\AppData\Local\gitkraken\bin;C:\Users\ajc\AppData\Roaming\npm;C:\Windows\system32;
USERNAME=ajc
OS=Windows_NT
PROCESSOR_IDENTIFIER=Intel64 Family 6 Model 85 Stepping 7, GenuineIntel



---------------  S Y S T E M  ---------------

OS: Windows 10 , 64 bit Build 19041 (10.0.19041.1151)
Hyper-V virtualization detected

CPU:total 2 (initial active 2) (1 cores per cpu, 2 threads per core) family 6 model 85 stepping 7 microcode 0xffffffff, cmov, cx8, fxsr, mmx, sse, sse2, sse3, ssse3, sse4.1, sse4.2, popcnt, avx, avx2, aes, clmul, erms, rtm, 3dnowpref, lzcnt, ht, tsc, bmi1, bmi2, adx, evex, fma

Memory: 4k page, system-wide physical 8191M (380M free)
TotalPageFile size 10239M (AvailPageFile size 11M)
current process WorkingSet (physical memory assigned to process): 235M, peak: 235M
current process commit charge ("private bytes"): 348M, peak: 351M

vm_info: Java HotSpot(TM) 64-Bit Server VM (11.0.11+9-LTS-194) for windows-amd64 JRE (11.0.11+9-LTS-194), built on Mar 18 2021 18:46:53 by "mach5one" with MS VC++ 15.9 (VS2017)

END.
